\BOOKMARK [1][]{section.1}{\376\377\0001\000\040\000I\000n\000t\000r\000o\000d\000u\000c\000t\000i\000o\000n}{}% 1
\BOOKMARK [1][]{section.2}{\376\377\0002\000\040\000M\000u\000s\000i\000k\000a\000l\000i\000s\000c\000h\000e\000s\000\040\000W\000\374\000r\000f\000e\000l\000s\000p\000i\000e\000l\000\040\000K\000.\000\040\0005\0001\0006\000f}{}% 2
\BOOKMARK [2][]{subsection.2.1}{\376\377\0002\000.\0001\000\040\000R\000u\000l\000e\000s}{section.2}% 3
\BOOKMARK [2][]{subsection.2.2}{\376\377\0002\000.\0002\000\040\000T\000a\000b\000l\000e\000\040\000f\000o\000r\000\040\000f\000i\000n\000d\000i\000n\000g\000\040\000M\000e\000a\000s\000u\000r\000e\000\040\000N\000u\000m\000b\000e\000r\000\040\000f\000r\000o\000m\000\040\000T\000a\000b\000l\000e\000\040\000o\000f\000\040\000M\000e\000a\000s\000u\000r\000e\000s}{section.2}% 4
\BOOKMARK [2][]{subsection.2.3}{\376\377\0002\000.\0003\000\040\000T\000a\000b\000l\000e\000\040\000o\000f\000\040\000M\000e\000a\000s\000u\000r\000e\000s}{section.2}% 5
\BOOKMARK [2][]{subsection.2.3}{\376\377\000\040\000\040\000K\0005\0001\0006\000f\000\040\000p\000a\000g\000e\000\040\0001\000\040\000o\000f\000\040\000m\000e\000a\000s\000u\000r\000e\000s}{section.2}% 6
\BOOKMARK [2][]{figure.1}{\376\377\000\040\000\040\000K\0005\0001\0006\000f\000\040\000p\000a\000g\000e\000\040\0002\000\040\000o\000f\000\040\000m\000e\000a\000s\000u\000r\000e\000s}{section.2}% 7
\BOOKMARK [2][]{figure.2}{\376\377\000\040\000\040\000K\0005\0001\0006\000f\000\040\000p\000a\000g\000e\000\040\0003\000\040\000o\000f\000\040\000m\000e\000a\000s\000u\000r\000e\000s}{section.2}% 8
\BOOKMARK [2][]{figure.3}{\376\377\000\040\000\040\000K\0005\0001\0006\000f\000\040\000p\000a\000g\000e\000\040\0004\000\040\000o\000f\000\040\000m\000e\000a\000s\000u\000r\000e\000s}{section.2}% 9
\BOOKMARK [1][]{section.3}{\376\377\0003\000\040\000R\000e\000l\000a\000t\000e\000d\000\040\000L\000i\000n\000k\000s}{}% 10
\BOOKMARK [1][]{section.4}{\376\377\0004\000\040\000A\000c\000k\000n\000o\000w\000l\000e\000d\000g\000m\000e\000n\000t\000s}{}% 11
\BOOKMARK [1][]{section.5}{\376\377\0005\000\040\000S\000e\000l\000e\000c\000t\000e\000d\000\040\000M\000i\000n\000u\000e\000t\000s}{}% 12
\BOOKMARK [2][]{section*.2}{\376\377\0001\0000\000-\0001\0000\000-\0006\000-\0003\000-\0005\000-\0005\000-\0001\0001\000-\0007\000-\0008\000-\0001\0002\000-\0005\000-\0003\000-\0007\000-\0006\000-\0006\000-\0004}{section.5}% 13
\BOOKMARK [2][]{section*.2}{\376\377\0001\0000\000-\0001\0000\000-\0007\000-\0008\000-\0006\000-\0001\0001\000-\0003\000-\0006\000-\0005\000-\0001\0001\000-\0004\000-\0005\000-\0004\000-\0001\0001\000-\0001\0000\000-\0001\0000}{section.5}% 14
\BOOKMARK [2][]{section*.2}{\376\377\0001\0000\000-\0001\0000\000-\0008\000-\0002\000-\0009\000-\0006\000-\0008\000-\0001\0001\000-\0001\0001\000-\0001\0002\000-\0007\000-\0001\0002\000-\0004\000-\0007\000-\0009\000-\0007}{section.5}% 15
\BOOKMARK [2][]{section*.2}{\376\377\0001\0000\000-\0001\0001\000-\0003\000-\0001\0001\000-\0009\000-\0001\0002\000-\0008\000-\0009\000-\0005\000-\0007\000-\0009\000-\0009\000-\0003\000-\0009\000-\0008\000-\0003}{section.5}% 16
\BOOKMARK [2][]{section*.2}{\376\377\0001\0000\000-\0001\0001\000-\0004\000-\0002\000-\0006\000-\0007\000-\0003\000-\0004\000-\0009\000-\0008\000-\0005\000-\0001\0000\000-\0007\000-\0001\0002\000-\0009\000-\0001\0000}{section.5}% 17
\BOOKMARK [2][]{section*.2}{\376\377\0001\0000\000-\0001\0001\000-\0008\000-\0007\000-\0003\000-\0008\000-\0003\000-\0003\000-\0004\000-\0006\000-\0007\000-\0006\000-\0001\0001\000-\0001\0002\000-\0001\0002\000-\0003}{section.5}% 18
\BOOKMARK [2][]{section*.2}{\376\377\0001\0000\000-\0001\0002\000-\0001\0000\000-\0008\000-\0002\000-\0001\0001\000-\0009\000-\0009\000-\0001\0000\000-\0003\000-\0001\0000\000-\0004\000-\0006\000-\0001\0000\000-\0004\000-\0002}{section.5}% 19
\BOOKMARK [2][]{section*.2}{\376\377\0001\0000\000-\0001\0002\000-\0001\0002\000-\0001\0002\000-\0001\0000\000-\0005\000-\0001\0000\000-\0007\000-\0005\000-\0003\000-\0005\000-\0003\000-\0001\0001\000-\0001\0002\000-\0003\000-\0002}{section.5}% 20
\BOOKMARK [2][]{section*.2}{\376\377\0001\0000\000-\0001\0002\000-\0003\000-\0001\0000\000-\0008\000-\0004\000-\0002\000-\0001\0002\000-\0001\0000\000-\0005\000-\0001\0001\000-\0001\0000\000-\0007\000-\0007\000-\0009\000-\0001\0000}{section.5}% 21
\BOOKMARK [2][]{section*.2}{\376\377\0001\0000\000-\0001\0002\000-\0003\000-\0009\000-\0008\000-\0001\0000\000-\0003\000-\0009\000-\0004\000-\0003\000-\0007\000-\0003\000-\0004\000-\0008\000-\0003\000-\0001\0000}{section.5}% 22
\BOOKMARK [2][]{section*.2}{\376\377\0001\0000\000-\0001\0002\000-\0005\000-\0006\000-\0001\0000\000-\0006\000-\0005\000-\0006\000-\0007\000-\0005\000-\0007\000-\0002\000-\0004\000-\0003\000-\0003\000-\0009}{section.5}% 23
\BOOKMARK [2][]{section*.2}{\376\377\0001\0000\000-\0001\0002\000-\0007\000-\0008\000-\0003\000-\0005\000-\0007\000-\0006\000-\0002\000-\0009\000-\0002\000-\0001\0001\000-\0001\0002\000-\0002\000-\0006\000-\0003}{section.5}% 24
\BOOKMARK [2][]{section*.2}{\376\377\0001\0000\000-\0002\000-\0008\000-\0003\000-\0009\000-\0006\000-\0001\0001\000-\0008\000-\0002\000-\0001\0002\000-\0001\0002\000-\0009\000-\0006\000-\0003\000-\0006\000-\0009}{section.5}% 25
\BOOKMARK [2][]{section*.2}{\376\377\0001\0000\000-\0002\000-\0009\000-\0005\000-\0006\000-\0006\000-\0001\0000\000-\0001\0001\000-\0001\0001\000-\0001\0000\000-\0008\000-\0001\0002\000-\0001\0002\000-\0006\000-\0005\000-\0001\0000}{section.5}% 26
\BOOKMARK [2][]{section*.2}{\376\377\0001\0000\000-\0003\000-\0001\0001\000-\0003\000-\0003\000-\0005\000-\0003\000-\0006\000-\0008\000-\0006\000-\0007\000-\0001\0002\000-\0001\0000\000-\0001\0000\000-\0001\0001\000-\0005}{section.5}% 27
\BOOKMARK [2][]{section*.2}{\376\377\0001\0000\000-\0003\000-\0002\000-\0009\000-\0009\000-\0001\0002\000-\0009\000-\0002\000-\0003\000-\0007\000-\0001\0002\000-\0001\0000\000-\0004\000-\0006\000-\0007\000-\0005}{section.5}% 28
\BOOKMARK [2][]{section*.2}{\376\377\0001\0000\000-\0003\000-\0003\000-\0004\000-\0004\000-\0004\000-\0003\000-\0007\000-\0003\000-\0001\0000\000-\0009\000-\0004\000-\0007\000-\0005\000-\0001\0000\000-\0003}{section.5}% 29
\BOOKMARK [2][]{section*.2}{\376\377\0001\0000\000-\0003\000-\0004\000-\0001\0000\000-\0007\000-\0009\000-\0001\0000\000-\0001\0000\000-\0006\000-\0008\000-\0005\000-\0008\000-\0005\000-\0001\0002\000-\0003\000-\0008}{section.5}% 30
\BOOKMARK [2][]{section*.2}{\376\377\0001\0000\000-\0003\000-\0009\000-\0003\000-\0009\000-\0001\0000\000-\0005\000-\0002\000-\0002\000-\0008\000-\0009\000-\0001\0000\000-\0004\000-\0004\000-\0008\000-\0002}{section.5}% 31
\BOOKMARK [2][]{section*.2}{\376\377\0001\0000\000-\0003\000-\0009\000-\0007\000-\0004\000-\0006\000-\0008\000-\0005\000-\0001\0002\000-\0004\000-\0008\000-\0004\000-\0001\0000\000-\0008\000-\0001\0000\000-\0006}{section.5}% 32
\BOOKMARK [2][]{section*.2}{\376\377\0001\0000\000-\0004\000-\0001\0002\000-\0005\000-\0002\000-\0008\000-\0006\000-\0005\000-\0005\000-\0005\000-\0001\0001\000-\0009\000-\0002\000-\0002\000-\0001\0002\000-\0005}{section.5}% 33
\BOOKMARK [2][]{section*.2}{\376\377\0001\0000\000-\0004\000-\0001\0002\000-\0009\000-\0008\000-\0001\0002\000-\0002\000-\0009\000-\0009\000-\0001\0001\000-\0005\000-\0009\000-\0007\000-\0008\000-\0008\000-\0004}{section.5}% 34
\BOOKMARK [2][]{section*.2}{\376\377\0001\0000\000-\0004\000-\0003\000-\0001\0001\000-\0001\0000\000-\0001\0000\000-\0001\0000\000-\0001\0000\000-\0009\000-\0008\000-\0001\0001\000-\0007\000-\0005\000-\0006\000-\0004\000-\0004}{section.5}% 35
\BOOKMARK [2][]{section*.2}{\376\377\0001\0000\000-\0004\000-\0005\000-\0001\0002\000-\0003\000-\0004\000-\0001\0002\000-\0001\0001\000-\0008\000-\0004\000-\0008\000-\0002\000-\0001\0002\000-\0002\000-\0001\0002\000-\0001\0002}{section.5}% 36
\BOOKMARK [2][]{section*.2}{\376\377\0001\0000\000-\0005\000-\0001\0000\000-\0007\000-\0001\0002\000-\0009\000-\0005\000-\0003\000-\0008\000-\0007\000-\0008\000-\0001\0000\000-\0009\000-\0008\000-\0005\000-\0007}{section.5}% 37
\BOOKMARK [2][]{section*.2}{\376\377\0001\0000\000-\0006\000-\0001\0001\000-\0007\000-\0007\000-\0004\000-\0003\000-\0003\000-\0005\000-\0001\0002\000-\0001\0002\000-\0003\000-\0004\000-\0001\0000\000-\0001\0001\000-\0009}{section.5}% 38
\BOOKMARK [2][]{section*.2}{\376\377\0001\0000\000-\0006\000-\0006\000-\0008\000-\0006\000-\0006\000-\0006\000-\0002\000-\0001\0000\000-\0002\000-\0002\000-\0008\000-\0006\000-\0006\000-\0008\000-\0009}{section.5}% 39
\BOOKMARK [2][]{section*.2}{\376\377\0001\0000\000-\0007\000-\0003\000-\0001\0002\000-\0001\0001\000-\0004\000-\0001\0001\000-\0006\000-\0008\000-\0007\000-\0001\0002\000-\0005\000-\0003\000-\0004\000-\0006\000-\0006}{section.5}% 40
\BOOKMARK [2][]{section*.2}{\376\377\0001\0000\000-\0007\000-\0003\000-\0002\000-\0001\0001\000-\0005\000-\0003\000-\0009\000-\0001\0001\000-\0009\000-\0009\000-\0007\000-\0009\000-\0005\000-\0007\000-\0006}{section.5}% 41
\BOOKMARK [2][]{section*.2}{\376\377\0001\0000\000-\0007\000-\0009\000-\0001\0002\000-\0001\0002\000-\0004\000-\0006\000-\0004\000-\0009\000-\0001\0000\000-\0004\000-\0001\0001\000-\0004\000-\0001\0001\000-\0001\0002\000-\0009}{section.5}% 42
\BOOKMARK [2][]{section*.2}{\376\377\0001\0000\000-\0009\000-\0008\000-\0001\0001\000-\0002\000-\0001\0000\000-\0004\000-\0001\0000\000-\0007\000-\0001\0002\000-\0001\0002\000-\0008\000-\0001\0002\000-\0002\000-\0001\0002\000-\0007}{section.5}% 43
\BOOKMARK [2][]{section*.2}{\376\377\0001\0001\000-\0001\0000\000-\0004\000-\0005\000-\0003\000-\0009\000-\0001\0001\000-\0004\000-\0005\000-\0001\0002\000-\0009\000-\0006\000-\0006\000-\0007\000-\0006\000-\0005}{section.5}% 44
\BOOKMARK [2][]{section*.2}{\376\377\0001\0001\000-\0001\0001\000-\0002\000-\0006\000-\0005\000-\0005\000-\0002\000-\0005\000-\0001\0001\000-\0007\000-\0003\000-\0006\000-\0002\000-\0009\000-\0002\000-\0003}{section.5}% 45
\BOOKMARK [2][]{section*.2}{\376\377\0001\0001\000-\0001\0002\000-\0003\000-\0007\000-\0001\0002\000-\0005\000-\0006\000-\0001\0000\000-\0001\0001\000-\0006\000-\0009\000-\0007\000-\0003\000-\0009\000-\0001\0002\000-\0004}{section.5}% 46
\BOOKMARK [2][]{section*.2}{\376\377\0001\0001\000-\0001\0002\000-\0006\000-\0002\000-\0004\000-\0003\000-\0005\000-\0002\000-\0006\000-\0003\000-\0008\000-\0002\000-\0003\000-\0001\0001\000-\0002\000-\0001\0001}{section.5}% 47
\BOOKMARK [2][]{section*.2}{\376\377\0001\0001\000-\0001\0002\000-\0006\000-\0008\000-\0004\000-\0001\0002\000-\0001\0002\000-\0003\000-\0001\0000\000-\0003\000-\0002\000-\0001\0000\000-\0002\000-\0009\000-\0002\000-\0003}{section.5}% 48
\BOOKMARK [2][]{section*.2}{\376\377\0001\0001\000-\0001\0002\000-\0006\000-\0009\000-\0003\000-\0001\0000\000-\0008\000-\0002\000-\0001\0001\000-\0009\000-\0001\0000\000-\0002\000-\0003\000-\0007\000-\0003\000-\0005}{section.5}% 49
\BOOKMARK [2][]{section*.2}{\376\377\0001\0001\000-\0002\000-\0003\000-\0002\000-\0001\0001\000-\0001\0000\000-\0002\000-\0003\000-\0001\0001\000-\0002\000-\0002\000-\0009\000-\0007\000-\0009\000-\0002\000-\0004}{section.5}% 50
\BOOKMARK [2][]{section*.2}{\376\377\0001\0001\000-\0002\000-\0004\000-\0001\0002\000-\0001\0001\000-\0003\000-\0007\000-\0008\000-\0005\000-\0001\0000\000-\0005\000-\0003\000-\0004\000-\0009\000-\0001\0000\000-\0007}{section.5}% 51
\BOOKMARK [2][]{section*.2}{\376\377\0001\0001\000-\0002\000-\0007\000-\0001\0002\000-\0008\000-\0006\000-\0003\000-\0001\0002\000-\0001\0001\000-\0003\000-\0001\0000\000-\0001\0001\000-\0003\000-\0001\0002\000-\0007\000-\0002}{section.5}% 52
\BOOKMARK [2][]{section*.2}{\376\377\0001\0001\000-\0003\000-\0001\0000\000-\0001\0002\000-\0008\000-\0002\000-\0001\0002\000-\0009\000-\0001\0001\000-\0002\000-\0001\0002\000-\0004\000-\0008\000-\0001\0002\000-\0004\000-\0007}{section.5}% 53
\BOOKMARK [2][]{section*.2}{\376\377\0001\0001\000-\0004\000-\0004\000-\0003\000-\0007\000-\0006\000-\0001\0000\000-\0001\0001\000-\0007\000-\0005\000-\0002\000-\0008\000-\0008\000-\0001\0001\000-\0003\000-\0006}{section.5}% 54
\BOOKMARK [2][]{section*.2}{\376\377\0001\0001\000-\0004\000-\0007\000-\0007\000-\0003\000-\0009\000-\0008\000-\0004\000-\0003\000-\0008\000-\0006\000-\0001\0001\000-\0001\0001\000-\0001\0000\000-\0004\000-\0005}{section.5}% 55
\BOOKMARK [2][]{section*.2}{\376\377\0001\0001\000-\0006\000-\0003\000-\0001\0002\000-\0006\000-\0001\0000\000-\0003\000-\0002\000-\0006\000-\0008\000-\0001\0001\000-\0003\000-\0001\0001\000-\0006\000-\0002\000-\0007}{section.5}% 56
\BOOKMARK [2][]{section*.2}{\376\377\0001\0001\000-\0006\000-\0003\000-\0009\000-\0001\0001\000-\0005\000-\0001\0001\000-\0003\000-\0007\000-\0001\0001\000-\0007\000-\0001\0000\000-\0007\000-\0007\000-\0002\000-\0001\0001}{section.5}% 57
\BOOKMARK [2][]{section*.2}{\376\377\0001\0001\000-\0006\000-\0006\000-\0001\0001\000-\0004\000-\0007\000-\0005\000-\0001\0000\000-\0009\000-\0005\000-\0006\000-\0005\000-\0004\000-\0001\0002\000-\0002\000-\0003}{section.5}% 58
\BOOKMARK [2][]{section*.2}{\376\377\0001\0001\000-\0006\000-\0007\000-\0001\0002\000-\0001\0001\000-\0008\000-\0009\000-\0003\000-\0001\0001\000-\0006\000-\0001\0001\000-\0005\000-\0001\0001\000-\0003\000-\0002\000-\0001\0001}{section.5}% 59
\BOOKMARK [2][]{section*.2}{\376\377\0001\0001\000-\0007\000-\0003\000-\0003\000-\0008\000-\0001\0002\000-\0006\000-\0001\0002\000-\0001\0001\000-\0001\0002\000-\0001\0000\000-\0001\0002\000-\0005\000-\0002\000-\0001\0002\000-\0001\0000}{section.5}% 60
\BOOKMARK [2][]{section*.2}{\376\377\0001\0001\000-\0007\000-\0004\000-\0001\0001\000-\0002\000-\0001\0000\000-\0009\000-\0007\000-\0001\0001\000-\0005\000-\0004\000-\0009\000-\0001\0001\000-\0005\000-\0005\000-\0002}{section.5}% 61
\BOOKMARK [2][]{section*.2}{\376\377\0001\0001\000-\0008\000-\0006\000-\0001\0001\000-\0001\0000\000-\0008\000-\0005\000-\0007\000-\0004\000-\0002\000-\0003\000-\0009\000-\0001\0000\000-\0003\000-\0001\0000\000-\0007}{section.5}% 62
\BOOKMARK [2][]{section*.2}{\376\377\0001\0001\000-\0008\000-\0007\000-\0001\0000\000-\0005\000-\0001\0002\000-\0007\000-\0006\000-\0002\000-\0006\000-\0009\000-\0001\0002\000-\0001\0001\000-\0009\000-\0004\000-\0002}{section.5}% 63
\BOOKMARK [2][]{section*.2}{\376\377\0001\0001\000-\0009\000-\0005\000-\0001\0000\000-\0007\000-\0002\000-\0005\000-\0005\000-\0001\0000\000-\0005\000-\0001\0001\000-\0005\000-\0008\000-\0001\0000\000-\0002\000-\0001\0001}{section.5}% 64
\BOOKMARK [2][]{section*.2}{\376\377\0001\0002\000-\0001\0000\000-\0002\000-\0004\000-\0007\000-\0006\000-\0001\0002\000-\0009\000-\0009\000-\0004\000-\0008\000-\0009\000-\0002\000-\0001\0000\000-\0006\000-\0004}{section.5}% 65
\BOOKMARK [2][]{section*.2}{\376\377\0001\0002\000-\0001\0000\000-\0005\000-\0001\0000\000-\0004\000-\0004\000-\0007\000-\0001\0001\000-\0008\000-\0005\000-\0003\000-\0002\000-\0001\0001\000-\0001\0001\000-\0003\000-\0005}{section.5}% 66
\BOOKMARK [2][]{section*.2}{\376\377\0001\0002\000-\0001\0001\000-\0009\000-\0007\000-\0006\000-\0007\000-\0005\000-\0002\000-\0003\000-\0002\000-\0003\000-\0008\000-\0001\0000\000-\0001\0001\000-\0004\000-\0001\0000}{section.5}% 67
\BOOKMARK [2][]{section*.2}{\376\377\0001\0002\000-\0001\0002\000-\0001\0000\000-\0001\0000\000-\0002\000-\0004\000-\0005\000-\0002\000-\0001\0002\000-\0001\0000\000-\0006\000-\0003\000-\0006\000-\0008\000-\0008\000-\0003}{section.5}% 68
\BOOKMARK [2][]{section*.2}{\376\377\0001\0002\000-\0001\0002\000-\0001\0000\000-\0007\000-\0007\000-\0007\000-\0002\000-\0007\000-\0006\000-\0003\000-\0002\000-\0006\000-\0008\000-\0008\000-\0004\000-\0003}{section.5}% 69
\BOOKMARK [2][]{section*.2}{\376\377\0001\0002\000-\0001\0002\000-\0002\000-\0001\0000\000-\0005\000-\0008\000-\0009\000-\0001\0000\000-\0001\0002\000-\0006\000-\0005\000-\0005\000-\0006\000-\0001\0001\000-\0005\000-\0007}{section.5}% 70
\BOOKMARK [2][]{section*.2}{\376\377\0001\0002\000-\0001\0002\000-\0008\000-\0008\000-\0001\0000\000-\0009\000-\0006\000-\0007\000-\0004\000-\0001\0000\000-\0008\000-\0006\000-\0004\000-\0008\000-\0001\0002\000-\0008}{section.5}% 71
\BOOKMARK [2][]{section*.2}{\376\377\0001\0002\000-\0004\000-\0003\000-\0001\0000\000-\0001\0000\000-\0008\000-\0003\000-\0009\000-\0003\000-\0007\000-\0009\000-\0008\000-\0007\000-\0003\000-\0008\000-\0001\0001}{section.5}% 72
\BOOKMARK [2][]{section*.2}{\376\377\0001\0002\000-\0004\000-\0007\000-\0002\000-\0004\000-\0001\0001\000-\0006\000-\0005\000-\0007\000-\0002\000-\0002\000-\0003\000-\0006\000-\0001\0001\000-\0001\0000\000-\0004}{section.5}% 73
\BOOKMARK [2][]{section*.2}{\376\377\0001\0002\000-\0005\000-\0001\0001\000-\0005\000-\0001\0001\000-\0002\000-\0001\0001\000-\0009\000-\0003\000-\0006\000-\0006\000-\0001\0000\000-\0007\000-\0003\000-\0002\000-\0003}{section.5}% 74
\BOOKMARK [2][]{section*.2}{\376\377\0001\0002\000-\0005\000-\0001\0002\000-\0008\000-\0005\000-\0004\000-\0006\000-\0001\0000\000-\0005\000-\0004\000-\0008\000-\0003\000-\0007\000-\0007\000-\0002\000-\0006}{section.5}% 75
\BOOKMARK [2][]{section*.2}{\376\377\0001\0002\000-\0005\000-\0003\000-\0005\000-\0001\0000\000-\0008\000-\0005\000-\0002\000-\0004\000-\0008\000-\0006\000-\0004\000-\0005\000-\0004\000-\0009\000-\0008}{section.5}% 76
\BOOKMARK [2][]{section*.2}{\376\377\0001\0002\000-\0007\000-\0001\0002\000-\0001\0000\000-\0006\000-\0004\000-\0005\000-\0002\000-\0001\0002\000-\0007\000-\0001\0000\000-\0002\000-\0009\000-\0006\000-\0001\0001\000-\0001\0000}{section.5}% 77
\BOOKMARK [2][]{section*.2}{\376\377\0001\0002\000-\0008\000-\0001\0002\000-\0006\000-\0004\000-\0007\000-\0001\0001\000-\0005\000-\0007\000-\0001\0001\000-\0001\0001\000-\0001\0001\000-\0009\000-\0004\000-\0002\000-\0001\0001}{section.5}% 78
\BOOKMARK [2][]{section*.2}{\376\377\0001\0002\000-\0008\000-\0003\000-\0004\000-\0005\000-\0003\000-\0001\0002\000-\0003\000-\0003\000-\0005\000-\0006\000-\0009\000-\0002\000-\0001\0002\000-\0001\0002\000-\0001\0001}{section.5}% 79
\BOOKMARK [2][]{section*.2}{\376\377\0001\0002\000-\0009\000-\0006\000-\0001\0001\000-\0008\000-\0003\000-\0008\000-\0008\000-\0001\0002\000-\0005\000-\0008\000-\0005\000-\0002\000-\0008\000-\0001\0001\000-\0009}{section.5}% 80
\BOOKMARK [2][]{section*.2}{\376\377\0002\000-\0001\0000\000-\0001\0002\000-\0007\000-\0006\000-\0001\0000\000-\0001\0000\000-\0001\0000\000-\0009\000-\0009\000-\0003\000-\0003\000-\0005\000-\0004\000-\0009\000-\0002}{section.5}% 81
\BOOKMARK [2][]{section*.2}{\376\377\0002\000-\0001\0000\000-\0004\000-\0009\000-\0008\000-\0007\000-\0008\000-\0002\000-\0007\000-\0009\000-\0002\000-\0002\000-\0005\000-\0001\0002\000-\0008\000-\0005}{section.5}% 82
\BOOKMARK [2][]{section*.2}{\376\377\0002\000-\0001\0000\000-\0005\000-\0008\000-\0006\000-\0001\0002\000-\0001\0001\000-\0001\0000\000-\0009\000-\0002\000-\0002\000-\0002\000-\0004\000-\0008\000-\0007\000-\0003}{section.5}% 83
\BOOKMARK [2][]{section*.2}{\376\377\0002\000-\0001\0000\000-\0006\000-\0004\000-\0002\000-\0005\000-\0007\000-\0001\0000\000-\0001\0001\000-\0007\000-\0009\000-\0008\000-\0001\0001\000-\0006\000-\0009\000-\0002}{section.5}% 84
\BOOKMARK [2][]{section*.2}{\376\377\0002\000-\0001\0000\000-\0007\000-\0009\000-\0001\0001\000-\0002\000-\0001\0002\000-\0003\000-\0003\000-\0009\000-\0005\000-\0008\000-\0008\000-\0003\000-\0005\000-\0003}{section.5}% 85
\BOOKMARK [2][]{section*.2}{\376\377\0002\000-\0001\0001\000-\0006\000-\0001\0001\000-\0004\000-\0001\0000\000-\0001\0002\000-\0008\000-\0001\0002\000-\0003\000-\0009\000-\0001\0001\000-\0003\000-\0001\0001\000-\0003\000-\0005}{section.5}% 86
\BOOKMARK [2][]{section*.2}{\376\377\0002\000-\0001\0002\000-\0003\000-\0001\0000\000-\0006\000-\0001\0000\000-\0008\000-\0007\000-\0001\0002\000-\0001\0000\000-\0001\0002\000-\0002\000-\0003\000-\0001\0002\000-\0001\0000\000-\0001\0002}{section.5}% 87
\BOOKMARK [2][]{section*.2}{\376\377\0002\000-\0001\0002\000-\0003\000-\0001\0002\000-\0004\000-\0001\0001\000-\0001\0002\000-\0007\000-\0009\000-\0006\000-\0002\000-\0009\000-\0003\000-\0009\000-\0007\000-\0001\0002}{section.5}% 88
\BOOKMARK [2][]{section*.2}{\376\377\0002\000-\0002\000-\0007\000-\0007\000-\0005\000-\0002\000-\0008\000-\0008\000-\0002\000-\0001\0001\000-\0005\000-\0001\0000\000-\0001\0001\000-\0006\000-\0001\0000\000-\0005}{section.5}% 89
\BOOKMARK [2][]{section*.2}{\376\377\0002\000-\0003\000-\0001\0000\000-\0001\0000\000-\0004\000-\0003\000-\0002\000-\0004\000-\0002\000-\0008\000-\0003\000-\0007\000-\0001\0000\000-\0001\0000\000-\0009\000-\0002}{section.5}% 90
\BOOKMARK [2][]{section*.2}{\376\377\0002\000-\0003\000-\0001\0000\000-\0002\000-\0006\000-\0001\0002\000-\0007\000-\0004\000-\0009\000-\0003\000-\0006\000-\0006\000-\0001\0000\000-\0004\000-\0001\0001\000-\0002}{section.5}% 91
\BOOKMARK [2][]{section*.2}{\376\377\0002\000-\0003\000-\0006\000-\0009\000-\0001\0002\000-\0008\000-\0009\000-\0009\000-\0005\000-\0001\0002\000-\0001\0002\000-\0005\000-\0007\000-\0009\000-\0009\000-\0005}{section.5}% 92
\BOOKMARK [2][]{section*.2}{\376\377\0002\000-\0003\000-\0009\000-\0005\000-\0008\000-\0001\0002\000-\0003\000-\0001\0000\000-\0001\0002\000-\0007\000-\0002\000-\0002\000-\0006\000-\0002\000-\0003\000-\0001\0002}{section.5}% 93
\BOOKMARK [2][]{section*.2}{\376\377\0002\000-\0005\000-\0002\000-\0004\000-\0005\000-\0006\000-\0001\0000\000-\0001\0002\000-\0007\000-\0008\000-\0008\000-\0009\000-\0009\000-\0004\000-\0005\000-\0001\0000}{section.5}% 94
\BOOKMARK [2][]{section*.2}{\376\377\0002\000-\0005\000-\0004\000-\0003\000-\0003\000-\0007\000-\0007\000-\0001\0002\000-\0001\0002\000-\0005\000-\0009\000-\0005\000-\0007\000-\0001\0001\000-\0007\000-\0001\0000}{section.5}% 95
\BOOKMARK [2][]{section*.2}{\376\377\0002\000-\0005\000-\0004\000-\0004\000-\0002\000-\0003\000-\0004\000-\0001\0001\000-\0001\0002\000-\0007\000-\0003\000-\0001\0000\000-\0009\000-\0002\000-\0009\000-\0005}{section.5}% 96
\BOOKMARK [2][]{section*.2}{\376\377\0002\000-\0005\000-\0006\000-\0006\000-\0007\000-\0001\0000\000-\0002\000-\0009\000-\0004\000-\0007\000-\0001\0000\000-\0001\0002\000-\0004\000-\0006\000-\0002\000-\0003}{section.5}% 97
\BOOKMARK [2][]{section*.2}{\376\377\0002\000-\0006\000-\0001\0002\000-\0006\000-\0001\0002\000-\0003\000-\0001\0001\000-\0003\000-\0005\000-\0005\000-\0009\000-\0001\0000\000-\0001\0002\000-\0006\000-\0006\000-\0001\0000}{section.5}% 98
\BOOKMARK [2][]{section*.2}{\376\377\0002\000-\0006\000-\0002\000-\0001\0000\000-\0007\000-\0008\000-\0003\000-\0001\0002\000-\0002\000-\0005\000-\0001\0002\000-\0009\000-\0002\000-\0006\000-\0001\0002\000-\0004}{section.5}% 99
\BOOKMARK [2][]{section*.2}{\376\377\0002\000-\0006\000-\0007\000-\0002\000-\0008\000-\0009\000-\0007\000-\0005\000-\0007\000-\0006\000-\0002\000-\0007\000-\0001\0002\000-\0001\0000\000-\0006\000-\0001\0000}{section.5}% 100
\BOOKMARK [2][]{section*.2}{\376\377\0002\000-\0006\000-\0008\000-\0001\0001\000-\0001\0000\000-\0007\000-\0001\0000\000-\0001\0002\000-\0003\000-\0001\0001\000-\0003\000-\0001\0000\000-\0001\0000\000-\0002\000-\0006\000-\0006}{section.5}% 101
\BOOKMARK [2][]{section*.2}{\376\377\0002\000-\0006\000-\0009\000-\0001\0002\000-\0001\0001\000-\0003\000-\0005\000-\0003\000-\0002\000-\0009\000-\0003\000-\0005\000-\0008\000-\0008\000-\0002\000-\0002}{section.5}% 102
\BOOKMARK [2][]{section*.2}{\376\377\0002\000-\0007\000-\0004\000-\0005\000-\0009\000-\0002\000-\0002\000-\0009\000-\0004\000-\0003\000-\0001\0000\000-\0001\0000\000-\0001\0001\000-\0009\000-\0003\000-\0001\0000}{section.5}% 103
\BOOKMARK [2][]{section*.2}{\376\377\0002\000-\0007\000-\0005\000-\0001\0000\000-\0001\0001\000-\0002\000-\0004\000-\0009\000-\0008\000-\0009\000-\0002\000-\0003\000-\0003\000-\0009\000-\0002\000-\0004}{section.5}% 104
\BOOKMARK [2][]{section*.2}{\376\377\0002\000-\0008\000-\0003\000-\0008\000-\0002\000-\0002\000-\0006\000-\0001\0000\000-\0009\000-\0004\000-\0004\000-\0001\0000\000-\0006\000-\0004\000-\0004\000-\0003}{section.5}% 105
\BOOKMARK [2][]{section*.2}{\376\377\0002\000-\0009\000-\0005\000-\0006\000-\0001\0002\000-\0003\000-\0003\000-\0001\0002\000-\0002\000-\0003\000-\0006\000-\0004\000-\0004\000-\0007\000-\0008\000-\0001\0002}{section.5}% 106
\BOOKMARK [2][]{section*.2}{\376\377\0002\000-\0009\000-\0006\000-\0004\000-\0005\000-\0001\0002\000-\0001\0001\000-\0009\000-\0006\000-\0004\000-\0002\000-\0008\000-\0002\000-\0006\000-\0001\0002\000-\0007}{section.5}% 107
\BOOKMARK [2][]{section*.2}{\376\377\0003\000-\0001\0000\000-\0001\0002\000-\0001\0001\000-\0004\000-\0002\000-\0005\000-\0002\000-\0008\000-\0008\000-\0005\000-\0008\000-\0008\000-\0001\0002\000-\0006\000-\0003}{section.5}% 108
\BOOKMARK [2][]{section*.2}{\376\377\0003\000-\0001\0000\000-\0005\000-\0005\000-\0009\000-\0008\000-\0007\000-\0001\0001\000-\0008\000-\0006\000-\0007\000-\0006\000-\0007\000-\0009\000-\0009\000-\0002}{section.5}% 109
\BOOKMARK [2][]{section*.2}{\376\377\0003\000-\0001\0001\000-\0001\0001\000-\0008\000-\0008\000-\0009\000-\0007\000-\0002\000-\0004\000-\0009\000-\0004\000-\0003\000-\0003\000-\0009\000-\0001\0001\000-\0004}{section.5}% 110
\BOOKMARK [2][]{section*.2}{\376\377\0003\000-\0001\0001\000-\0007\000-\0002\000-\0004\000-\0008\000-\0002\000-\0008\000-\0001\0001\000-\0007\000-\0001\0001\000-\0008\000-\0001\0000\000-\0002\000-\0005\000-\0006}{section.5}% 111
\BOOKMARK [2][]{section*.2}{\376\377\0003\000-\0001\0002\000-\0004\000-\0001\0000\000-\0001\0000\000-\0005\000-\0001\0001\000-\0001\0001\000-\0004\000-\0009\000-\0002\000-\0003\000-\0009\000-\0006\000-\0004\000-\0002}{section.5}% 112
\BOOKMARK [2][]{section*.2}{\376\377\0003\000-\0001\0002\000-\0005\000-\0007\000-\0001\0001\000-\0006\000-\0003\000-\0007\000-\0002\000-\0009\000-\0001\0002\000-\0003\000-\0008\000-\0007\000-\0002\000-\0004}{section.5}% 113
\BOOKMARK [2][]{section*.2}{\376\377\0003\000-\0002\000-\0002\000-\0001\0001\000-\0001\0000\000-\0001\0002\000-\0007\000-\0006\000-\0001\0000\000-\0005\000-\0005\000-\0004\000-\0003\000-\0003\000-\0003\000-\0004}{section.5}% 114
\BOOKMARK [2][]{section*.2}{\376\377\0003\000-\0002\000-\0005\000-\0008\000-\0001\0002\000-\0008\000-\0001\0002\000-\0001\0000\000-\0008\000-\0001\0000\000-\0001\0002\000-\0004\000-\0008\000-\0001\0000\000-\0007\000-\0009}{section.5}% 115
\BOOKMARK [2][]{section*.2}{\376\377\0003\000-\0003\000-\0006\000-\0001\0002\000-\0004\000-\0002\000-\0007\000-\0007\000-\0001\0000\000-\0005\000-\0003\000-\0008\000-\0006\000-\0005\000-\0008\000-\0009}{section.5}% 116
\BOOKMARK [2][]{section*.2}{\376\377\0003\000-\0004\000-\0001\0000\000-\0004\000-\0003\000-\0001\0001\000-\0002\000-\0005\000-\0009\000-\0001\0001\000-\0008\000-\0001\0000\000-\0001\0001\000-\0008\000-\0009\000-\0005}{section.5}% 117
\BOOKMARK [2][]{section*.2}{\376\377\0003\000-\0004\000-\0005\000-\0003\000-\0004\000-\0006\000-\0003\000-\0002\000-\0001\0001\000-\0004\000-\0003\000-\0001\0000\000-\0007\000-\0005\000-\0001\0002\000-\0009}{section.5}% 118
\BOOKMARK [2][]{section*.2}{\376\377\0003\000-\0004\000-\0005\000-\0005\000-\0001\0000\000-\0001\0000\000-\0006\000-\0001\0000\000-\0006\000-\0009\000-\0001\0000\000-\0001\0000\000-\0008\000-\0001\0002\000-\0001\0002\000-\0001\0001}{section.5}% 119
\BOOKMARK [2][]{section*.2}{\376\377\0003\000-\0005\000-\0001\0001\000-\0009\000-\0005\000-\0006\000-\0001\0001\000-\0001\0000\000-\0008\000-\0001\0002\000-\0001\0002\000-\0008\000-\0002\000-\0003\000-\0009\000-\0007}{section.5}% 120
\BOOKMARK [2][]{section*.2}{\376\377\0003\000-\0005\000-\0006\000-\0008\000-\0002\000-\0004\000-\0006\000-\0005\000-\0007\000-\0008\000-\0009\000-\0001\0002\000-\0002\000-\0002\000-\0001\0000\000-\0002}{section.5}% 121
\BOOKMARK [2][]{section*.2}{\376\377\0003\000-\0005\000-\0008\000-\0008\000-\0008\000-\0008\000-\0001\0001\000-\0001\0002\000-\0001\0001\000-\0003\000-\0004\000-\0001\0000\000-\0007\000-\0003\000-\0005\000-\0002}{section.5}% 122
\BOOKMARK [2][]{section*.2}{\376\377\0003\000-\0006\000-\0008\000-\0006\000-\0001\0002\000-\0008\000-\0002\000-\0001\0002\000-\0003\000-\0007\000-\0008\000-\0001\0000\000-\0002\000-\0001\0001\000-\0005\000-\0001\0002}{section.5}% 123
\BOOKMARK [2][]{section*.2}{\376\377\0003\000-\0007\000-\0005\000-\0009\000-\0004\000-\0009\000-\0001\0001\000-\0001\0000\000-\0004\000-\0001\0002\000-\0007\000-\0009\000-\0002\000-\0002\000-\0008\000-\0006}{section.5}% 124
\BOOKMARK [2][]{section*.2}{\376\377\0003\000-\0007\000-\0009\000-\0009\000-\0001\0000\000-\0001\0000\000-\0004\000-\0002\000-\0001\0001\000-\0003\000-\0002\000-\0001\0002\000-\0004\000-\0001\0002\000-\0003\000-\0003}{section.5}% 125
\BOOKMARK [2][]{section*.2}{\376\377\0003\000-\0008\000-\0002\000-\0001\0002\000-\0001\0000\000-\0001\0001\000-\0006\000-\0008\000-\0003\000-\0004\000-\0002\000-\0006\000-\0006\000-\0002\000-\0006\000-\0001\0002}{section.5}% 126
\BOOKMARK [2][]{section*.2}{\376\377\0003\000-\0008\000-\0003\000-\0001\0002\000-\0004\000-\0001\0002\000-\0002\000-\0007\000-\0007\000-\0006\000-\0008\000-\0008\000-\0009\000-\0001\0000\000-\0009\000-\0001\0001}{section.5}% 127
\BOOKMARK [2][]{section*.2}{\376\377\0003\000-\0008\000-\0005\000-\0001\0001\000-\0002\000-\0005\000-\0008\000-\0002\000-\0008\000-\0006\000-\0007\000-\0006\000-\0002\000-\0009\000-\0008\000-\0003}{section.5}% 128
\BOOKMARK [2][]{section*.2}{\376\377\0003\000-\0009\000-\0001\0001\000-\0001\0002\000-\0002\000-\0003\000-\0001\0000\000-\0001\0000\000-\0001\0002\000-\0005\000-\0001\0000\000-\0007\000-\0006\000-\0008\000-\0001\0000\000-\0008}{section.5}% 129
\BOOKMARK [2][]{section*.2}{\376\377\0004\000-\0001\0000\000-\0008\000-\0005\000-\0008\000-\0001\0001\000-\0006\000-\0003\000-\0001\0001\000-\0008\000-\0002\000-\0003\000-\0005\000-\0003\000-\0005\000-\0005}{section.5}% 130
\BOOKMARK [2][]{section*.2}{\376\377\0004\000-\0001\0001\000-\0001\0001\000-\0008\000-\0001\0000\000-\0001\0002\000-\0004\000-\0001\0000\000-\0007\000-\0005\000-\0007\000-\0002\000-\0001\0002\000-\0009\000-\0009\000-\0004}{section.5}% 131
\BOOKMARK [2][]{section*.2}{\376\377\0004\000-\0001\0001\000-\0003\000-\0002\000-\0004\000-\0005\000-\0004\000-\0008\000-\0002\000-\0001\0000\000-\0006\000-\0006\000-\0005\000-\0001\0002\000-\0003\000-\0007}{section.5}% 132
\BOOKMARK [2][]{section*.2}{\376\377\0004\000-\0001\0001\000-\0004\000-\0003\000-\0006\000-\0004\000-\0008\000-\0003\000-\0009\000-\0001\0002\000-\0005\000-\0001\0001\000-\0004\000-\0005\000-\0006\000-\0001\0002}{section.5}% 133
\BOOKMARK [2][]{section*.2}{\376\377\0004\000-\0001\0001\000-\0007\000-\0001\0000\000-\0009\000-\0009\000-\0005\000-\0002\000-\0001\0002\000-\0001\0000\000-\0002\000-\0004\000-\0001\0001\000-\0006\000-\0007\000-\0005}{section.5}% 134
\BOOKMARK [2][]{section*.2}{\376\377\0004\000-\0001\0001\000-\0007\000-\0001\0001\000-\0003\000-\0004\000-\0002\000-\0001\0000\000-\0001\0002\000-\0008\000-\0003\000-\0009\000-\0006\000-\0001\0002\000-\0001\0002\000-\0001\0000}{section.5}% 135
\BOOKMARK [2][]{section*.2}{\376\377\0004\000-\0001\0001\000-\0009\000-\0004\000-\0004\000-\0008\000-\0008\000-\0001\0002\000-\0007\000-\0001\0002\000-\0009\000-\0008\000-\0009\000-\0008\000-\0009\000-\0001\0000}{section.5}% 136
\BOOKMARK [2][]{section*.2}{\376\377\0004\000-\0001\0002\000-\0009\000-\0006\000-\0001\0001\000-\0005\000-\0001\0000\000-\0007\000-\0004\000-\0001\0000\000-\0001\0000\000-\0003\000-\0007\000-\0009\000-\0007\000-\0006}{section.5}% 137
\BOOKMARK [2][]{section*.2}{\376\377\0004\000-\0002\000-\0002\000-\0006\000-\0006\000-\0008\000-\0006\000-\0001\0001\000-\0001\0002\000-\0001\0000\000-\0009\000-\0001\0000\000-\0008\000-\0008\000-\0001\0002\000-\0007}{section.5}% 138
\BOOKMARK [2][]{section*.2}{\376\377\0004\000-\0002\000-\0007\000-\0001\0001\000-\0002\000-\0009\000-\0005\000-\0009\000-\0009\000-\0006\000-\0009\000-\0002\000-\0004\000-\0005\000-\0001\0001\000-\0001\0002}{section.5}% 139
\BOOKMARK [2][]{section*.2}{\376\377\0004\000-\0003\000-\0001\0000\000-\0004\000-\0003\000-\0001\0000\000-\0005\000-\0004\000-\0004\000-\0001\0000\000-\0003\000-\0002\000-\0009\000-\0008\000-\0006\000-\0004}{section.5}% 140
\BOOKMARK [2][]{section*.2}{\376\377\0004\000-\0003\000-\0001\0001\000-\0009\000-\0005\000-\0004\000-\0007\000-\0006\000-\0006\000-\0003\000-\0008\000-\0009\000-\0001\0000\000-\0001\0001\000-\0006\000-\0008}{section.5}% 141
\BOOKMARK [2][]{section*.2}{\376\377\0004\000-\0003\000-\0007\000-\0008\000-\0005\000-\0001\0002\000-\0001\0000\000-\0001\0001\000-\0001\0000\000-\0008\000-\0008\000-\0004\000-\0008\000-\0001\0002\000-\0005\000-\0009}{section.5}% 142
\BOOKMARK [2][]{section*.2}{\376\377\0004\000-\0004\000-\0001\0001\000-\0001\0001\000-\0001\0001\000-\0008\000-\0003\000-\0007\000-\0007\000-\0009\000-\0007\000-\0007\000-\0002\000-\0001\0001\000-\0007\000-\0006}{section.5}% 143
\BOOKMARK [2][]{section*.2}{\376\377\0004\000-\0004\000-\0004\000-\0002\000-\0006\000-\0003\000-\0001\0002\000-\0008\000-\0005\000-\0009\000-\0001\0002\000-\0001\0002\000-\0005\000-\0001\0001\000-\0001\0000\000-\0002}{section.5}% 144
\BOOKMARK [2][]{section*.2}{\376\377\0004\000-\0005\000-\0007\000-\0001\0000\000-\0007\000-\0007\000-\0001\0000\000-\0005\000-\0005\000-\0005\000-\0006\000-\0003\000-\0004\000-\0003\000-\0001\0001\000-\0003}{section.5}% 145
\BOOKMARK [2][]{section*.2}{\376\377\0004\000-\0005\000-\0008\000-\0007\000-\0004\000-\0003\000-\0009\000-\0004\000-\0001\0002\000-\0008\000-\0008\000-\0001\0000\000-\0001\0000\000-\0008\000-\0005\000-\0003}{section.5}% 146
\BOOKMARK [2][]{section*.2}{\376\377\0004\000-\0006\000-\0005\000-\0008\000-\0001\0002\000-\0002\000-\0008\000-\0008\000-\0001\0001\000-\0009\000-\0002\000-\0007\000-\0008\000-\0001\0000\000-\0009\000-\0008}{section.5}% 147
\BOOKMARK [2][]{section*.2}{\376\377\0004\000-\0006\000-\0009\000-\0006\000-\0001\0000\000-\0001\0001\000-\0003\000-\0009\000-\0009\000-\0007\000-\0008\000-\0004\000-\0007\000-\0004\000-\0008\000-\0006}{section.5}% 148
\BOOKMARK [2][]{section*.2}{\376\377\0004\000-\0007\000-\0003\000-\0006\000-\0008\000-\0003\000-\0007\000-\0001\0002\000-\0001\0001\000-\0006\000-\0001\0000\000-\0002\000-\0001\0001\000-\0001\0000\000-\0003\000-\0001\0002}{section.5}% 149
\BOOKMARK [2][]{section*.2}{\376\377\0004\000-\0007\000-\0007\000-\0005\000-\0006\000-\0001\0000\000-\0007\000-\0009\000-\0003\000-\0005\000-\0001\0000\000-\0003\000-\0006\000-\0007\000-\0009\000-\0003}{section.5}% 150
\BOOKMARK [2][]{section*.2}{\376\377\0004\000-\0007\000-\0007\000-\0008\000-\0003\000-\0007\000-\0006\000-\0005\000-\0001\0001\000-\0003\000-\0007\000-\0005\000-\0005\000-\0007\000-\0009\000-\0006}{section.5}% 151
\BOOKMARK [2][]{section*.2}{\376\377\0004\000-\0007\000-\0009\000-\0008\000-\0003\000-\0001\0001\000-\0001\0000\000-\0007\000-\0001\0001\000-\0002\000-\0003\000-\0003\000-\0009\000-\0001\0000\000-\0006\000-\0006}{section.5}% 152
\BOOKMARK [2][]{section*.2}{\376\377\0004\000-\0008\000-\0005\000-\0001\0000\000-\0001\0000\000-\0001\0001\000-\0006\000-\0001\0001\000-\0007\000-\0001\0001\000-\0006\000-\0001\0000\000-\0007\000-\0001\0002\000-\0001\0002\000-\0009}{section.5}% 153
\BOOKMARK [2][]{section*.2}{\376\377\0004\000-\0009\000-\0001\0001\000-\0006\000-\0002\000-\0007\000-\0001\0002\000-\0003\000-\0002\000-\0001\0002\000-\0002\000-\0006\000-\0007\000-\0002\000-\0009\000-\0001\0002}{section.5}% 154
\BOOKMARK [2][]{section*.2}{\376\377\0004\000-\0009\000-\0001\0001\000-\0009\000-\0003\000-\0001\0002\000-\0004\000-\0003\000-\0003\000-\0005\000-\0002\000-\0007\000-\0002\000-\0007\000-\0008\000-\0005}{section.5}% 155
\BOOKMARK [2][]{section*.2}{\376\377\0004\000-\0009\000-\0004\000-\0005\000-\0003\000-\0007\000-\0007\000-\0007\000-\0002\000-\0008\000-\0006\000-\0001\0000\000-\0009\000-\0003\000-\0006\000-\0004}{section.5}% 156
\BOOKMARK [2][]{section*.2}{\376\377\0004\000-\0009\000-\0008\000-\0001\0002\000-\0003\000-\0001\0001\000-\0005\000-\0007\000-\0001\0002\000-\0001\0002\000-\0006\000-\0001\0001\000-\0003\000-\0002\000-\0001\0000\000-\0009}{section.5}% 157
\BOOKMARK [2][]{section*.2}{\376\377\0005\000-\0001\0000\000-\0002\000-\0003\000-\0001\0002\000-\0002\000-\0004\000-\0001\0002\000-\0001\0000\000-\0006\000-\0001\0002\000-\0001\0001\000-\0005\000-\0009\000-\0001\0002\000-\0006}{section.5}% 158
\BOOKMARK [2][]{section*.2}{\376\377\0005\000-\0001\0000\000-\0002\000-\0004\000-\0002\000-\0001\0001\000-\0001\0000\000-\0009\000-\0008\000-\0001\0000\000-\0008\000-\0004\000-\0003\000-\0009\000-\0003\000-\0006}{section.5}% 159
\BOOKMARK [2][]{section*.2}{\376\377\0005\000-\0001\0000\000-\0004\000-\0001\0002\000-\0001\0000\000-\0002\000-\0006\000-\0004\000-\0003\000-\0006\000-\0007\000-\0001\0001\000-\0005\000-\0001\0001\000-\0001\0000\000-\0002}{section.5}% 160
\BOOKMARK [2][]{section*.2}{\376\377\0005\000-\0001\0001\000-\0001\0002\000-\0005\000-\0005\000-\0003\000-\0001\0002\000-\0007\000-\0002\000-\0006\000-\0003\000-\0007\000-\0005\000-\0009\000-\0002\000-\0001\0001}{section.5}% 161
\BOOKMARK [2][]{section*.2}{\376\377\0005\000-\0001\0001\000-\0006\000-\0001\0001\000-\0009\000-\0003\000-\0003\000-\0006\000-\0005\000-\0008\000-\0003\000-\0008\000-\0008\000-\0009\000-\0001\0000\000-\0009}{section.5}% 162
\BOOKMARK [2][]{section*.2}{\376\377\0005\000-\0001\0001\000-\0008\000-\0004\000-\0006\000-\0001\0000\000-\0002\000-\0009\000-\0002\000-\0005\000-\0006\000-\0006\000-\0007\000-\0005\000-\0003\000-\0005}{section.5}% 163
\BOOKMARK [2][]{section*.2}{\376\377\0005\000-\0001\0002\000-\0004\000-\0009\000-\0001\0000\000-\0007\000-\0001\0001\000-\0001\0000\000-\0001\0002\000-\0005\000-\0008\000-\0001\0000\000-\0002\000-\0001\0001\000-\0006\000-\0006}{section.5}% 164
\BOOKMARK [2][]{section*.2}{\376\377\0005\000-\0002\000-\0001\0001\000-\0002\000-\0005\000-\0008\000-\0005\000-\0001\0001\000-\0007\000-\0005\000-\0002\000-\0002\000-\0001\0002\000-\0002\000-\0001\0001\000-\0004}{section.5}% 165
\BOOKMARK [2][]{section*.2}{\376\377\0005\000-\0002\000-\0003\000-\0003\000-\0003\000-\0005\000-\0004\000-\0001\0002\000-\0009\000-\0006\000-\0007\000-\0006\000-\0009\000-\0004\000-\0007\000-\0007}{section.5}% 166
\BOOKMARK [2][]{section*.2}{\376\377\0005\000-\0003\000-\0004\000-\0009\000-\0009\000-\0001\0001\000-\0003\000-\0008\000-\0001\0001\000-\0007\000-\0008\000-\0009\000-\0002\000-\0001\0001\000-\0003\000-\0008}{section.5}% 167
\BOOKMARK [2][]{section*.2}{\376\377\0005\000-\0003\000-\0007\000-\0005\000-\0002\000-\0002\000-\0001\0002\000-\0001\0000\000-\0001\0001\000-\0006\000-\0004\000-\0001\0002\000-\0007\000-\0009\000-\0007\000-\0005}{section.5}% 168
\BOOKMARK [2][]{section*.2}{\376\377\0005\000-\0004\000-\0009\000-\0007\000-\0005\000-\0001\0000\000-\0005\000-\0001\0001\000-\0004\000-\0005\000-\0004\000-\0002\000-\0006\000-\0001\0000\000-\0008\000-\0001\0001}{section.5}% 169
\BOOKMARK [2][]{section*.2}{\376\377\0005\000-\0005\000-\0002\000-\0008\000-\0006\000-\0009\000-\0001\0000\000-\0005\000-\0008\000-\0009\000-\0002\000-\0008\000-\0004\000-\0007\000-\0003\000-\0001\0001}{section.5}% 170
\BOOKMARK [2][]{section*.2}{\376\377\0005\000-\0005\000-\0006\000-\0006\000-\0003\000-\0008\000-\0001\0000\000-\0004\000-\0007\000-\0002\000-\0001\0000\000-\0003\000-\0006\000-\0001\0000\000-\0005\000-\0003}{section.5}% 171
\BOOKMARK [2][]{section*.2}{\376\377\0005\000-\0006\000-\0003\000-\0001\0001\000-\0001\0000\000-\0006\000-\0006\000-\0007\000-\0002\000-\0003\000-\0002\000-\0001\0000\000-\0003\000-\0008\000-\0002\000-\0008}{section.5}% 172
\BOOKMARK [2][]{section*.2}{\376\377\0005\000-\0007\000-\0001\0001\000-\0002\000-\0006\000-\0002\000-\0001\0002\000-\0001\0001\000-\0008\000-\0005\000-\0008\000-\0001\0000\000-\0005\000-\0008\000-\0007\000-\0009}{section.5}% 173
\BOOKMARK [2][]{section*.2}{\376\377\0005\000-\0007\000-\0003\000-\0007\000-\0006\000-\0001\0001\000-\0007\000-\0004\000-\0006\000-\0006\000-\0001\0001\000-\0006\000-\0005\000-\0001\0001\000-\0001\0001\000-\0003}{section.5}% 174
\BOOKMARK [2][]{section*.2}{\376\377\0005\000-\0008\000-\0003\000-\0007\000-\0008\000-\0005\000-\0006\000-\0001\0001\000-\0001\0000\000-\0001\0002\000-\0001\0001\000-\0007\000-\0007\000-\0001\0000\000-\0002\000-\0008}{section.5}% 175
\BOOKMARK [2][]{section*.2}{\376\377\0005\000-\0008\000-\0004\000-\0002\000-\0001\0001\000-\0005\000-\0003\000-\0009\000-\0001\0002\000-\0006\000-\0001\0000\000-\0001\0001\000-\0009\000-\0003\000-\0008\000-\0002}{section.5}% 176
\BOOKMARK [2][]{section*.2}{\376\377\0005\000-\0008\000-\0006\000-\0005\000-\0001\0001\000-\0001\0002\000-\0001\0000\000-\0002\000-\0004\000-\0007\000-\0008\000-\0002\000-\0008\000-\0001\0000\000-\0003\000-\0001\0001}{section.5}% 177
\BOOKMARK [2][]{section*.2}{\376\377\0006\000-\0001\0000\000-\0001\0000\000-\0002\000-\0001\0002\000-\0001\0000\000-\0007\000-\0007\000-\0005\000-\0001\0002\000-\0006\000-\0001\0001\000-\0004\000-\0001\0001\000-\0001\0001\000-\0001\0001}{section.5}% 178
\BOOKMARK [2][]{section*.2}{\376\377\0006\000-\0001\0000\000-\0007\000-\0002\000-\0006\000-\0004\000-\0008\000-\0002\000-\0001\0000\000-\0009\000-\0001\0002\000-\0004\000-\0005\000-\0008\000-\0003\000-\0003}{section.5}% 179
\BOOKMARK [2][]{section*.2}{\376\377\0006\000-\0001\0000\000-\0008\000-\0009\000-\0001\0000\000-\0001\0000\000-\0003\000-\0004\000-\0003\000-\0001\0002\000-\0003\000-\0007\000-\0001\0001\000-\0006\000-\0007\000-\0007}{section.5}% 180
\BOOKMARK [2][]{section*.2}{\376\377\0006\000-\0001\0001\000-\0006\000-\0006\000-\0008\000-\0006\000-\0001\0000\000-\0001\0000\000-\0002\000-\0008\000-\0008\000-\0005\000-\0001\0001\000-\0006\000-\0008\000-\0009}{section.5}% 181
\BOOKMARK [2][]{section*.2}{\376\377\0006\000-\0002\000-\0003\000-\0004\000-\0006\000-\0001\0002\000-\0009\000-\0008\000-\0007\000-\0001\0000\000-\0005\000-\0006\000-\0008\000-\0002\000-\0002\000-\0008}{section.5}% 182
\BOOKMARK [2][]{section*.2}{\376\377\0006\000-\0003\000-\0006\000-\0006\000-\0006\000-\0004\000-\0009\000-\0002\000-\0001\0000\000-\0008\000-\0002\000-\0003\000-\0001\0001\000-\0002\000-\0001\0002\000-\0003}{section.5}% 183
\BOOKMARK [2][]{section*.2}{\376\377\0006\000-\0004\000-\0006\000-\0002\000-\0008\000-\0001\0001\000-\0003\000-\0006\000-\0003\000-\0002\000-\0003\000-\0008\000-\0004\000-\0003\000-\0003\000-\0008}{section.5}% 184
\BOOKMARK [2][]{section*.2}{\376\377\0006\000-\0004\000-\0008\000-\0002\000-\0001\0002\000-\0003\000-\0008\000-\0001\0001\000-\0001\0001\000-\0004\000-\0006\000-\0006\000-\0007\000-\0001\0001\000-\0001\0001\000-\0005}{section.5}% 185
\BOOKMARK [2][]{section*.2}{\376\377\0006\000-\0005\000-\0007\000-\0004\000-\0005\000-\0003\000-\0001\0002\000-\0008\000-\0004\000-\0001\0002\000-\0001\0000\000-\0002\000-\0006\000-\0005\000-\0006\000-\0003}{section.5}% 186
\BOOKMARK [2][]{section*.2}{\376\377\0006\000-\0005\000-\0008\000-\0001\0002\000-\0001\0002\000-\0005\000-\0004\000-\0001\0001\000-\0005\000-\0001\0000\000-\0001\0001\000-\0005\000-\0006\000-\0006\000-\0001\0002\000-\0009}{section.5}% 187
\BOOKMARK [2][]{section*.2}{\376\377\0006\000-\0005\000-\0008\000-\0002\000-\0008\000-\0006\000-\0006\000-\0006\000-\0009\000-\0009\000-\0002\000-\0005\000-\0003\000-\0003\000-\0006\000-\0009}{section.5}% 188
\BOOKMARK [2][]{section*.2}{\376\377\0006\000-\0005\000-\0009\000-\0005\000-\0001\0002\000-\0001\0001\000-\0003\000-\0009\000-\0001\0000\000-\0008\000-\0004\000-\0001\0000\000-\0001\0000\000-\0002\000-\0009\000-\0004}{section.5}% 189
\BOOKMARK [2][]{section*.2}{\376\377\0006\000-\0006\000-\0001\0002\000-\0008\000-\0006\000-\0007\000-\0001\0000\000-\0007\000-\0009\000-\0001\0000\000-\0008\000-\0003\000-\0001\0000\000-\0001\0000\000-\0009\000-\0002}{section.5}% 190
\BOOKMARK [2][]{section*.2}{\376\377\0006\000-\0006\000-\0007\000-\0009\000-\0008\000-\0004\000-\0001\0002\000-\0001\0002\000-\0002\000-\0001\0001\000-\0001\0001\000-\0007\000-\0001\0000\000-\0001\0001\000-\0004\000-\0004}{section.5}% 191
\BOOKMARK [2][]{section*.2}{\376\377\0006\000-\0007\000-\0002\000-\0007\000-\0007\000-\0008\000-\0007\000-\0005\000-\0003\000-\0006\000-\0002\000-\0006\000-\0003\000-\0004\000-\0001\0002\000-\0006}{section.5}% 192
\BOOKMARK [2][]{section*.2}{\376\377\0006\000-\0008\000-\0001\0002\000-\0001\0000\000-\0004\000-\0005\000-\0006\000-\0009\000-\0003\000-\0004\000-\0003\000-\0001\0000\000-\0004\000-\0001\0000\000-\0005\000-\0005}{section.5}% 193
\BOOKMARK [2][]{section*.2}{\376\377\0006\000-\0008\000-\0002\000-\0008\000-\0001\0000\000-\0006\000-\0001\0001\000-\0002\000-\0008\000-\0005\000-\0001\0001\000-\0008\000-\0006\000-\0001\0001\000-\0009\000-\0001\0001}{section.5}% 194
\BOOKMARK [2][]{section*.2}{\376\377\0006\000-\0008\000-\0008\000-\0007\000-\0001\0000\000-\0001\0001\000-\0005\000-\0005\000-\0009\000-\0006\000-\0009\000-\0005\000-\0007\000-\0002\000-\0005\000-\0009}{section.5}% 195
\BOOKMARK [2][]{section*.2}{\376\377\0006\000-\0008\000-\0009\000-\0004\000-\0002\000-\0003\000-\0009\000-\0001\0001\000-\0005\000-\0008\000-\0007\000-\0002\000-\0009\000-\0003\000-\0005\000-\0004}{section.5}% 196
\BOOKMARK [2][]{section*.2}{\376\377\0006\000-\0009\000-\0002\000-\0001\0002\000-\0006\000-\0002\000-\0008\000-\0009\000-\0006\000-\0001\0000\000-\0008\000-\0004\000-\0001\0001\000-\0001\0001\000-\0007\000-\0003}{section.5}% 197
\BOOKMARK [2][]{section*.2}{\376\377\0006\000-\0009\000-\0005\000-\0003\000-\0008\000-\0002\000-\0004\000-\0007\000-\0007\000-\0001\0001\000-\0001\0000\000-\0006\000-\0001\0000\000-\0004\000-\0001\0002\000-\0007}{section.5}% 198
\BOOKMARK [2][]{section*.2}{\376\377\0006\000-\0009\000-\0008\000-\0003\000-\0001\0001\000-\0005\000-\0008\000-\0001\0001\000-\0001\0000\000-\0005\000-\0001\0000\000-\0001\0002\000-\0001\0000\000-\0008\000-\0009\000-\0007}{section.5}% 199
\BOOKMARK [2][]{section*.2}{\376\377\0006\000-\0009\000-\0008\000-\0008\000-\0005\000-\0001\0002\000-\0009\000-\0003\000-\0008\000-\0004\000-\0006\000-\0001\0000\000-\0008\000-\0001\0002\000-\0009\000-\0002}{section.5}% 200
\BOOKMARK [2][]{section*.2}{\376\377\0007\000-\0001\0000\000-\0006\000-\0001\0001\000-\0008\000-\0001\0000\000-\0005\000-\0003\000-\0001\0000\000-\0004\000-\0007\000-\0001\0002\000-\0004\000-\0003\000-\0001\0000\000-\0002}{section.5}% 201
\BOOKMARK [2][]{section*.2}{\376\377\0007\000-\0001\0000\000-\0006\000-\0007\000-\0004\000-\0009\000-\0008\000-\0001\0001\000-\0002\000-\0001\0001\000-\0003\000-\0005\000-\0008\000-\0001\0000\000-\0006\000-\0002}{section.5}% 202
\BOOKMARK [2][]{section*.2}{\376\377\0007\000-\0001\0001\000-\0001\0001\000-\0009\000-\0005\000-\0005\000-\0001\0002\000-\0002\000-\0001\0002\000-\0007\000-\0001\0001\000-\0008\000-\0005\000-\0007\000-\0002\000-\0002}{section.5}% 203
\BOOKMARK [2][]{section*.2}{\376\377\0007\000-\0001\0001\000-\0006\000-\0001\0001\000-\0001\0000\000-\0008\000-\0002\000-\0006\000-\0001\0000\000-\0009\000-\0001\0001\000-\0001\0002\000-\0009\000-\0005\000-\0006\000-\0005}{section.5}% 204
\BOOKMARK [2][]{section*.2}{\376\377\0007\000-\0001\0002\000-\0006\000-\0007\000-\0001\0002\000-\0008\000-\0009\000-\0001\0001\000-\0001\0001\000-\0004\000-\0001\0000\000-\0005\000-\0007\000-\0002\000-\0008\000-\0002}{section.5}% 205
\BOOKMARK [2][]{section*.2}{\376\377\0007\000-\0002\000-\0001\0001\000-\0001\0001\000-\0003\000-\0008\000-\0003\000-\0007\000-\0006\000-\0008\000-\0001\0001\000-\0001\0002\000-\0004\000-\0003\000-\0008\000-\0005}{section.5}% 206
\BOOKMARK [2][]{section*.2}{\376\377\0007\000-\0002\000-\0001\0001\000-\0004\000-\0001\0000\000-\0001\0001\000-\0005\000-\0005\000-\0008\000-\0001\0002\000-\0007\000-\0008\000-\0004\000-\0001\0001\000-\0003\000-\0004}{section.5}% 207
\BOOKMARK [2][]{section*.2}{\376\377\0007\000-\0002\000-\0004\000-\0007\000-\0003\000-\0009\000-\0002\000-\0001\0001\000-\0004\000-\0008\000-\0004\000-\0004\000-\0008\000-\0005\000-\0001\0000\000-\0008}{section.5}% 208
\BOOKMARK [2][]{section*.2}{\376\377\0007\000-\0002\000-\0007\000-\0007\000-\0006\000-\0001\0001\000-\0001\0000\000-\0001\0000\000-\0005\000-\0006\000-\0001\0002\000-\0001\0002\000-\0001\0000\000-\0001\0001\000-\0004\000-\0004}{section.5}% 209
\BOOKMARK [2][]{section*.2}{\376\377\0007\000-\0003\000-\0001\0001\000-\0008\000-\0008\000-\0005\000-\0001\0002\000-\0007\000-\0001\0001\000-\0001\0000\000-\0009\000-\0009\000-\0001\0001\000-\0001\0000\000-\0002\000-\0006}{section.5}% 210
\BOOKMARK [2][]{section*.2}{\376\377\0007\000-\0003\000-\0008\000-\0003\000-\0006\000-\0005\000-\0006\000-\0004\000-\0009\000-\0004\000-\0002\000-\0001\0000\000-\0004\000-\0001\0000\000-\0001\0000\000-\0007}{section.5}% 211
\BOOKMARK [2][]{section*.2}{\376\377\0007\000-\0004\000-\0005\000-\0006\000-\0002\000-\0001\0002\000-\0007\000-\0003\000-\0009\000-\0006\000-\0009\000-\0002\000-\0003\000-\0004\000-\0002\000-\0006}{section.5}% 212
\BOOKMARK [2][]{section*.2}{\376\377\0007\000-\0006\000-\0008\000-\0001\0001\000-\0002\000-\0002\000-\0003\000-\0007\000-\0001\0000\000-\0004\000-\0008\000-\0008\000-\0006\000-\0009\000-\0004\000-\0003}{section.5}% 213
\BOOKMARK [2][]{section*.2}{\376\377\0007\000-\0006\000-\0009\000-\0006\000-\0001\0000\000-\0003\000-\0003\000-\0008\000-\0003\000-\0006\000-\0002\000-\0005\000-\0001\0002\000-\0008\000-\0002\000-\0001\0000}{section.5}% 214
\BOOKMARK [2][]{section*.2}{\376\377\0007\000-\0007\000-\0005\000-\0003\000-\0001\0000\000-\0005\000-\0006\000-\0008\000-\0008\000-\0001\0002\000-\0006\000-\0006\000-\0006\000-\0009\000-\0006\000-\0003}{section.5}% 215
\BOOKMARK [2][]{section*.2}{\376\377\0007\000-\0008\000-\0004\000-\0008\000-\0002\000-\0001\0000\000-\0006\000-\0005\000-\0007\000-\0004\000-\0002\000-\0001\0001\000-\0006\000-\0006\000-\0005\000-\0009}{section.5}% 216
\BOOKMARK [2][]{section*.2}{\376\377\0007\000-\0008\000-\0008\000-\0001\0001\000-\0005\000-\0001\0000\000-\0005\000-\0008\000-\0002\000-\0009\000-\0006\000-\0006\000-\0009\000-\0009\000-\0003\000-\0001\0001}{section.5}% 217
\BOOKMARK [2][]{section*.2}{\376\377\0007\000-\0008\000-\0009\000-\0002\000-\0005\000-\0001\0000\000-\0008\000-\0007\000-\0001\0001\000-\0006\000-\0001\0002\000-\0001\0000\000-\0004\000-\0008\000-\0009\000-\0002}{section.5}% 218
\BOOKMARK [2][]{section*.2}{\376\377\0007\000-\0009\000-\0001\0000\000-\0002\000-\0002\000-\0008\000-\0004\000-\0007\000-\0005\000-\0008\000-\0008\000-\0009\000-\0007\000-\0003\000-\0003\000-\0004}{section.5}% 219
\BOOKMARK [2][]{section*.2}{\376\377\0007\000-\0009\000-\0008\000-\0003\000-\0007\000-\0001\0000\000-\0003\000-\0001\0000\000-\0005\000-\0007\000-\0005\000-\0009\000-\0006\000-\0004\000-\0008\000-\0001\0002}{section.5}% 220
\BOOKMARK [2][]{section*.2}{\376\377\0008\000-\0001\0000\000-\0005\000-\0003\000-\0003\000-\0004\000-\0003\000-\0005\000-\0008\000-\0002\000-\0004\000-\0002\000-\0001\0001\000-\0002\000-\0002\000-\0009}{section.5}% 221
\BOOKMARK [2][]{section*.2}{\376\377\0008\000-\0001\0000\000-\0007\000-\0008\000-\0004\000-\0008\000-\0001\0001\000-\0009\000-\0004\000-\0001\0000\000-\0009\000-\0006\000-\0001\0002\000-\0001\0000\000-\0008\000-\0007}{section.5}% 222
\BOOKMARK [2][]{section*.2}{\376\377\0008\000-\0001\0001\000-\0001\0001\000-\0001\0000\000-\0006\000-\0009\000-\0001\0000\000-\0008\000-\0006\000-\0001\0001\000-\0003\000-\0001\0001\000-\0001\0000\000-\0005\000-\0003\000-\0001\0002}{section.5}% 223
\BOOKMARK [2][]{section*.2}{\376\377\0008\000-\0001\0001\000-\0008\000-\0003\000-\0003\000-\0005\000-\0001\0001\000-\0007\000-\0002\000-\0008\000-\0001\0000\000-\0001\0001\000-\0008\000-\0007\000-\0009\000-\0005}{section.5}% 224
\BOOKMARK [2][]{section*.2}{\376\377\0008\000-\0002\000-\0002\000-\0002\000-\0001\0001\000-\0002\000-\0007\000-\0007\000-\0008\000-\0008\000-\0002\000-\0003\000-\0005\000-\0004\000-\0001\0002\000-\0005}{section.5}% 225
\BOOKMARK [2][]{section*.2}{\376\377\0008\000-\0002\000-\0003\000-\0002\000-\0004\000-\0007\000-\0002\000-\0004\000-\0009\000-\0003\000-\0001\0001\000-\0001\0000\000-\0001\0001\000-\0009\000-\0002\000-\0001\0001}{section.5}% 226
\BOOKMARK [2][]{section*.2}{\376\377\0008\000-\0002\000-\0004\000-\0003\000-\0001\0000\000-\0009\000-\0001\0000\000-\0006\000-\0008\000-\0003\000-\0001\0002\000-\0008\000-\0001\0000\000-\0009\000-\0008\000-\0007}{section.5}% 227
\BOOKMARK [2][]{section*.2}{\376\377\0008\000-\0002\000-\0005\000-\0004\000-\0005\000-\0006\000-\0008\000-\0001\0002\000-\0007\000-\0002\000-\0003\000-\0008\000-\0008\000-\0003\000-\0001\0000\000-\0001\0001}{section.5}% 228
\BOOKMARK [2][]{section*.2}{\376\377\0008\000-\0003\000-\0006\000-\0001\0000\000-\0002\000-\0009\000-\0001\0001\000-\0007\000-\0001\0002\000-\0001\0000\000-\0007\000-\0002\000-\0004\000-\0006\000-\0008\000-\0007}{section.5}% 229
\BOOKMARK [2][]{section*.2}{\376\377\0008\000-\0003\000-\0007\000-\0005\000-\0005\000-\0006\000-\0004\000-\0005\000-\0002\000-\0002\000-\0004\000-\0001\0002\000-\0002\000-\0007\000-\0001\0000\000-\0005}{section.5}% 230
\BOOKMARK [2][]{section*.2}{\376\377\0008\000-\0004\000-\0008\000-\0001\0000\000-\0009\000-\0006\000-\0002\000-\0009\000-\0005\000-\0009\000-\0007\000-\0001\0000\000-\0001\0000\000-\0002\000-\0004\000-\0001\0002}{section.5}% 231
\BOOKMARK [2][]{section*.2}{\376\377\0008\000-\0005\000-\0001\0001\000-\0005\000-\0003\000-\0001\0000\000-\0006\000-\0001\0000\000-\0004\000-\0001\0000\000-\0001\0000\000-\0006\000-\0001\0002\000-\0002\000-\0008\000-\0008}{section.5}% 232
\BOOKMARK [2][]{section*.2}{\376\377\0008\000-\0005\000-\0004\000-\0001\0002\000-\0006\000-\0002\000-\0003\000-\0009\000-\0001\0000\000-\0006\000-\0004\000-\0008\000-\0002\000-\0001\0000\000-\0001\0001\000-\0001\0001}{section.5}% 233
\BOOKMARK [2][]{section*.2}{\376\377\0008\000-\0005\000-\0007\000-\0008\000-\0003\000-\0001\0001\000-\0001\0000\000-\0007\000-\0001\0002\000-\0004\000-\0003\000-\0001\0002\000-\0004\000-\0005\000-\0003\000-\0001\0002}{section.5}% 234
\BOOKMARK [2][]{section*.2}{\376\377\0008\000-\0006\000-\0002\000-\0001\0000\000-\0008\000-\0004\000-\0004\000-\0007\000-\0002\000-\0008\000-\0006\000-\0001\0001\000-\0003\000-\0009\000-\0001\0002\000-\0004}{section.5}% 235
\BOOKMARK [2][]{section*.2}{\376\377\0008\000-\0008\000-\0001\0000\000-\0001\0000\000-\0001\0002\000-\0002\000-\0001\0000\000-\0001\0002\000-\0002\000-\0001\0002\000-\0004\000-\0004\000-\0003\000-\0003\000-\0001\0001\000-\0001\0002}{section.5}% 236
\BOOKMARK [2][]{section*.2}{\376\377\0008\000-\0008\000-\0007\000-\0007\000-\0003\000-\0006\000-\0001\0000\000-\0001\0000\000-\0001\0002\000-\0005\000-\0009\000-\0001\0002\000-\0005\000-\0001\0000\000-\0001\0000\000-\0007}{section.5}% 237
\BOOKMARK [2][]{section*.2}{\376\377\0008\000-\0008\000-\0008\000-\0001\0001\000-\0001\0002\000-\0009\000-\0001\0000\000-\0001\0002\000-\0004\000-\0008\000-\0004\000-\0001\0000\000-\0005\000-\0005\000-\0002\000-\0008}{section.5}% 238
\BOOKMARK [2][]{section*.2}{\376\377\0008\000-\0009\000-\0002\000-\0001\0000\000-\0003\000-\0002\000-\0005\000-\0004\000-\0003\000-\0003\000-\0002\000-\0002\000-\0004\000-\0004\000-\0002\000-\0004}{section.5}% 239
\BOOKMARK [2][]{section*.2}{\376\377\0009\000-\0001\0000\000-\0005\000-\0004\000-\0005\000-\0009\000-\0004\000-\0002\000-\0009\000-\0004\000-\0005\000-\0003\000-\0006\000-\0008\000-\0005\000-\0003}{section.5}% 240
\BOOKMARK [2][]{section*.2}{\376\377\0009\000-\0001\0000\000-\0009\000-\0005\000-\0002\000-\0001\0000\000-\0006\000-\0004\000-\0007\000-\0002\000-\0004\000-\0001\0000\000-\0002\000-\0002\000-\0005\000-\0002}{section.5}% 241
\BOOKMARK [2][]{section*.2}{\376\377\0009\000-\0001\0001\000-\0005\000-\0004\000-\0001\0001\000-\0005\000-\0001\0002\000-\0003\000-\0005\000-\0009\000-\0001\0000\000-\0007\000-\0004\000-\0001\0000\000-\0004\000-\0007}{section.5}% 242
\BOOKMARK [2][]{section*.2}{\376\377\0009\000-\0001\0001\000-\0006\000-\0009\000-\0007\000-\0001\0001\000-\0006\000-\0009\000-\0007\000-\0008\000-\0001\0000\000-\0007\000-\0005\000-\0004\000-\0006\000-\0007}{section.5}% 243
\BOOKMARK [2][]{section*.2}{\376\377\0009\000-\0001\0002\000-\0005\000-\0007\000-\0006\000-\0004\000-\0005\000-\0008\000-\0001\0002\000-\0002\000-\0004\000-\0009\000-\0009\000-\0008\000-\0003\000-\0007}{section.5}% 244
\BOOKMARK [2][]{section*.2}{\376\377\0009\000-\0001\0002\000-\0006\000-\0003\000-\0001\0002\000-\0007\000-\0002\000-\0002\000-\0001\0000\000-\0009\000-\0008\000-\0009\000-\0001\0000\000-\0003\000-\0001\0002\000-\0002}{section.5}% 245
\BOOKMARK [2][]{section*.2}{\376\377\0009\000-\0002\000-\0001\0000\000-\0001\0002\000-\0003\000-\0005\000-\0001\0001\000-\0003\000-\0006\000-\0001\0001\000-\0003\000-\0001\0000\000-\0001\0002\000-\0005\000-\0005\000-\0009}{section.5}% 246
\BOOKMARK [2][]{section*.2}{\376\377\0009\000-\0002\000-\0001\0002\000-\0005\000-\0008\000-\0004\000-\0007\000-\0007\000-\0006\000-\0001\0000\000-\0001\0002\000-\0001\0002\000-\0001\0001\000-\0009\000-\0002\000-\0001\0001}{section.5}% 247
\BOOKMARK [2][]{section*.2}{\376\377\0009\000-\0003\000-\0008\000-\0008\000-\0009\000-\0004\000-\0001\0000\000-\0005\000-\0002\000-\0006\000-\0001\0002\000-\0001\0001\000-\0006\000-\0005\000-\0004\000-\0002}{section.5}% 248
\BOOKMARK [2][]{section*.2}{\376\377\0009\000-\0003\000-\0009\000-\0001\0000\000-\0007\000-\0001\0002\000-\0005\000-\0002\000-\0003\000-\0001\0001\000-\0001\0002\000-\0002\000-\0001\0000\000-\0003\000-\0007\000-\0007}{section.5}% 249
\BOOKMARK [2][]{section*.2}{\376\377\0009\000-\0004\000-\0001\0002\000-\0004\000-\0004\000-\0001\0000\000-\0009\000-\0007\000-\0001\0000\000-\0002\000-\0001\0001\000-\0007\000-\0006\000-\0006\000-\0003\000-\0004}{section.5}% 250
\BOOKMARK [2][]{section*.2}{\376\377\0009\000-\0004\000-\0005\000-\0009\000-\0006\000-\0001\0001\000-\0008\000-\0006\000-\0001\0000\000-\0001\0002\000-\0005\000-\0001\0001\000-\0003\000-\0008\000-\0006\000-\0002}{section.5}% 251
\BOOKMARK [2][]{section*.2}{\376\377\0009\000-\0004\000-\0006\000-\0005\000-\0001\0001\000-\0008\000-\0001\0001\000-\0006\000-\0006\000-\0001\0002\000-\0008\000-\0004\000-\0006\000-\0001\0001\000-\0007\000-\0006}{section.5}% 252
\BOOKMARK [2][]{section*.2}{\376\377\0009\000-\0004\000-\0006\000-\0006\000-\0003\000-\0001\0001\000-\0001\0001\000-\0006\000-\0009\000-\0001\0000\000-\0003\000-\0003\000-\0002\000-\0001\0001\000-\0003\000-\0008}{section.5}% 253
\BOOKMARK [2][]{section*.2}{\376\377\0009\000-\0005\000-\0009\000-\0003\000-\0005\000-\0008\000-\0001\0002\000-\0007\000-\0001\0000\000-\0007\000-\0001\0000\000-\0008\000-\0004\000-\0007\000-\0001\0002\000-\0007}{section.5}% 254
\BOOKMARK [2][]{section*.2}{\376\377\0009\000-\0006\000-\0001\0002\000-\0005\000-\0008\000-\0008\000-\0008\000-\0001\0002\000-\0006\000-\0005\000-\0005\000-\0004\000-\0006\000-\0001\0002\000-\0001\0001\000-\0007}{section.5}% 255
\BOOKMARK [2][]{section*.2}{\376\377\0009\000-\0006\000-\0009\000-\0003\000-\0005\000-\0004\000-\0004\000-\0008\000-\0004\000-\0001\0000\000-\0009\000-\0002\000-\0004\000-\0009\000-\0003\000-\0001\0001}{section.5}% 256
\BOOKMARK [2][]{section*.2}{\376\377\0009\000-\0007\000-\0005\000-\0009\000-\0009\000-\0007\000-\0002\000-\0009\000-\0005\000-\0001\0000\000-\0004\000-\0007\000-\0005\000-\0001\0000\000-\0009\000-\0001\0000}{section.5}% 257
\BOOKMARK [2][]{section*.2}{\376\377\0009\000-\0007\000-\0008\000-\0001\0002\000-\0001\0001\000-\0004\000-\0008\000-\0009\000-\0001\0002\000-\0002\000-\0008\000-\0008\000-\0003\000-\0003\000-\0004\000-\0004}{section.5}% 258
\BOOKMARK [2][]{section*.2}{\376\377\0009\000-\0007\000-\0009\000-\0003\000-\0008\000-\0007\000-\0007\000-\0005\000-\0009\000-\0002\000-\0008\000-\0007\000-\0009\000-\0004\000-\0002\000-\0009}{section.5}% 259
\BOOKMARK [2][]{section*.2}{\376\377\0009\000-\0008\000-\0001\0001\000-\0003\000-\0001\0001\000-\0001\0002\000-\0007\000-\0009\000-\0001\0002\000-\0006\000-\0002\000-\0005\000-\0002\000-\0003\000-\0001\0000\000-\0004}{section.5}% 260
\BOOKMARK [2][]{section*.2}{\376\377\0009\000-\0008\000-\0008\000-\0007\000-\0001\0000\000-\0001\0002\000-\0009\000-\0001\0002\000-\0005\000-\0001\0000\000-\0005\000-\0009\000-\0003\000-\0005\000-\0009\000-\0003}{section.5}% 261
\BOOKMARK [2][]{section*.2}{\376\377\0009\000-\0009\000-\0009\000-\0008\000-\0004\000-\0008\000-\0006\000-\0006\000-\0001\0001\000-\0003\000-\0009\000-\0008\000-\0008\000-\0001\0000\000-\0002\000-\0005}{section.5}% 262
\BOOKMARK [1][]{section.6}{\376\377\0006\000\040\000L\000i\000c\000e\000n\000s\000e}{}% 263
