\addcontentsline{toc}{subsection}{10-10-6-3-5-5-11-7-8-12-5-3-7-6-6-4001}
\begin{figure}[H]
	\centering
	\def\svgwidth{\columnwidth}
	\input{K516f-10-10-6-3-5-5-11-7-8-12-5-3-7-6-6-4001.pdf_tex}
\end{figure}
\nopagebreak[4]
{\footnotesize For audio (midi): \hyperref{./K516f-10-10-6-3-5-5-11-7-8-12-5-3-7-6-6-4001.mid}{}{}{K516f-10-10-6-3-5-5-11-7-8-12-5-3-7-6-6-4001.mid}}

\addcontentsline{toc}{subsection}{10-10-7-8-6-11-3-6-5-11-4-5-4-11-10-10001}
\begin{figure}[H]
	\centering
	\def\svgwidth{\columnwidth}
	\input{K516f-10-10-7-8-6-11-3-6-5-11-4-5-4-11-10-10001.pdf_tex}
\end{figure}
\nopagebreak[4]
{\footnotesize For audio (midi): \hyperref{./K516f-10-10-7-8-6-11-3-6-5-11-4-5-4-11-10-10001.mid}{}{}{K516f-10-10-7-8-6-11-3-6-5-11-4-5-4-11-10-10001.mid}}

\addcontentsline{toc}{subsection}{10-10-8-2-9-6-8-11-11-12-7-12-4-7-9-7001}
\begin{figure}[H]
	\centering
	\def\svgwidth{\columnwidth}
	\input{K516f-10-10-8-2-9-6-8-11-11-12-7-12-4-7-9-7001.pdf_tex}
\end{figure}
\nopagebreak[4]
{\footnotesize For audio (midi): \hyperref{./K516f-10-10-8-2-9-6-8-11-11-12-7-12-4-7-9-7001.mid}{}{}{K516f-10-10-8-2-9-6-8-11-11-12-7-12-4-7-9-7001.mid}}

\addcontentsline{toc}{subsection}{10-11-3-11-9-12-8-9-5-7-9-9-3-9-8-3001}
\begin{figure}[H]
	\centering
	\def\svgwidth{\columnwidth}
	\input{K516f-10-11-3-11-9-12-8-9-5-7-9-9-3-9-8-3001.pdf_tex}
\end{figure}
\nopagebreak[4]
{\footnotesize For audio (midi): \hyperref{./K516f-10-11-3-11-9-12-8-9-5-7-9-9-3-9-8-3001.mid}{}{}{K516f-10-11-3-11-9-12-8-9-5-7-9-9-3-9-8-3001.mid}}

\addcontentsline{toc}{subsection}{10-11-4-2-6-7-3-4-9-8-5-10-7-12-9-10001}
\begin{figure}[H]
	\centering
	\def\svgwidth{\columnwidth}
	\input{K516f-10-11-4-2-6-7-3-4-9-8-5-10-7-12-9-10001.pdf_tex}
\end{figure}
\nopagebreak[4]
{\footnotesize For audio (midi): \hyperref{./K516f-10-11-4-2-6-7-3-4-9-8-5-10-7-12-9-10001.mid}{}{}{K516f-10-11-4-2-6-7-3-4-9-8-5-10-7-12-9-10001.mid}}

\addcontentsline{toc}{subsection}{10-11-8-7-3-8-3-3-4-6-7-6-11-12-12-3001}
\begin{figure}[H]
	\centering
	\def\svgwidth{\columnwidth}
	\input{K516f-10-11-8-7-3-8-3-3-4-6-7-6-11-12-12-3001.pdf_tex}
\end{figure}
\nopagebreak[4]
{\footnotesize For audio (midi): \hyperref{./K516f-10-11-8-7-3-8-3-3-4-6-7-6-11-12-12-3001.mid}{}{}{K516f-10-11-8-7-3-8-3-3-4-6-7-6-11-12-12-3001.mid}}

\addcontentsline{toc}{subsection}{10-12-10-8-2-11-9-9-10-3-10-4-6-10-4-2001}
\begin{figure}[H]
	\centering
	\def\svgwidth{\columnwidth}
	\input{K516f-10-12-10-8-2-11-9-9-10-3-10-4-6-10-4-2001.pdf_tex}
\end{figure}
\nopagebreak[4]
{\footnotesize For audio (midi): \hyperref{./K516f-10-12-10-8-2-11-9-9-10-3-10-4-6-10-4-2001.mid}{}{}{K516f-10-12-10-8-2-11-9-9-10-3-10-4-6-10-4-2001.mid}}

\addcontentsline{toc}{subsection}{10-12-12-12-10-5-10-7-5-3-5-3-11-12-3-2001}
\begin{figure}[H]
	\centering
	\def\svgwidth{\columnwidth}
	\input{K516f-10-12-12-12-10-5-10-7-5-3-5-3-11-12-3-2001.pdf_tex}
\end{figure}
\nopagebreak[4]
{\footnotesize For audio (midi): \hyperref{./K516f-10-12-12-12-10-5-10-7-5-3-5-3-11-12-3-2001.mid}{}{}{K516f-10-12-12-12-10-5-10-7-5-3-5-3-11-12-3-2001.mid}}

\addcontentsline{toc}{subsection}{10-12-3-10-8-4-2-12-10-5-11-10-7-7-9-10001}
\begin{figure}[H]
	\centering
	\def\svgwidth{\columnwidth}
	\input{K516f-10-12-3-10-8-4-2-12-10-5-11-10-7-7-9-10001.pdf_tex}
\end{figure}
\nopagebreak[4]
{\footnotesize For audio (midi): \hyperref{./K516f-10-12-3-10-8-4-2-12-10-5-11-10-7-7-9-10001.mid}{}{}{K516f-10-12-3-10-8-4-2-12-10-5-11-10-7-7-9-10001.mid}}

\addcontentsline{toc}{subsection}{10-12-3-9-8-10-3-9-4-3-7-3-4-8-3-10001}
\begin{figure}[H]
	\centering
	\def\svgwidth{\columnwidth}
	\input{K516f-10-12-3-9-8-10-3-9-4-3-7-3-4-8-3-10001.pdf_tex}
\end{figure}
\nopagebreak[4]
{\footnotesize For audio (midi): \hyperref{./K516f-10-12-3-9-8-10-3-9-4-3-7-3-4-8-3-10001.mid}{}{}{K516f-10-12-3-9-8-10-3-9-4-3-7-3-4-8-3-10001.mid}}

\addcontentsline{toc}{subsection}{10-12-5-6-10-6-5-6-7-5-7-2-4-3-3-9001}
\begin{figure}[H]
	\centering
	\def\svgwidth{\columnwidth}
	\input{K516f-10-12-5-6-10-6-5-6-7-5-7-2-4-3-3-9001.pdf_tex}
\end{figure}
\nopagebreak[4]
{\footnotesize For audio (midi): \hyperref{./K516f-10-12-5-6-10-6-5-6-7-5-7-2-4-3-3-9001.mid}{}{}{K516f-10-12-5-6-10-6-5-6-7-5-7-2-4-3-3-9001.mid}}

\addcontentsline{toc}{subsection}{10-12-7-8-3-5-7-6-2-9-2-11-12-2-6-3001}
\begin{figure}[H]
	\centering
	\def\svgwidth{\columnwidth}
	\input{K516f-10-12-7-8-3-5-7-6-2-9-2-11-12-2-6-3001.pdf_tex}
\end{figure}
\nopagebreak[4]
{\footnotesize For audio (midi): \hyperref{./K516f-10-12-7-8-3-5-7-6-2-9-2-11-12-2-6-3001.mid}{}{}{K516f-10-12-7-8-3-5-7-6-2-9-2-11-12-2-6-3001.mid}}

\addcontentsline{toc}{subsection}{10-2-8-3-9-6-11-8-2-12-12-9-6-3-6-9001}
\begin{figure}[H]
	\centering
	\def\svgwidth{\columnwidth}
	\input{K516f-10-2-8-3-9-6-11-8-2-12-12-9-6-3-6-9001.pdf_tex}
\end{figure}
\nopagebreak[4]
{\footnotesize For audio (midi): \hyperref{./K516f-10-2-8-3-9-6-11-8-2-12-12-9-6-3-6-9001.mid}{}{}{K516f-10-2-8-3-9-6-11-8-2-12-12-9-6-3-6-9001.mid}}

\addcontentsline{toc}{subsection}{10-2-9-5-6-6-10-11-11-10-8-12-12-6-5-10001}
\begin{figure}[H]
	\centering
	\def\svgwidth{\columnwidth}
	\input{K516f-10-2-9-5-6-6-10-11-11-10-8-12-12-6-5-10001.pdf_tex}
\end{figure}
\nopagebreak[4]
{\footnotesize For audio (midi): \hyperref{./K516f-10-2-9-5-6-6-10-11-11-10-8-12-12-6-5-10001.mid}{}{}{K516f-10-2-9-5-6-6-10-11-11-10-8-12-12-6-5-10001.mid}}

\addcontentsline{toc}{subsection}{10-3-11-3-3-5-3-6-8-6-7-12-10-10-11-5001}
\begin{figure}[H]
	\centering
	\def\svgwidth{\columnwidth}
	\input{K516f-10-3-11-3-3-5-3-6-8-6-7-12-10-10-11-5001.pdf_tex}
\end{figure}
\nopagebreak[4]
{\footnotesize For audio (midi): \hyperref{./K516f-10-3-11-3-3-5-3-6-8-6-7-12-10-10-11-5001.mid}{}{}{K516f-10-3-11-3-3-5-3-6-8-6-7-12-10-10-11-5001.mid}}

\addcontentsline{toc}{subsection}{10-3-2-9-9-12-9-2-3-7-12-10-4-6-7-5001}
\begin{figure}[H]
	\centering
	\def\svgwidth{\columnwidth}
	\input{K516f-10-3-2-9-9-12-9-2-3-7-12-10-4-6-7-5001.pdf_tex}
\end{figure}
\nopagebreak[4]
{\footnotesize For audio (midi): \hyperref{./K516f-10-3-2-9-9-12-9-2-3-7-12-10-4-6-7-5001.mid}{}{}{K516f-10-3-2-9-9-12-9-2-3-7-12-10-4-6-7-5001.mid}}

\addcontentsline{toc}{subsection}{10-3-3-4-4-4-3-7-3-10-9-4-7-5-10-3001}
\begin{figure}[H]
	\centering
	\def\svgwidth{\columnwidth}
	\input{K516f-10-3-3-4-4-4-3-7-3-10-9-4-7-5-10-3001.pdf_tex}
\end{figure}
\nopagebreak[4]
{\footnotesize For audio (midi): \hyperref{./K516f-10-3-3-4-4-4-3-7-3-10-9-4-7-5-10-3001.mid}{}{}{K516f-10-3-3-4-4-4-3-7-3-10-9-4-7-5-10-3001.mid}}

\addcontentsline{toc}{subsection}{10-3-4-10-7-9-10-10-6-8-5-8-5-12-3-8001}
\begin{figure}[H]
	\centering
	\def\svgwidth{\columnwidth}
	\input{K516f-10-3-4-10-7-9-10-10-6-8-5-8-5-12-3-8001.pdf_tex}
\end{figure}
\nopagebreak[4]
{\footnotesize For audio (midi): \hyperref{./K516f-10-3-4-10-7-9-10-10-6-8-5-8-5-12-3-8001.mid}{}{}{K516f-10-3-4-10-7-9-10-10-6-8-5-8-5-12-3-8001.mid}}

\addcontentsline{toc}{subsection}{10-3-9-3-9-10-5-2-2-8-9-10-4-4-8-2001}
\begin{figure}[H]
	\centering
	\def\svgwidth{\columnwidth}
	\input{K516f-10-3-9-3-9-10-5-2-2-8-9-10-4-4-8-2001.pdf_tex}
\end{figure}
\nopagebreak[4]
{\footnotesize For audio (midi): \hyperref{./K516f-10-3-9-3-9-10-5-2-2-8-9-10-4-4-8-2001.mid}{}{}{K516f-10-3-9-3-9-10-5-2-2-8-9-10-4-4-8-2001.mid}}

\addcontentsline{toc}{subsection}{10-3-9-7-4-6-8-5-12-4-8-4-10-8-10-6001}
\begin{figure}[H]
	\centering
	\def\svgwidth{\columnwidth}
	\input{K516f-10-3-9-7-4-6-8-5-12-4-8-4-10-8-10-6001.pdf_tex}
\end{figure}
\nopagebreak[4]
{\footnotesize For audio (midi): \hyperref{./K516f-10-3-9-7-4-6-8-5-12-4-8-4-10-8-10-6001.mid}{}{}{K516f-10-3-9-7-4-6-8-5-12-4-8-4-10-8-10-6001.mid}}

\addcontentsline{toc}{subsection}{10-4-12-5-2-8-6-5-5-5-11-9-2-2-12-5001}
\begin{figure}[H]
	\centering
	\def\svgwidth{\columnwidth}
	\input{K516f-10-4-12-5-2-8-6-5-5-5-11-9-2-2-12-5001.pdf_tex}
\end{figure}
\nopagebreak[4]
{\footnotesize For audio (midi): \hyperref{./K516f-10-4-12-5-2-8-6-5-5-5-11-9-2-2-12-5001.mid}{}{}{K516f-10-4-12-5-2-8-6-5-5-5-11-9-2-2-12-5001.mid}}

\addcontentsline{toc}{subsection}{10-4-12-9-8-12-2-9-9-11-5-9-7-8-8-4001}
\begin{figure}[H]
	\centering
	\def\svgwidth{\columnwidth}
	\input{K516f-10-4-12-9-8-12-2-9-9-11-5-9-7-8-8-4001.pdf_tex}
\end{figure}
\nopagebreak[4]
{\footnotesize For audio (midi): \hyperref{./K516f-10-4-12-9-8-12-2-9-9-11-5-9-7-8-8-4001.mid}{}{}{K516f-10-4-12-9-8-12-2-9-9-11-5-9-7-8-8-4001.mid}}

\addcontentsline{toc}{subsection}{10-4-3-11-10-10-10-10-9-8-11-7-5-6-4-4001}
\begin{figure}[H]
	\centering
	\def\svgwidth{\columnwidth}
	\input{K516f-10-4-3-11-10-10-10-10-9-8-11-7-5-6-4-4001.pdf_tex}
\end{figure}
\nopagebreak[4]
{\footnotesize For audio (midi): \hyperref{./K516f-10-4-3-11-10-10-10-10-9-8-11-7-5-6-4-4001.mid}{}{}{K516f-10-4-3-11-10-10-10-10-9-8-11-7-5-6-4-4001.mid}}

\addcontentsline{toc}{subsection}{10-4-5-12-3-4-12-11-8-4-8-2-12-2-12-12001}
\begin{figure}[H]
	\centering
	\def\svgwidth{\columnwidth}
	\input{K516f-10-4-5-12-3-4-12-11-8-4-8-2-12-2-12-12001.pdf_tex}
\end{figure}
\nopagebreak[4]
{\footnotesize For audio (midi): \hyperref{./K516f-10-4-5-12-3-4-12-11-8-4-8-2-12-2-12-12001.mid}{}{}{K516f-10-4-5-12-3-4-12-11-8-4-8-2-12-2-12-12001.mid}}

\addcontentsline{toc}{subsection}{10-5-10-7-12-9-5-3-8-7-8-10-9-8-5-7001}
\begin{figure}[H]
	\centering
	\def\svgwidth{\columnwidth}
	\input{K516f-10-5-10-7-12-9-5-3-8-7-8-10-9-8-5-7001.pdf_tex}
\end{figure}
\nopagebreak[4]
{\footnotesize For audio (midi): \hyperref{./K516f-10-5-10-7-12-9-5-3-8-7-8-10-9-8-5-7001.mid}{}{}{K516f-10-5-10-7-12-9-5-3-8-7-8-10-9-8-5-7001.mid}}

\addcontentsline{toc}{subsection}{10-6-11-7-7-4-3-3-5-12-12-3-4-10-11-9001}
\begin{figure}[H]
	\centering
	\def\svgwidth{\columnwidth}
	\input{K516f-10-6-11-7-7-4-3-3-5-12-12-3-4-10-11-9001.pdf_tex}
\end{figure}
\nopagebreak[4]
{\footnotesize For audio (midi): \hyperref{./K516f-10-6-11-7-7-4-3-3-5-12-12-3-4-10-11-9001.mid}{}{}{K516f-10-6-11-7-7-4-3-3-5-12-12-3-4-10-11-9001.mid}}

\addcontentsline{toc}{subsection}{10-6-6-8-6-6-6-2-10-2-2-8-6-6-8-9001}
\begin{figure}[H]
	\centering
	\def\svgwidth{\columnwidth}
	\input{K516f-10-6-6-8-6-6-6-2-10-2-2-8-6-6-8-9001.pdf_tex}
\end{figure}
\nopagebreak[4]
{\footnotesize For audio (midi): \hyperref{./K516f-10-6-6-8-6-6-6-2-10-2-2-8-6-6-8-9001.mid}{}{}{K516f-10-6-6-8-6-6-6-2-10-2-2-8-6-6-8-9001.mid}}

\addcontentsline{toc}{subsection}{10-7-3-12-11-4-11-6-8-7-12-5-3-4-6-6001}
\begin{figure}[H]
	\centering
	\def\svgwidth{\columnwidth}
	\input{K516f-10-7-3-12-11-4-11-6-8-7-12-5-3-4-6-6001.pdf_tex}
\end{figure}
\nopagebreak[4]
{\footnotesize For audio (midi): \hyperref{./K516f-10-7-3-12-11-4-11-6-8-7-12-5-3-4-6-6001.mid}{}{}{K516f-10-7-3-12-11-4-11-6-8-7-12-5-3-4-6-6001.mid}}

\addcontentsline{toc}{subsection}{10-7-3-2-11-5-3-9-11-9-9-7-9-5-7-6001}
\begin{figure}[H]
	\centering
	\def\svgwidth{\columnwidth}
	\input{K516f-10-7-3-2-11-5-3-9-11-9-9-7-9-5-7-6001.pdf_tex}
\end{figure}
\nopagebreak[4]
{\footnotesize For audio (midi): \hyperref{./K516f-10-7-3-2-11-5-3-9-11-9-9-7-9-5-7-6001.mid}{}{}{K516f-10-7-3-2-11-5-3-9-11-9-9-7-9-5-7-6001.mid}}

\addcontentsline{toc}{subsection}{10-7-9-12-12-4-6-4-9-10-4-11-4-11-12-9001}
\begin{figure}[H]
	\centering
	\def\svgwidth{\columnwidth}
	\input{K516f-10-7-9-12-12-4-6-4-9-10-4-11-4-11-12-9001.pdf_tex}
\end{figure}
\nopagebreak[4]
{\footnotesize For audio (midi): \hyperref{./K516f-10-7-9-12-12-4-6-4-9-10-4-11-4-11-12-9001.mid}{}{}{K516f-10-7-9-12-12-4-6-4-9-10-4-11-4-11-12-9001.mid}}

\addcontentsline{toc}{subsection}{10-9-8-11-2-10-4-10-7-12-12-8-12-2-12-7001}
\begin{figure}[H]
	\centering
	\def\svgwidth{\columnwidth}
	\input{K516f-10-9-8-11-2-10-4-10-7-12-12-8-12-2-12-7001.pdf_tex}
\end{figure}
\nopagebreak[4]
{\footnotesize For audio (midi): \hyperref{./K516f-10-9-8-11-2-10-4-10-7-12-12-8-12-2-12-7001.mid}{}{}{K516f-10-9-8-11-2-10-4-10-7-12-12-8-12-2-12-7001.mid}}

\addcontentsline{toc}{subsection}{11-10-4-5-3-9-11-4-5-12-9-6-6-7-6-5001}
\begin{figure}[H]
	\centering
	\def\svgwidth{\columnwidth}
	\input{K516f-11-10-4-5-3-9-11-4-5-12-9-6-6-7-6-5001.pdf_tex}
\end{figure}
\nopagebreak[4]
{\footnotesize For audio (midi): \hyperref{./K516f-11-10-4-5-3-9-11-4-5-12-9-6-6-7-6-5001.mid}{}{}{K516f-11-10-4-5-3-9-11-4-5-12-9-6-6-7-6-5001.mid}}

\addcontentsline{toc}{subsection}{11-11-2-6-5-5-2-5-11-7-3-6-2-9-2-3001}
\begin{figure}[H]
	\centering
	\def\svgwidth{\columnwidth}
	\input{K516f-11-11-2-6-5-5-2-5-11-7-3-6-2-9-2-3001.pdf_tex}
\end{figure}
\nopagebreak[4]
{\footnotesize For audio (midi): \hyperref{./K516f-11-11-2-6-5-5-2-5-11-7-3-6-2-9-2-3001.mid}{}{}{K516f-11-11-2-6-5-5-2-5-11-7-3-6-2-9-2-3001.mid}}

\addcontentsline{toc}{subsection}{11-12-3-7-12-5-6-10-11-6-9-7-3-9-12-4001}
\begin{figure}[H]
	\centering
	\def\svgwidth{\columnwidth}
	\input{K516f-11-12-3-7-12-5-6-10-11-6-9-7-3-9-12-4001.pdf_tex}
\end{figure}
\nopagebreak[4]
{\footnotesize For audio (midi): \hyperref{./K516f-11-12-3-7-12-5-6-10-11-6-9-7-3-9-12-4001.mid}{}{}{K516f-11-12-3-7-12-5-6-10-11-6-9-7-3-9-12-4001.mid}}

\addcontentsline{toc}{subsection}{11-12-6-2-4-3-5-2-6-3-8-2-3-11-2-11001}
\begin{figure}[H]
	\centering
	\def\svgwidth{\columnwidth}
	\input{K516f-11-12-6-2-4-3-5-2-6-3-8-2-3-11-2-11001.pdf_tex}
\end{figure}
\nopagebreak[4]
{\footnotesize For audio (midi): \hyperref{./K516f-11-12-6-2-4-3-5-2-6-3-8-2-3-11-2-11001.mid}{}{}{K516f-11-12-6-2-4-3-5-2-6-3-8-2-3-11-2-11001.mid}}

\addcontentsline{toc}{subsection}{11-12-6-8-4-12-12-3-10-3-2-10-2-9-2-3001}
\begin{figure}[H]
	\centering
	\def\svgwidth{\columnwidth}
	\input{K516f-11-12-6-8-4-12-12-3-10-3-2-10-2-9-2-3001.pdf_tex}
\end{figure}
\nopagebreak[4]
{\footnotesize For audio (midi): \hyperref{./K516f-11-12-6-8-4-12-12-3-10-3-2-10-2-9-2-3001.mid}{}{}{K516f-11-12-6-8-4-12-12-3-10-3-2-10-2-9-2-3001.mid}}

\addcontentsline{toc}{subsection}{11-12-6-9-3-10-8-2-11-9-10-2-3-7-3-5001}
\begin{figure}[H]
	\centering
	\def\svgwidth{\columnwidth}
	\input{K516f-11-12-6-9-3-10-8-2-11-9-10-2-3-7-3-5001.pdf_tex}
\end{figure}
\nopagebreak[4]
{\footnotesize For audio (midi): \hyperref{./K516f-11-12-6-9-3-10-8-2-11-9-10-2-3-7-3-5001.mid}{}{}{K516f-11-12-6-9-3-10-8-2-11-9-10-2-3-7-3-5001.mid}}

\addcontentsline{toc}{subsection}{11-2-3-2-11-10-2-3-11-2-2-9-7-9-2-4001}
\begin{figure}[H]
	\centering
	\def\svgwidth{\columnwidth}
	\input{K516f-11-2-3-2-11-10-2-3-11-2-2-9-7-9-2-4001.pdf_tex}
\end{figure}
\nopagebreak[4]
{\footnotesize For audio (midi): \hyperref{./K516f-11-2-3-2-11-10-2-3-11-2-2-9-7-9-2-4001.mid}{}{}{K516f-11-2-3-2-11-10-2-3-11-2-2-9-7-9-2-4001.mid}}

\addcontentsline{toc}{subsection}{11-2-4-12-11-3-7-8-5-10-5-3-4-9-10-7001}
\begin{figure}[H]
	\centering
	\def\svgwidth{\columnwidth}
	\input{K516f-11-2-4-12-11-3-7-8-5-10-5-3-4-9-10-7001.pdf_tex}
\end{figure}
\nopagebreak[4]
{\footnotesize For audio (midi): \hyperref{./K516f-11-2-4-12-11-3-7-8-5-10-5-3-4-9-10-7001.mid}{}{}{K516f-11-2-4-12-11-3-7-8-5-10-5-3-4-9-10-7001.mid}}

\addcontentsline{toc}{subsection}{11-2-7-12-8-6-3-12-11-3-10-11-3-12-7-2001}
\begin{figure}[H]
	\centering
	\def\svgwidth{\columnwidth}
	\input{K516f-11-2-7-12-8-6-3-12-11-3-10-11-3-12-7-2001.pdf_tex}
\end{figure}
\nopagebreak[4]
{\footnotesize For audio (midi): \hyperref{./K516f-11-2-7-12-8-6-3-12-11-3-10-11-3-12-7-2001.mid}{}{}{K516f-11-2-7-12-8-6-3-12-11-3-10-11-3-12-7-2001.mid}}

\addcontentsline{toc}{subsection}{11-3-10-12-8-2-12-9-11-2-12-4-8-12-4-7001}
\begin{figure}[H]
	\centering
	\def\svgwidth{\columnwidth}
	\input{K516f-11-3-10-12-8-2-12-9-11-2-12-4-8-12-4-7001.pdf_tex}
\end{figure}
\nopagebreak[4]
{\footnotesize For audio (midi): \hyperref{./K516f-11-3-10-12-8-2-12-9-11-2-12-4-8-12-4-7001.mid}{}{}{K516f-11-3-10-12-8-2-12-9-11-2-12-4-8-12-4-7001.mid}}

\addcontentsline{toc}{subsection}{11-4-4-3-7-6-10-11-7-5-2-8-8-11-3-6001}
\begin{figure}[H]
	\centering
	\def\svgwidth{\columnwidth}
	\input{K516f-11-4-4-3-7-6-10-11-7-5-2-8-8-11-3-6001.pdf_tex}
\end{figure}
\nopagebreak[4]
{\footnotesize For audio (midi): \hyperref{./K516f-11-4-4-3-7-6-10-11-7-5-2-8-8-11-3-6001.mid}{}{}{K516f-11-4-4-3-7-6-10-11-7-5-2-8-8-11-3-6001.mid}}

\addcontentsline{toc}{subsection}{11-4-7-7-3-9-8-4-3-8-6-11-11-10-4-5001}
\begin{figure}[H]
	\centering
	\def\svgwidth{\columnwidth}
	\input{K516f-11-4-7-7-3-9-8-4-3-8-6-11-11-10-4-5001.pdf_tex}
\end{figure}
\nopagebreak[4]
{\footnotesize For audio (midi): \hyperref{./K516f-11-4-7-7-3-9-8-4-3-8-6-11-11-10-4-5001.mid}{}{}{K516f-11-4-7-7-3-9-8-4-3-8-6-11-11-10-4-5001.mid}}

\addcontentsline{toc}{subsection}{11-6-3-12-6-10-3-2-6-8-11-3-11-6-2-7001}
\begin{figure}[H]
	\centering
	\def\svgwidth{\columnwidth}
	\input{K516f-11-6-3-12-6-10-3-2-6-8-11-3-11-6-2-7001.pdf_tex}
\end{figure}
\nopagebreak[4]
{\footnotesize For audio (midi): \hyperref{./K516f-11-6-3-12-6-10-3-2-6-8-11-3-11-6-2-7001.mid}{}{}{K516f-11-6-3-12-6-10-3-2-6-8-11-3-11-6-2-7001.mid}}

\addcontentsline{toc}{subsection}{11-6-3-9-11-5-11-3-7-11-7-10-7-7-2-11001}
\begin{figure}[H]
	\centering
	\def\svgwidth{\columnwidth}
	\input{K516f-11-6-3-9-11-5-11-3-7-11-7-10-7-7-2-11001.pdf_tex}
\end{figure}
\nopagebreak[4]
{\footnotesize For audio (midi): \hyperref{./K516f-11-6-3-9-11-5-11-3-7-11-7-10-7-7-2-11001.mid}{}{}{K516f-11-6-3-9-11-5-11-3-7-11-7-10-7-7-2-11001.mid}}

\addcontentsline{toc}{subsection}{11-6-6-11-4-7-5-10-9-5-6-5-4-12-2-3001}
\begin{figure}[H]
	\centering
	\def\svgwidth{\columnwidth}
	\input{K516f-11-6-6-11-4-7-5-10-9-5-6-5-4-12-2-3001.pdf_tex}
\end{figure}
\nopagebreak[4]
{\footnotesize For audio (midi): \hyperref{./K516f-11-6-6-11-4-7-5-10-9-5-6-5-4-12-2-3001.mid}{}{}{K516f-11-6-6-11-4-7-5-10-9-5-6-5-4-12-2-3001.mid}}

\addcontentsline{toc}{subsection}{11-6-7-12-11-8-9-3-11-6-11-5-11-3-2-11001}
\begin{figure}[H]
	\centering
	\def\svgwidth{\columnwidth}
	\input{K516f-11-6-7-12-11-8-9-3-11-6-11-5-11-3-2-11001.pdf_tex}
\end{figure}
\nopagebreak[4]
{\footnotesize For audio (midi): \hyperref{./K516f-11-6-7-12-11-8-9-3-11-6-11-5-11-3-2-11001.mid}{}{}{K516f-11-6-7-12-11-8-9-3-11-6-11-5-11-3-2-11001.mid}}

\addcontentsline{toc}{subsection}{11-7-3-3-8-12-6-12-11-12-10-12-5-2-12-10001}
\begin{figure}[H]
	\centering
	\def\svgwidth{\columnwidth}
	\input{K516f-11-7-3-3-8-12-6-12-11-12-10-12-5-2-12-10001.pdf_tex}
\end{figure}
\nopagebreak[4]
{\footnotesize For audio (midi): \hyperref{./K516f-11-7-3-3-8-12-6-12-11-12-10-12-5-2-12-10001.mid}{}{}{K516f-11-7-3-3-8-12-6-12-11-12-10-12-5-2-12-10001.mid}}

\addcontentsline{toc}{subsection}{11-7-4-11-2-10-9-7-11-5-4-9-11-5-5-2001}
\begin{figure}[H]
	\centering
	\def\svgwidth{\columnwidth}
	\input{K516f-11-7-4-11-2-10-9-7-11-5-4-9-11-5-5-2001.pdf_tex}
\end{figure}
\nopagebreak[4]
{\footnotesize For audio (midi): \hyperref{./K516f-11-7-4-11-2-10-9-7-11-5-4-9-11-5-5-2001.mid}{}{}{K516f-11-7-4-11-2-10-9-7-11-5-4-9-11-5-5-2001.mid}}

\addcontentsline{toc}{subsection}{11-8-6-11-10-8-5-7-4-2-3-9-10-3-10-7001}
\begin{figure}[H]
	\centering
	\def\svgwidth{\columnwidth}
	\input{K516f-11-8-6-11-10-8-5-7-4-2-3-9-10-3-10-7001.pdf_tex}
\end{figure}
\nopagebreak[4]
{\footnotesize For audio (midi): \hyperref{./K516f-11-8-6-11-10-8-5-7-4-2-3-9-10-3-10-7001.mid}{}{}{K516f-11-8-6-11-10-8-5-7-4-2-3-9-10-3-10-7001.mid}}

\addcontentsline{toc}{subsection}{11-8-7-10-5-12-7-6-2-6-9-12-11-9-4-2001}
\begin{figure}[H]
	\centering
	\def\svgwidth{\columnwidth}
	\input{K516f-11-8-7-10-5-12-7-6-2-6-9-12-11-9-4-2001.pdf_tex}
\end{figure}
\nopagebreak[4]
{\footnotesize For audio (midi): \hyperref{./K516f-11-8-7-10-5-12-7-6-2-6-9-12-11-9-4-2001.mid}{}{}{K516f-11-8-7-10-5-12-7-6-2-6-9-12-11-9-4-2001.mid}}

\addcontentsline{toc}{subsection}{11-9-5-10-7-2-5-5-10-5-11-5-8-10-2-11001}
\begin{figure}[H]
	\centering
	\def\svgwidth{\columnwidth}
	\input{K516f-11-9-5-10-7-2-5-5-10-5-11-5-8-10-2-11001.pdf_tex}
\end{figure}
\nopagebreak[4]
{\footnotesize For audio (midi): \hyperref{./K516f-11-9-5-10-7-2-5-5-10-5-11-5-8-10-2-11001.mid}{}{}{K516f-11-9-5-10-7-2-5-5-10-5-11-5-8-10-2-11001.mid}}

\addcontentsline{toc}{subsection}{12-10-2-4-7-6-12-9-9-4-8-9-2-10-6-4001}
\begin{figure}[H]
	\centering
	\def\svgwidth{\columnwidth}
	\input{K516f-12-10-2-4-7-6-12-9-9-4-8-9-2-10-6-4001.pdf_tex}
\end{figure}
\nopagebreak[4]
{\footnotesize For audio (midi): \hyperref{./K516f-12-10-2-4-7-6-12-9-9-4-8-9-2-10-6-4001.mid}{}{}{K516f-12-10-2-4-7-6-12-9-9-4-8-9-2-10-6-4001.mid}}

\addcontentsline{toc}{subsection}{12-10-5-10-4-4-7-11-8-5-3-2-11-11-3-5001}
\begin{figure}[H]
	\centering
	\def\svgwidth{\columnwidth}
	\input{K516f-12-10-5-10-4-4-7-11-8-5-3-2-11-11-3-5001.pdf_tex}
\end{figure}
\nopagebreak[4]
{\footnotesize For audio (midi): \hyperref{./K516f-12-10-5-10-4-4-7-11-8-5-3-2-11-11-3-5001.mid}{}{}{K516f-12-10-5-10-4-4-7-11-8-5-3-2-11-11-3-5001.mid}}

\addcontentsline{toc}{subsection}{12-11-9-7-6-7-5-2-3-2-3-8-10-11-4-10001}
\begin{figure}[H]
	\centering
	\def\svgwidth{\columnwidth}
	\input{K516f-12-11-9-7-6-7-5-2-3-2-3-8-10-11-4-10001.pdf_tex}
\end{figure}
\nopagebreak[4]
{\footnotesize For audio (midi): \hyperref{./K516f-12-11-9-7-6-7-5-2-3-2-3-8-10-11-4-10001.mid}{}{}{K516f-12-11-9-7-6-7-5-2-3-2-3-8-10-11-4-10001.mid}}

\addcontentsline{toc}{subsection}{12-12-10-10-2-4-5-2-12-10-6-3-6-8-8-3001}
\begin{figure}[H]
	\centering
	\def\svgwidth{\columnwidth}
	\input{K516f-12-12-10-10-2-4-5-2-12-10-6-3-6-8-8-3001.pdf_tex}
\end{figure}
\nopagebreak[4]
{\footnotesize For audio (midi): \hyperref{./K516f-12-12-10-10-2-4-5-2-12-10-6-3-6-8-8-3001.mid}{}{}{K516f-12-12-10-10-2-4-5-2-12-10-6-3-6-8-8-3001.mid}}

\addcontentsline{toc}{subsection}{12-12-10-7-7-7-2-7-6-3-2-6-8-8-4-3001}
\begin{figure}[H]
	\centering
	\def\svgwidth{\columnwidth}
	\input{K516f-12-12-10-7-7-7-2-7-6-3-2-6-8-8-4-3001.pdf_tex}
\end{figure}
\nopagebreak[4]
{\footnotesize For audio (midi): \hyperref{./K516f-12-12-10-7-7-7-2-7-6-3-2-6-8-8-4-3001.mid}{}{}{K516f-12-12-10-7-7-7-2-7-6-3-2-6-8-8-4-3001.mid}}

\addcontentsline{toc}{subsection}{12-12-2-10-5-8-9-10-12-6-5-5-6-11-5-7001}
\begin{figure}[H]
	\centering
	\def\svgwidth{\columnwidth}
	\input{K516f-12-12-2-10-5-8-9-10-12-6-5-5-6-11-5-7001.pdf_tex}
\end{figure}
\nopagebreak[4]
{\footnotesize For audio (midi): \hyperref{./K516f-12-12-2-10-5-8-9-10-12-6-5-5-6-11-5-7001.mid}{}{}{K516f-12-12-2-10-5-8-9-10-12-6-5-5-6-11-5-7001.mid}}

\addcontentsline{toc}{subsection}{12-12-8-8-10-9-6-7-4-10-8-6-4-8-12-8001}
\begin{figure}[H]
	\centering
	\def\svgwidth{\columnwidth}
	\input{K516f-12-12-8-8-10-9-6-7-4-10-8-6-4-8-12-8001.pdf_tex}
\end{figure}
\nopagebreak[4]
{\footnotesize For audio (midi): \hyperref{./K516f-12-12-8-8-10-9-6-7-4-10-8-6-4-8-12-8001.mid}{}{}{K516f-12-12-8-8-10-9-6-7-4-10-8-6-4-8-12-8001.mid}}

\addcontentsline{toc}{subsection}{12-4-3-10-10-8-3-9-3-7-9-8-7-3-8-11001}
\begin{figure}[H]
	\centering
	\def\svgwidth{\columnwidth}
	\input{K516f-12-4-3-10-10-8-3-9-3-7-9-8-7-3-8-11001.pdf_tex}
\end{figure}
\nopagebreak[4]
{\footnotesize For audio (midi): \hyperref{./K516f-12-4-3-10-10-8-3-9-3-7-9-8-7-3-8-11001.mid}{}{}{K516f-12-4-3-10-10-8-3-9-3-7-9-8-7-3-8-11001.mid}}

\addcontentsline{toc}{subsection}{12-4-7-2-4-11-6-5-7-2-2-3-6-11-10-4001}
\begin{figure}[H]
	\centering
	\def\svgwidth{\columnwidth}
	\input{K516f-12-4-7-2-4-11-6-5-7-2-2-3-6-11-10-4001.pdf_tex}
\end{figure}
\nopagebreak[4]
{\footnotesize For audio (midi): \hyperref{./K516f-12-4-7-2-4-11-6-5-7-2-2-3-6-11-10-4001.mid}{}{}{K516f-12-4-7-2-4-11-6-5-7-2-2-3-6-11-10-4001.mid}}

\addcontentsline{toc}{subsection}{12-5-11-5-11-2-11-9-3-6-6-10-7-3-2-3001}
\begin{figure}[H]
	\centering
	\def\svgwidth{\columnwidth}
	\input{K516f-12-5-11-5-11-2-11-9-3-6-6-10-7-3-2-3001.pdf_tex}
\end{figure}
\nopagebreak[4]
{\footnotesize For audio (midi): \hyperref{./K516f-12-5-11-5-11-2-11-9-3-6-6-10-7-3-2-3001.mid}{}{}{K516f-12-5-11-5-11-2-11-9-3-6-6-10-7-3-2-3001.mid}}

\addcontentsline{toc}{subsection}{12-5-12-8-5-4-6-10-5-4-8-3-7-7-2-6001}
\begin{figure}[H]
	\centering
	\def\svgwidth{\columnwidth}
	\input{K516f-12-5-12-8-5-4-6-10-5-4-8-3-7-7-2-6001.pdf_tex}
\end{figure}
\nopagebreak[4]
{\footnotesize For audio (midi): \hyperref{./K516f-12-5-12-8-5-4-6-10-5-4-8-3-7-7-2-6001.mid}{}{}{K516f-12-5-12-8-5-4-6-10-5-4-8-3-7-7-2-6001.mid}}

\addcontentsline{toc}{subsection}{12-5-3-5-10-8-5-2-4-8-6-4-5-4-9-8001}
\begin{figure}[H]
	\centering
	\def\svgwidth{\columnwidth}
	\input{K516f-12-5-3-5-10-8-5-2-4-8-6-4-5-4-9-8001.pdf_tex}
\end{figure}
\nopagebreak[4]
{\footnotesize For audio (midi): \hyperref{./K516f-12-5-3-5-10-8-5-2-4-8-6-4-5-4-9-8001.mid}{}{}{K516f-12-5-3-5-10-8-5-2-4-8-6-4-5-4-9-8001.mid}}

\addcontentsline{toc}{subsection}{12-7-12-10-6-4-5-2-12-7-10-2-9-6-11-10001}
\begin{figure}[H]
	\centering
	\def\svgwidth{\columnwidth}
	\input{K516f-12-7-12-10-6-4-5-2-12-7-10-2-9-6-11-10001.pdf_tex}
\end{figure}
\nopagebreak[4]
{\footnotesize For audio (midi): \hyperref{./K516f-12-7-12-10-6-4-5-2-12-7-10-2-9-6-11-10001.mid}{}{}{K516f-12-7-12-10-6-4-5-2-12-7-10-2-9-6-11-10001.mid}}

\addcontentsline{toc}{subsection}{12-8-12-6-4-7-11-5-7-11-11-11-9-4-2-11001}
\begin{figure}[H]
	\centering
	\def\svgwidth{\columnwidth}
	\input{K516f-12-8-12-6-4-7-11-5-7-11-11-11-9-4-2-11001.pdf_tex}
\end{figure}
\nopagebreak[4]
{\footnotesize For audio (midi): \hyperref{./K516f-12-8-12-6-4-7-11-5-7-11-11-11-9-4-2-11001.mid}{}{}{K516f-12-8-12-6-4-7-11-5-7-11-11-11-9-4-2-11001.mid}}

\addcontentsline{toc}{subsection}{12-8-3-4-5-3-12-3-3-5-6-9-2-12-12-11001}
\begin{figure}[H]
	\centering
	\def\svgwidth{\columnwidth}
	\input{K516f-12-8-3-4-5-3-12-3-3-5-6-9-2-12-12-11001.pdf_tex}
\end{figure}
\nopagebreak[4]
{\footnotesize For audio (midi): \hyperref{./K516f-12-8-3-4-5-3-12-3-3-5-6-9-2-12-12-11001.mid}{}{}{K516f-12-8-3-4-5-3-12-3-3-5-6-9-2-12-12-11001.mid}}

\addcontentsline{toc}{subsection}{12-9-6-11-8-3-8-8-12-5-8-5-2-8-11-9001}
\begin{figure}[H]
	\centering
	\def\svgwidth{\columnwidth}
	\input{K516f-12-9-6-11-8-3-8-8-12-5-8-5-2-8-11-9001.pdf_tex}
\end{figure}
\nopagebreak[4]
{\footnotesize For audio (midi): \hyperref{./K516f-12-9-6-11-8-3-8-8-12-5-8-5-2-8-11-9001.mid}{}{}{K516f-12-9-6-11-8-3-8-8-12-5-8-5-2-8-11-9001.mid}}

\addcontentsline{toc}{subsection}{2-10-12-7-6-10-10-10-9-9-3-3-5-4-9-2001}
\begin{figure}[H]
	\centering
	\def\svgwidth{\columnwidth}
	\input{K516f-2-10-12-7-6-10-10-10-9-9-3-3-5-4-9-2001.pdf_tex}
\end{figure}
\nopagebreak[4]
{\footnotesize For audio (midi): \hyperref{./K516f-2-10-12-7-6-10-10-10-9-9-3-3-5-4-9-2001.mid}{}{}{K516f-2-10-12-7-6-10-10-10-9-9-3-3-5-4-9-2001.mid}}

\addcontentsline{toc}{subsection}{2-10-4-9-8-7-8-2-7-9-2-2-5-12-8-5001}
\begin{figure}[H]
	\centering
	\def\svgwidth{\columnwidth}
	\input{K516f-2-10-4-9-8-7-8-2-7-9-2-2-5-12-8-5001.pdf_tex}
\end{figure}
\nopagebreak[4]
{\footnotesize For audio (midi): \hyperref{./K516f-2-10-4-9-8-7-8-2-7-9-2-2-5-12-8-5001.mid}{}{}{K516f-2-10-4-9-8-7-8-2-7-9-2-2-5-12-8-5001.mid}}

\addcontentsline{toc}{subsection}{2-10-5-8-6-12-11-10-9-2-2-2-4-8-7-3001}
\begin{figure}[H]
	\centering
	\def\svgwidth{\columnwidth}
	\input{K516f-2-10-5-8-6-12-11-10-9-2-2-2-4-8-7-3001.pdf_tex}
\end{figure}
\nopagebreak[4]
{\footnotesize For audio (midi): \hyperref{./K516f-2-10-5-8-6-12-11-10-9-2-2-2-4-8-7-3001.mid}{}{}{K516f-2-10-5-8-6-12-11-10-9-2-2-2-4-8-7-3001.mid}}

\addcontentsline{toc}{subsection}{2-10-6-4-2-5-7-10-11-7-9-8-11-6-9-2001}
\begin{figure}[H]
	\centering
	\def\svgwidth{\columnwidth}
	\input{K516f-2-10-6-4-2-5-7-10-11-7-9-8-11-6-9-2001.pdf_tex}
\end{figure}
\nopagebreak[4]
{\footnotesize For audio (midi): \hyperref{./K516f-2-10-6-4-2-5-7-10-11-7-9-8-11-6-9-2001.mid}{}{}{K516f-2-10-6-4-2-5-7-10-11-7-9-8-11-6-9-2001.mid}}

\addcontentsline{toc}{subsection}{2-10-7-9-11-2-12-3-3-9-5-8-8-3-5-3001}
\begin{figure}[H]
	\centering
	\def\svgwidth{\columnwidth}
	\input{K516f-2-10-7-9-11-2-12-3-3-9-5-8-8-3-5-3001.pdf_tex}
\end{figure}
\nopagebreak[4]
{\footnotesize For audio (midi): \hyperref{./K516f-2-10-7-9-11-2-12-3-3-9-5-8-8-3-5-3001.mid}{}{}{K516f-2-10-7-9-11-2-12-3-3-9-5-8-8-3-5-3001.mid}}

\addcontentsline{toc}{subsection}{2-11-6-11-4-10-12-8-12-3-9-11-3-11-3-5001}
\begin{figure}[H]
	\centering
	\def\svgwidth{\columnwidth}
	\input{K516f-2-11-6-11-4-10-12-8-12-3-9-11-3-11-3-5001.pdf_tex}
\end{figure}
\nopagebreak[4]
{\footnotesize For audio (midi): \hyperref{./K516f-2-11-6-11-4-10-12-8-12-3-9-11-3-11-3-5001.mid}{}{}{K516f-2-11-6-11-4-10-12-8-12-3-9-11-3-11-3-5001.mid}}

\addcontentsline{toc}{subsection}{2-12-3-10-6-10-8-7-12-10-12-2-3-12-10-12001}
\begin{figure}[H]
	\centering
	\def\svgwidth{\columnwidth}
	\input{K516f-2-12-3-10-6-10-8-7-12-10-12-2-3-12-10-12001.pdf_tex}
\end{figure}
\nopagebreak[4]
{\footnotesize For audio (midi): \hyperref{./K516f-2-12-3-10-6-10-8-7-12-10-12-2-3-12-10-12001.mid}{}{}{K516f-2-12-3-10-6-10-8-7-12-10-12-2-3-12-10-12001.mid}}

\addcontentsline{toc}{subsection}{2-12-3-12-4-11-12-7-9-6-2-9-3-9-7-12001}
\begin{figure}[H]
	\centering
	\def\svgwidth{\columnwidth}
	\input{K516f-2-12-3-12-4-11-12-7-9-6-2-9-3-9-7-12001.pdf_tex}
\end{figure}
\nopagebreak[4]
{\footnotesize For audio (midi): \hyperref{./K516f-2-12-3-12-4-11-12-7-9-6-2-9-3-9-7-12001.mid}{}{}{K516f-2-12-3-12-4-11-12-7-9-6-2-9-3-9-7-12001.mid}}

\addcontentsline{toc}{subsection}{2-2-7-7-5-2-8-8-2-11-5-10-11-6-10-5001}
\begin{figure}[H]
	\centering
	\def\svgwidth{\columnwidth}
	\input{K516f-2-2-7-7-5-2-8-8-2-11-5-10-11-6-10-5001.pdf_tex}
\end{figure}
\nopagebreak[4]
{\footnotesize For audio (midi): \hyperref{./K516f-2-2-7-7-5-2-8-8-2-11-5-10-11-6-10-5001.mid}{}{}{K516f-2-2-7-7-5-2-8-8-2-11-5-10-11-6-10-5001.mid}}

\addcontentsline{toc}{subsection}{2-3-10-10-4-3-2-4-2-8-3-7-10-10-9-2001}
\begin{figure}[H]
	\centering
	\def\svgwidth{\columnwidth}
	\input{K516f-2-3-10-10-4-3-2-4-2-8-3-7-10-10-9-2001.pdf_tex}
\end{figure}
\nopagebreak[4]
{\footnotesize For audio (midi): \hyperref{./K516f-2-3-10-10-4-3-2-4-2-8-3-7-10-10-9-2001.mid}{}{}{K516f-2-3-10-10-4-3-2-4-2-8-3-7-10-10-9-2001.mid}}

\addcontentsline{toc}{subsection}{2-3-10-2-6-12-7-4-9-3-6-6-10-4-11-2001}
\begin{figure}[H]
	\centering
	\def\svgwidth{\columnwidth}
	\input{K516f-2-3-10-2-6-12-7-4-9-3-6-6-10-4-11-2001.pdf_tex}
\end{figure}
\nopagebreak[4]
{\footnotesize For audio (midi): \hyperref{./K516f-2-3-10-2-6-12-7-4-9-3-6-6-10-4-11-2001.mid}{}{}{K516f-2-3-10-2-6-12-7-4-9-3-6-6-10-4-11-2001.mid}}

\addcontentsline{toc}{subsection}{2-3-6-9-12-8-9-9-5-12-12-5-7-9-9-5001}
\begin{figure}[H]
	\centering
	\def\svgwidth{\columnwidth}
	\input{K516f-2-3-6-9-12-8-9-9-5-12-12-5-7-9-9-5001.pdf_tex}
\end{figure}
\nopagebreak[4]
{\footnotesize For audio (midi): \hyperref{./K516f-2-3-6-9-12-8-9-9-5-12-12-5-7-9-9-5001.mid}{}{}{K516f-2-3-6-9-12-8-9-9-5-12-12-5-7-9-9-5001.mid}}

\addcontentsline{toc}{subsection}{2-3-9-5-8-12-3-10-12-7-2-2-6-2-3-12001}
\begin{figure}[H]
	\centering
	\def\svgwidth{\columnwidth}
	\input{K516f-2-3-9-5-8-12-3-10-12-7-2-2-6-2-3-12001.pdf_tex}
\end{figure}
\nopagebreak[4]
{\footnotesize For audio (midi): \hyperref{./K516f-2-3-9-5-8-12-3-10-12-7-2-2-6-2-3-12001.mid}{}{}{K516f-2-3-9-5-8-12-3-10-12-7-2-2-6-2-3-12001.mid}}

\addcontentsline{toc}{subsection}{2-5-2-4-5-6-10-12-7-8-8-9-9-4-5-10001}
\begin{figure}[H]
	\centering
	\def\svgwidth{\columnwidth}
	\input{K516f-2-5-2-4-5-6-10-12-7-8-8-9-9-4-5-10001.pdf_tex}
\end{figure}
\nopagebreak[4]
{\footnotesize For audio (midi): \hyperref{./K516f-2-5-2-4-5-6-10-12-7-8-8-9-9-4-5-10001.mid}{}{}{K516f-2-5-2-4-5-6-10-12-7-8-8-9-9-4-5-10001.mid}}

\addcontentsline{toc}{subsection}{2-5-4-3-3-7-7-12-12-5-9-5-7-11-7-10001}
\begin{figure}[H]
	\centering
	\def\svgwidth{\columnwidth}
	\input{K516f-2-5-4-3-3-7-7-12-12-5-9-5-7-11-7-10001.pdf_tex}
\end{figure}
\nopagebreak[4]
{\footnotesize For audio (midi): \hyperref{./K516f-2-5-4-3-3-7-7-12-12-5-9-5-7-11-7-10001.mid}{}{}{K516f-2-5-4-3-3-7-7-12-12-5-9-5-7-11-7-10001.mid}}

\addcontentsline{toc}{subsection}{2-5-4-4-2-3-4-11-12-7-3-10-9-2-9-5001}
\begin{figure}[H]
	\centering
	\def\svgwidth{\columnwidth}
	\input{K516f-2-5-4-4-2-3-4-11-12-7-3-10-9-2-9-5001.pdf_tex}
\end{figure}
\nopagebreak[4]
{\footnotesize For audio (midi): \hyperref{./K516f-2-5-4-4-2-3-4-11-12-7-3-10-9-2-9-5001.mid}{}{}{K516f-2-5-4-4-2-3-4-11-12-7-3-10-9-2-9-5001.mid}}

\addcontentsline{toc}{subsection}{2-5-6-6-7-10-2-9-4-7-10-12-4-6-2-3001}
\begin{figure}[H]
	\centering
	\def\svgwidth{\columnwidth}
	\input{K516f-2-5-6-6-7-10-2-9-4-7-10-12-4-6-2-3001.pdf_tex}
\end{figure}
\nopagebreak[4]
{\footnotesize For audio (midi): \hyperref{./K516f-2-5-6-6-7-10-2-9-4-7-10-12-4-6-2-3001.mid}{}{}{K516f-2-5-6-6-7-10-2-9-4-7-10-12-4-6-2-3001.mid}}

\addcontentsline{toc}{subsection}{2-6-12-6-12-3-11-3-5-5-9-10-12-6-6-10001}
\begin{figure}[H]
	\centering
	\def\svgwidth{\columnwidth}
	\input{K516f-2-6-12-6-12-3-11-3-5-5-9-10-12-6-6-10001.pdf_tex}
\end{figure}
\nopagebreak[4]
{\footnotesize For audio (midi): \hyperref{./K516f-2-6-12-6-12-3-11-3-5-5-9-10-12-6-6-10001.mid}{}{}{K516f-2-6-12-6-12-3-11-3-5-5-9-10-12-6-6-10001.mid}}

\addcontentsline{toc}{subsection}{2-6-2-10-7-8-3-12-2-5-12-9-2-6-12-4001}
\begin{figure}[H]
	\centering
	\def\svgwidth{\columnwidth}
	\input{K516f-2-6-2-10-7-8-3-12-2-5-12-9-2-6-12-4001.pdf_tex}
\end{figure}
\nopagebreak[4]
{\footnotesize For audio (midi): \hyperref{./K516f-2-6-2-10-7-8-3-12-2-5-12-9-2-6-12-4001.mid}{}{}{K516f-2-6-2-10-7-8-3-12-2-5-12-9-2-6-12-4001.mid}}

\addcontentsline{toc}{subsection}{2-6-7-2-8-9-7-5-7-6-2-7-12-10-6-10001}
\begin{figure}[H]
	\centering
	\def\svgwidth{\columnwidth}
	\input{K516f-2-6-7-2-8-9-7-5-7-6-2-7-12-10-6-10001.pdf_tex}
\end{figure}
\nopagebreak[4]
{\footnotesize For audio (midi): \hyperref{./K516f-2-6-7-2-8-9-7-5-7-6-2-7-12-10-6-10001.mid}{}{}{K516f-2-6-7-2-8-9-7-5-7-6-2-7-12-10-6-10001.mid}}

\addcontentsline{toc}{subsection}{2-6-8-11-10-7-10-12-3-11-3-10-10-2-6-6001}
\begin{figure}[H]
	\centering
	\def\svgwidth{\columnwidth}
	\input{K516f-2-6-8-11-10-7-10-12-3-11-3-10-10-2-6-6001.pdf_tex}
\end{figure}
\nopagebreak[4]
{\footnotesize For audio (midi): \hyperref{./K516f-2-6-8-11-10-7-10-12-3-11-3-10-10-2-6-6001.mid}{}{}{K516f-2-6-8-11-10-7-10-12-3-11-3-10-10-2-6-6001.mid}}

\addcontentsline{toc}{subsection}{2-6-9-12-11-3-5-3-2-9-3-5-8-8-2-2001}
\begin{figure}[H]
	\centering
	\def\svgwidth{\columnwidth}
	\input{K516f-2-6-9-12-11-3-5-3-2-9-3-5-8-8-2-2001.pdf_tex}
\end{figure}
\nopagebreak[4]
{\footnotesize For audio (midi): \hyperref{./K516f-2-6-9-12-11-3-5-3-2-9-3-5-8-8-2-2001.mid}{}{}{K516f-2-6-9-12-11-3-5-3-2-9-3-5-8-8-2-2001.mid}}

\addcontentsline{toc}{subsection}{2-7-4-5-9-2-2-9-4-3-10-10-11-9-3-10001}
\begin{figure}[H]
	\centering
	\def\svgwidth{\columnwidth}
	\input{K516f-2-7-4-5-9-2-2-9-4-3-10-10-11-9-3-10001.pdf_tex}
\end{figure}
\nopagebreak[4]
{\footnotesize For audio (midi): \hyperref{./K516f-2-7-4-5-9-2-2-9-4-3-10-10-11-9-3-10001.mid}{}{}{K516f-2-7-4-5-9-2-2-9-4-3-10-10-11-9-3-10001.mid}}

\addcontentsline{toc}{subsection}{2-7-5-10-11-2-4-9-8-9-2-3-3-9-2-4001}
\begin{figure}[H]
	\centering
	\def\svgwidth{\columnwidth}
	\input{K516f-2-7-5-10-11-2-4-9-8-9-2-3-3-9-2-4001.pdf_tex}
\end{figure}
\nopagebreak[4]
{\footnotesize For audio (midi): \hyperref{./K516f-2-7-5-10-11-2-4-9-8-9-2-3-3-9-2-4001.mid}{}{}{K516f-2-7-5-10-11-2-4-9-8-9-2-3-3-9-2-4001.mid}}

\addcontentsline{toc}{subsection}{2-8-3-8-2-2-6-10-9-4-4-10-6-4-4-3001}
\begin{figure}[H]
	\centering
	\def\svgwidth{\columnwidth}
	\input{K516f-2-8-3-8-2-2-6-10-9-4-4-10-6-4-4-3001.pdf_tex}
\end{figure}
\nopagebreak[4]
{\footnotesize For audio (midi): \hyperref{./K516f-2-8-3-8-2-2-6-10-9-4-4-10-6-4-4-3001.mid}{}{}{K516f-2-8-3-8-2-2-6-10-9-4-4-10-6-4-4-3001.mid}}

\addcontentsline{toc}{subsection}{2-9-5-6-12-3-3-12-2-3-6-4-4-7-8-12001}
\begin{figure}[H]
	\centering
	\def\svgwidth{\columnwidth}
	\input{K516f-2-9-5-6-12-3-3-12-2-3-6-4-4-7-8-12001.pdf_tex}
\end{figure}
\nopagebreak[4]
{\footnotesize For audio (midi): \hyperref{./K516f-2-9-5-6-12-3-3-12-2-3-6-4-4-7-8-12001.mid}{}{}{K516f-2-9-5-6-12-3-3-12-2-3-6-4-4-7-8-12001.mid}}

\addcontentsline{toc}{subsection}{2-9-6-4-5-12-11-9-6-4-2-8-2-6-12-7001}
\begin{figure}[H]
	\centering
	\def\svgwidth{\columnwidth}
	\input{K516f-2-9-6-4-5-12-11-9-6-4-2-8-2-6-12-7001.pdf_tex}
\end{figure}
\nopagebreak[4]
{\footnotesize For audio (midi): \hyperref{./K516f-2-9-6-4-5-12-11-9-6-4-2-8-2-6-12-7001.mid}{}{}{K516f-2-9-6-4-5-12-11-9-6-4-2-8-2-6-12-7001.mid}}

\addcontentsline{toc}{subsection}{3-10-12-11-4-2-5-2-8-8-5-8-8-12-6-3001}
\begin{figure}[H]
	\centering
	\def\svgwidth{\columnwidth}
	\input{K516f-3-10-12-11-4-2-5-2-8-8-5-8-8-12-6-3001.pdf_tex}
\end{figure}
\nopagebreak[4]
{\footnotesize For audio (midi): \hyperref{./K516f-3-10-12-11-4-2-5-2-8-8-5-8-8-12-6-3001.mid}{}{}{K516f-3-10-12-11-4-2-5-2-8-8-5-8-8-12-6-3001.mid}}

\addcontentsline{toc}{subsection}{3-10-5-5-9-8-7-11-8-6-7-6-7-9-9-2001}
\begin{figure}[H]
	\centering
	\def\svgwidth{\columnwidth}
	\input{K516f-3-10-5-5-9-8-7-11-8-6-7-6-7-9-9-2001.pdf_tex}
\end{figure}
\nopagebreak[4]
{\footnotesize For audio (midi): \hyperref{./K516f-3-10-5-5-9-8-7-11-8-6-7-6-7-9-9-2001.mid}{}{}{K516f-3-10-5-5-9-8-7-11-8-6-7-6-7-9-9-2001.mid}}

\addcontentsline{toc}{subsection}{3-11-11-8-8-9-7-2-4-9-4-3-3-9-11-4001}
\begin{figure}[H]
	\centering
	\def\svgwidth{\columnwidth}
	\input{K516f-3-11-11-8-8-9-7-2-4-9-4-3-3-9-11-4001.pdf_tex}
\end{figure}
\nopagebreak[4]
{\footnotesize For audio (midi): \hyperref{./K516f-3-11-11-8-8-9-7-2-4-9-4-3-3-9-11-4001.mid}{}{}{K516f-3-11-11-8-8-9-7-2-4-9-4-3-3-9-11-4001.mid}}

\addcontentsline{toc}{subsection}{3-11-7-2-4-8-2-8-11-7-11-8-10-2-5-6001}
\begin{figure}[H]
	\centering
	\def\svgwidth{\columnwidth}
	\input{K516f-3-11-7-2-4-8-2-8-11-7-11-8-10-2-5-6001.pdf_tex}
\end{figure}
\nopagebreak[4]
{\footnotesize For audio (midi): \hyperref{./K516f-3-11-7-2-4-8-2-8-11-7-11-8-10-2-5-6001.mid}{}{}{K516f-3-11-7-2-4-8-2-8-11-7-11-8-10-2-5-6001.mid}}

\addcontentsline{toc}{subsection}{3-12-4-10-10-5-11-11-4-9-2-3-9-6-4-2001}
\begin{figure}[H]
	\centering
	\def\svgwidth{\columnwidth}
	\input{K516f-3-12-4-10-10-5-11-11-4-9-2-3-9-6-4-2001.pdf_tex}
\end{figure}
\nopagebreak[4]
{\footnotesize For audio (midi): \hyperref{./K516f-3-12-4-10-10-5-11-11-4-9-2-3-9-6-4-2001.mid}{}{}{K516f-3-12-4-10-10-5-11-11-4-9-2-3-9-6-4-2001.mid}}

\addcontentsline{toc}{subsection}{3-12-5-7-11-6-3-7-2-9-12-3-8-7-2-4001}
\begin{figure}[H]
	\centering
	\def\svgwidth{\columnwidth}
	\input{K516f-3-12-5-7-11-6-3-7-2-9-12-3-8-7-2-4001.pdf_tex}
\end{figure}
\nopagebreak[4]
{\footnotesize For audio (midi): \hyperref{./K516f-3-12-5-7-11-6-3-7-2-9-12-3-8-7-2-4001.mid}{}{}{K516f-3-12-5-7-11-6-3-7-2-9-12-3-8-7-2-4001.mid}}

\addcontentsline{toc}{subsection}{3-2-2-11-10-12-7-6-10-5-5-4-3-3-3-4001}
\begin{figure}[H]
	\centering
	\def\svgwidth{\columnwidth}
	\input{K516f-3-2-2-11-10-12-7-6-10-5-5-4-3-3-3-4001.pdf_tex}
\end{figure}
\nopagebreak[4]
{\footnotesize For audio (midi): \hyperref{./K516f-3-2-2-11-10-12-7-6-10-5-5-4-3-3-3-4001.mid}{}{}{K516f-3-2-2-11-10-12-7-6-10-5-5-4-3-3-3-4001.mid}}

\addcontentsline{toc}{subsection}{3-2-5-8-12-8-12-10-8-10-12-4-8-10-7-9001}
\begin{figure}[H]
	\centering
	\def\svgwidth{\columnwidth}
	\input{K516f-3-2-5-8-12-8-12-10-8-10-12-4-8-10-7-9001.pdf_tex}
\end{figure}
\nopagebreak[4]
{\footnotesize For audio (midi): \hyperref{./K516f-3-2-5-8-12-8-12-10-8-10-12-4-8-10-7-9001.mid}{}{}{K516f-3-2-5-8-12-8-12-10-8-10-12-4-8-10-7-9001.mid}}

\addcontentsline{toc}{subsection}{3-3-6-12-4-2-7-7-10-5-3-8-6-5-8-9001}
\begin{figure}[H]
	\centering
	\def\svgwidth{\columnwidth}
	\input{K516f-3-3-6-12-4-2-7-7-10-5-3-8-6-5-8-9001.pdf_tex}
\end{figure}
\nopagebreak[4]
{\footnotesize For audio (midi): \hyperref{./K516f-3-3-6-12-4-2-7-7-10-5-3-8-6-5-8-9001.mid}{}{}{K516f-3-3-6-12-4-2-7-7-10-5-3-8-6-5-8-9001.mid}}

\addcontentsline{toc}{subsection}{3-4-10-4-3-11-2-5-9-11-8-10-11-8-9-5001}
\begin{figure}[H]
	\centering
	\def\svgwidth{\columnwidth}
	\input{K516f-3-4-10-4-3-11-2-5-9-11-8-10-11-8-9-5001.pdf_tex}
\end{figure}
\nopagebreak[4]
{\footnotesize For audio (midi): \hyperref{./K516f-3-4-10-4-3-11-2-5-9-11-8-10-11-8-9-5001.mid}{}{}{K516f-3-4-10-4-3-11-2-5-9-11-8-10-11-8-9-5001.mid}}

\addcontentsline{toc}{subsection}{3-4-5-3-4-6-3-2-11-4-3-10-7-5-12-9001}
\begin{figure}[H]
	\centering
	\def\svgwidth{\columnwidth}
	\input{K516f-3-4-5-3-4-6-3-2-11-4-3-10-7-5-12-9001.pdf_tex}
\end{figure}
\nopagebreak[4]
{\footnotesize For audio (midi): \hyperref{./K516f-3-4-5-3-4-6-3-2-11-4-3-10-7-5-12-9001.mid}{}{}{K516f-3-4-5-3-4-6-3-2-11-4-3-10-7-5-12-9001.mid}}

\addcontentsline{toc}{subsection}{3-4-5-5-10-10-6-10-6-9-10-10-8-12-12-11001}
\begin{figure}[H]
	\centering
	\def\svgwidth{\columnwidth}
	\input{K516f-3-4-5-5-10-10-6-10-6-9-10-10-8-12-12-11001.pdf_tex}
\end{figure}
\nopagebreak[4]
{\footnotesize For audio (midi): \hyperref{./K516f-3-4-5-5-10-10-6-10-6-9-10-10-8-12-12-11001.mid}{}{}{K516f-3-4-5-5-10-10-6-10-6-9-10-10-8-12-12-11001.mid}}

\addcontentsline{toc}{subsection}{3-5-11-9-5-6-11-10-8-12-12-8-2-3-9-7001}
\begin{figure}[H]
	\centering
	\def\svgwidth{\columnwidth}
	\input{K516f-3-5-11-9-5-6-11-10-8-12-12-8-2-3-9-7001.pdf_tex}
\end{figure}
\nopagebreak[4]
{\footnotesize For audio (midi): \hyperref{./K516f-3-5-11-9-5-6-11-10-8-12-12-8-2-3-9-7001.mid}{}{}{K516f-3-5-11-9-5-6-11-10-8-12-12-8-2-3-9-7001.mid}}

\addcontentsline{toc}{subsection}{3-5-6-8-2-4-6-5-7-8-9-12-2-2-10-2001}
\begin{figure}[H]
	\centering
	\def\svgwidth{\columnwidth}
	\input{K516f-3-5-6-8-2-4-6-5-7-8-9-12-2-2-10-2001.pdf_tex}
\end{figure}
\nopagebreak[4]
{\footnotesize For audio (midi): \hyperref{./K516f-3-5-6-8-2-4-6-5-7-8-9-12-2-2-10-2001.mid}{}{}{K516f-3-5-6-8-2-4-6-5-7-8-9-12-2-2-10-2001.mid}}

\addcontentsline{toc}{subsection}{3-5-8-8-8-8-11-12-11-3-4-10-7-3-5-2001}
\begin{figure}[H]
	\centering
	\def\svgwidth{\columnwidth}
	\input{K516f-3-5-8-8-8-8-11-12-11-3-4-10-7-3-5-2001.pdf_tex}
\end{figure}
\nopagebreak[4]
{\footnotesize For audio (midi): \hyperref{./K516f-3-5-8-8-8-8-11-12-11-3-4-10-7-3-5-2001.mid}{}{}{K516f-3-5-8-8-8-8-11-12-11-3-4-10-7-3-5-2001.mid}}

\addcontentsline{toc}{subsection}{3-6-8-6-12-8-2-12-3-7-8-10-2-11-5-12001}
\begin{figure}[H]
	\centering
	\def\svgwidth{\columnwidth}
	\input{K516f-3-6-8-6-12-8-2-12-3-7-8-10-2-11-5-12001.pdf_tex}
\end{figure}
\nopagebreak[4]
{\footnotesize For audio (midi): \hyperref{./K516f-3-6-8-6-12-8-2-12-3-7-8-10-2-11-5-12001.mid}{}{}{K516f-3-6-8-6-12-8-2-12-3-7-8-10-2-11-5-12001.mid}}

\addcontentsline{toc}{subsection}{3-7-5-9-4-9-11-10-4-12-7-9-2-2-8-6001}
\begin{figure}[H]
	\centering
	\def\svgwidth{\columnwidth}
	\input{K516f-3-7-5-9-4-9-11-10-4-12-7-9-2-2-8-6001.pdf_tex}
\end{figure}
\nopagebreak[4]
{\footnotesize For audio (midi): \hyperref{./K516f-3-7-5-9-4-9-11-10-4-12-7-9-2-2-8-6001.mid}{}{}{K516f-3-7-5-9-4-9-11-10-4-12-7-9-2-2-8-6001.mid}}

\addcontentsline{toc}{subsection}{3-7-9-9-10-10-4-2-11-3-2-12-4-12-3-3001}
\begin{figure}[H]
	\centering
	\def\svgwidth{\columnwidth}
	\input{K516f-3-7-9-9-10-10-4-2-11-3-2-12-4-12-3-3001.pdf_tex}
\end{figure}
\nopagebreak[4]
{\footnotesize For audio (midi): \hyperref{./K516f-3-7-9-9-10-10-4-2-11-3-2-12-4-12-3-3001.mid}{}{}{K516f-3-7-9-9-10-10-4-2-11-3-2-12-4-12-3-3001.mid}}

\addcontentsline{toc}{subsection}{3-8-2-12-10-11-6-8-3-4-2-6-6-2-6-12001}
\begin{figure}[H]
	\centering
	\def\svgwidth{\columnwidth}
	\input{K516f-3-8-2-12-10-11-6-8-3-4-2-6-6-2-6-12001.pdf_tex}
\end{figure}
\nopagebreak[4]
{\footnotesize For audio (midi): \hyperref{./K516f-3-8-2-12-10-11-6-8-3-4-2-6-6-2-6-12001.mid}{}{}{K516f-3-8-2-12-10-11-6-8-3-4-2-6-6-2-6-12001.mid}}

\addcontentsline{toc}{subsection}{3-8-3-12-4-12-2-7-7-6-8-8-9-10-9-11001}
\begin{figure}[H]
	\centering
	\def\svgwidth{\columnwidth}
	\input{K516f-3-8-3-12-4-12-2-7-7-6-8-8-9-10-9-11001.pdf_tex}
\end{figure}
\nopagebreak[4]
{\footnotesize For audio (midi): \hyperref{./K516f-3-8-3-12-4-12-2-7-7-6-8-8-9-10-9-11001.mid}{}{}{K516f-3-8-3-12-4-12-2-7-7-6-8-8-9-10-9-11001.mid}}

\addcontentsline{toc}{subsection}{3-8-5-11-2-5-8-2-8-6-7-6-2-9-8-3001}
\begin{figure}[H]
	\centering
	\def\svgwidth{\columnwidth}
	\input{K516f-3-8-5-11-2-5-8-2-8-6-7-6-2-9-8-3001.pdf_tex}
\end{figure}
\nopagebreak[4]
{\footnotesize For audio (midi): \hyperref{./K516f-3-8-5-11-2-5-8-2-8-6-7-6-2-9-8-3001.mid}{}{}{K516f-3-8-5-11-2-5-8-2-8-6-7-6-2-9-8-3001.mid}}

\addcontentsline{toc}{subsection}{3-9-11-12-2-3-10-10-12-5-10-7-6-8-10-8001}
\begin{figure}[H]
	\centering
	\def\svgwidth{\columnwidth}
	\input{K516f-3-9-11-12-2-3-10-10-12-5-10-7-6-8-10-8001.pdf_tex}
\end{figure}
\nopagebreak[4]
{\footnotesize For audio (midi): \hyperref{./K516f-3-9-11-12-2-3-10-10-12-5-10-7-6-8-10-8001.mid}{}{}{K516f-3-9-11-12-2-3-10-10-12-5-10-7-6-8-10-8001.mid}}

\addcontentsline{toc}{subsection}{4-10-8-5-8-11-6-3-11-8-2-3-5-3-5-5001}
\begin{figure}[H]
	\centering
	\def\svgwidth{\columnwidth}
	\input{K516f-4-10-8-5-8-11-6-3-11-8-2-3-5-3-5-5001.pdf_tex}
\end{figure}
\nopagebreak[4]
{\footnotesize For audio (midi): \hyperref{./K516f-4-10-8-5-8-11-6-3-11-8-2-3-5-3-5-5001.mid}{}{}{K516f-4-10-8-5-8-11-6-3-11-8-2-3-5-3-5-5001.mid}}

\addcontentsline{toc}{subsection}{4-11-11-8-10-12-4-10-7-5-7-2-12-9-9-4001}
\begin{figure}[H]
	\centering
	\def\svgwidth{\columnwidth}
	\input{K516f-4-11-11-8-10-12-4-10-7-5-7-2-12-9-9-4001.pdf_tex}
\end{figure}
\nopagebreak[4]
{\footnotesize For audio (midi): \hyperref{./K516f-4-11-11-8-10-12-4-10-7-5-7-2-12-9-9-4001.mid}{}{}{K516f-4-11-11-8-10-12-4-10-7-5-7-2-12-9-9-4001.mid}}

\addcontentsline{toc}{subsection}{4-11-3-2-4-5-4-8-2-10-6-6-5-12-3-7001}
\begin{figure}[H]
	\centering
	\def\svgwidth{\columnwidth}
	\input{K516f-4-11-3-2-4-5-4-8-2-10-6-6-5-12-3-7001.pdf_tex}
\end{figure}
\nopagebreak[4]
{\footnotesize For audio (midi): \hyperref{./K516f-4-11-3-2-4-5-4-8-2-10-6-6-5-12-3-7001.mid}{}{}{K516f-4-11-3-2-4-5-4-8-2-10-6-6-5-12-3-7001.mid}}

\addcontentsline{toc}{subsection}{4-11-4-3-6-4-8-3-9-12-5-11-4-5-6-12001}
\begin{figure}[H]
	\centering
	\def\svgwidth{\columnwidth}
	\input{K516f-4-11-4-3-6-4-8-3-9-12-5-11-4-5-6-12001.pdf_tex}
\end{figure}
\nopagebreak[4]
{\footnotesize For audio (midi): \hyperref{./K516f-4-11-4-3-6-4-8-3-9-12-5-11-4-5-6-12001.mid}{}{}{K516f-4-11-4-3-6-4-8-3-9-12-5-11-4-5-6-12001.mid}}

\addcontentsline{toc}{subsection}{4-11-7-10-9-9-5-2-12-10-2-4-11-6-7-5001}
\begin{figure}[H]
	\centering
	\def\svgwidth{\columnwidth}
	\input{K516f-4-11-7-10-9-9-5-2-12-10-2-4-11-6-7-5001.pdf_tex}
\end{figure}
\nopagebreak[4]
{\footnotesize For audio (midi): \hyperref{./K516f-4-11-7-10-9-9-5-2-12-10-2-4-11-6-7-5001.mid}{}{}{K516f-4-11-7-10-9-9-5-2-12-10-2-4-11-6-7-5001.mid}}

\addcontentsline{toc}{subsection}{4-11-7-11-3-4-2-10-12-8-3-9-6-12-12-10001}
\begin{figure}[H]
	\centering
	\def\svgwidth{\columnwidth}
	\input{K516f-4-11-7-11-3-4-2-10-12-8-3-9-6-12-12-10001.pdf_tex}
\end{figure}
\nopagebreak[4]
{\footnotesize For audio (midi): \hyperref{./K516f-4-11-7-11-3-4-2-10-12-8-3-9-6-12-12-10001.mid}{}{}{K516f-4-11-7-11-3-4-2-10-12-8-3-9-6-12-12-10001.mid}}

\addcontentsline{toc}{subsection}{4-11-9-4-4-8-8-12-7-12-9-8-9-8-9-10001}
\begin{figure}[H]
	\centering
	\def\svgwidth{\columnwidth}
	\input{K516f-4-11-9-4-4-8-8-12-7-12-9-8-9-8-9-10001.pdf_tex}
\end{figure}
\nopagebreak[4]
{\footnotesize For audio (midi): \hyperref{./K516f-4-11-9-4-4-8-8-12-7-12-9-8-9-8-9-10001.mid}{}{}{K516f-4-11-9-4-4-8-8-12-7-12-9-8-9-8-9-10001.mid}}

\addcontentsline{toc}{subsection}{4-12-9-6-11-5-10-7-4-10-10-3-7-9-7-6001}
\begin{figure}[H]
	\centering
	\def\svgwidth{\columnwidth}
	\input{K516f-4-12-9-6-11-5-10-7-4-10-10-3-7-9-7-6001.pdf_tex}
\end{figure}
\nopagebreak[4]
{\footnotesize For audio (midi): \hyperref{./K516f-4-12-9-6-11-5-10-7-4-10-10-3-7-9-7-6001.mid}{}{}{K516f-4-12-9-6-11-5-10-7-4-10-10-3-7-9-7-6001.mid}}

\addcontentsline{toc}{subsection}{4-2-2-6-6-8-6-11-12-10-9-10-8-8-12-7001}
\begin{figure}[H]
	\centering
	\def\svgwidth{\columnwidth}
	\input{K516f-4-2-2-6-6-8-6-11-12-10-9-10-8-8-12-7001.pdf_tex}
\end{figure}
\nopagebreak[4]
{\footnotesize For audio (midi): \hyperref{./K516f-4-2-2-6-6-8-6-11-12-10-9-10-8-8-12-7001.mid}{}{}{K516f-4-2-2-6-6-8-6-11-12-10-9-10-8-8-12-7001.mid}}

\addcontentsline{toc}{subsection}{4-2-7-11-2-9-5-9-9-6-9-2-4-5-11-12001}
\begin{figure}[H]
	\centering
	\def\svgwidth{\columnwidth}
	\input{K516f-4-2-7-11-2-9-5-9-9-6-9-2-4-5-11-12001.pdf_tex}
\end{figure}
\nopagebreak[4]
{\footnotesize For audio (midi): \hyperref{./K516f-4-2-7-11-2-9-5-9-9-6-9-2-4-5-11-12001.mid}{}{}{K516f-4-2-7-11-2-9-5-9-9-6-9-2-4-5-11-12001.mid}}

\addcontentsline{toc}{subsection}{4-3-10-4-3-10-5-4-4-10-3-2-9-8-6-4001}
\begin{figure}[H]
	\centering
	\def\svgwidth{\columnwidth}
	\input{K516f-4-3-10-4-3-10-5-4-4-10-3-2-9-8-6-4001.pdf_tex}
\end{figure}
\nopagebreak[4]
{\footnotesize For audio (midi): \hyperref{./K516f-4-3-10-4-3-10-5-4-4-10-3-2-9-8-6-4001.mid}{}{}{K516f-4-3-10-4-3-10-5-4-4-10-3-2-9-8-6-4001.mid}}

\addcontentsline{toc}{subsection}{4-3-11-9-5-4-7-6-6-3-8-9-10-11-6-8001}
\begin{figure}[H]
	\centering
	\def\svgwidth{\columnwidth}
	\input{K516f-4-3-11-9-5-4-7-6-6-3-8-9-10-11-6-8001.pdf_tex}
\end{figure}
\nopagebreak[4]
{\footnotesize For audio (midi): \hyperref{./K516f-4-3-11-9-5-4-7-6-6-3-8-9-10-11-6-8001.mid}{}{}{K516f-4-3-11-9-5-4-7-6-6-3-8-9-10-11-6-8001.mid}}

\addcontentsline{toc}{subsection}{4-3-7-8-5-12-10-11-10-8-8-4-8-12-5-9001}
\begin{figure}[H]
	\centering
	\def\svgwidth{\columnwidth}
	\input{K516f-4-3-7-8-5-12-10-11-10-8-8-4-8-12-5-9001.pdf_tex}
\end{figure}
\nopagebreak[4]
{\footnotesize For audio (midi): \hyperref{./K516f-4-3-7-8-5-12-10-11-10-8-8-4-8-12-5-9001.mid}{}{}{K516f-4-3-7-8-5-12-10-11-10-8-8-4-8-12-5-9001.mid}}

\addcontentsline{toc}{subsection}{4-4-11-11-11-8-3-7-7-9-7-7-2-11-7-6001}
\begin{figure}[H]
	\centering
	\def\svgwidth{\columnwidth}
	\input{K516f-4-4-11-11-11-8-3-7-7-9-7-7-2-11-7-6001.pdf_tex}
\end{figure}
\nopagebreak[4]
{\footnotesize For audio (midi): \hyperref{./K516f-4-4-11-11-11-8-3-7-7-9-7-7-2-11-7-6001.mid}{}{}{K516f-4-4-11-11-11-8-3-7-7-9-7-7-2-11-7-6001.mid}}

\addcontentsline{toc}{subsection}{4-4-4-2-6-3-12-8-5-9-12-12-5-11-10-2001}
\begin{figure}[H]
	\centering
	\def\svgwidth{\columnwidth}
	\input{K516f-4-4-4-2-6-3-12-8-5-9-12-12-5-11-10-2001.pdf_tex}
\end{figure}
\nopagebreak[4]
{\footnotesize For audio (midi): \hyperref{./K516f-4-4-4-2-6-3-12-8-5-9-12-12-5-11-10-2001.mid}{}{}{K516f-4-4-4-2-6-3-12-8-5-9-12-12-5-11-10-2001.mid}}

\addcontentsline{toc}{subsection}{4-5-7-10-7-7-10-5-5-5-6-3-4-3-11-3001}
\begin{figure}[H]
	\centering
	\def\svgwidth{\columnwidth}
	\input{K516f-4-5-7-10-7-7-10-5-5-5-6-3-4-3-11-3001.pdf_tex}
\end{figure}
\nopagebreak[4]
{\footnotesize For audio (midi): \hyperref{./K516f-4-5-7-10-7-7-10-5-5-5-6-3-4-3-11-3001.mid}{}{}{K516f-4-5-7-10-7-7-10-5-5-5-6-3-4-3-11-3001.mid}}

\addcontentsline{toc}{subsection}{4-5-8-7-4-3-9-4-12-8-8-10-10-8-5-3001}
\begin{figure}[H]
	\centering
	\def\svgwidth{\columnwidth}
	\input{K516f-4-5-8-7-4-3-9-4-12-8-8-10-10-8-5-3001.pdf_tex}
\end{figure}
\nopagebreak[4]
{\footnotesize For audio (midi): \hyperref{./K516f-4-5-8-7-4-3-9-4-12-8-8-10-10-8-5-3001.mid}{}{}{K516f-4-5-8-7-4-3-9-4-12-8-8-10-10-8-5-3001.mid}}

\addcontentsline{toc}{subsection}{4-6-5-8-12-2-8-8-11-9-2-7-8-10-9-8001}
\begin{figure}[H]
	\centering
	\def\svgwidth{\columnwidth}
	\input{K516f-4-6-5-8-12-2-8-8-11-9-2-7-8-10-9-8001.pdf_tex}
\end{figure}
\nopagebreak[4]
{\footnotesize For audio (midi): \hyperref{./K516f-4-6-5-8-12-2-8-8-11-9-2-7-8-10-9-8001.mid}{}{}{K516f-4-6-5-8-12-2-8-8-11-9-2-7-8-10-9-8001.mid}}

\addcontentsline{toc}{subsection}{4-6-9-6-10-11-3-9-9-7-8-4-7-4-8-6001}
\begin{figure}[H]
	\centering
	\def\svgwidth{\columnwidth}
	\input{K516f-4-6-9-6-10-11-3-9-9-7-8-4-7-4-8-6001.pdf_tex}
\end{figure}
\nopagebreak[4]
{\footnotesize For audio (midi): \hyperref{./K516f-4-6-9-6-10-11-3-9-9-7-8-4-7-4-8-6001.mid}{}{}{K516f-4-6-9-6-10-11-3-9-9-7-8-4-7-4-8-6001.mid}}

\addcontentsline{toc}{subsection}{4-7-3-6-8-3-7-12-11-6-10-2-11-10-3-12001}
\begin{figure}[H]
	\centering
	\def\svgwidth{\columnwidth}
	\input{K516f-4-7-3-6-8-3-7-12-11-6-10-2-11-10-3-12001.pdf_tex}
\end{figure}
\nopagebreak[4]
{\footnotesize For audio (midi): \hyperref{./K516f-4-7-3-6-8-3-7-12-11-6-10-2-11-10-3-12001.mid}{}{}{K516f-4-7-3-6-8-3-7-12-11-6-10-2-11-10-3-12001.mid}}

\addcontentsline{toc}{subsection}{4-7-7-5-6-10-7-9-3-5-10-3-6-7-9-3001}
\begin{figure}[H]
	\centering
	\def\svgwidth{\columnwidth}
	\input{K516f-4-7-7-5-6-10-7-9-3-5-10-3-6-7-9-3001.pdf_tex}
\end{figure}
\nopagebreak[4]
{\footnotesize For audio (midi): \hyperref{./K516f-4-7-7-5-6-10-7-9-3-5-10-3-6-7-9-3001.mid}{}{}{K516f-4-7-7-5-6-10-7-9-3-5-10-3-6-7-9-3001.mid}}

\addcontentsline{toc}{subsection}{4-7-7-8-3-7-6-5-11-3-7-5-5-7-9-6001}
\begin{figure}[H]
	\centering
	\def\svgwidth{\columnwidth}
	\input{K516f-4-7-7-8-3-7-6-5-11-3-7-5-5-7-9-6001.pdf_tex}
\end{figure}
\nopagebreak[4]
{\footnotesize For audio (midi): \hyperref{./K516f-4-7-7-8-3-7-6-5-11-3-7-5-5-7-9-6001.mid}{}{}{K516f-4-7-7-8-3-7-6-5-11-3-7-5-5-7-9-6001.mid}}

\addcontentsline{toc}{subsection}{4-7-9-8-3-11-10-7-11-2-3-3-9-10-6-6001}
\begin{figure}[H]
	\centering
	\def\svgwidth{\columnwidth}
	\input{K516f-4-7-9-8-3-11-10-7-11-2-3-3-9-10-6-6001.pdf_tex}
\end{figure}
\nopagebreak[4]
{\footnotesize For audio (midi): \hyperref{./K516f-4-7-9-8-3-11-10-7-11-2-3-3-9-10-6-6001.mid}{}{}{K516f-4-7-9-8-3-11-10-7-11-2-3-3-9-10-6-6001.mid}}

\addcontentsline{toc}{subsection}{4-8-5-10-10-11-6-11-7-11-6-10-7-12-12-9001}
\begin{figure}[H]
	\centering
	\def\svgwidth{\columnwidth}
	\input{K516f-4-8-5-10-10-11-6-11-7-11-6-10-7-12-12-9001.pdf_tex}
\end{figure}
\nopagebreak[4]
{\footnotesize For audio (midi): \hyperref{./K516f-4-8-5-10-10-11-6-11-7-11-6-10-7-12-12-9001.mid}{}{}{K516f-4-8-5-10-10-11-6-11-7-11-6-10-7-12-12-9001.mid}}

\addcontentsline{toc}{subsection}{4-9-11-6-2-7-12-3-2-12-2-6-7-2-9-12001}
\begin{figure}[H]
	\centering
	\def\svgwidth{\columnwidth}
	\input{K516f-4-9-11-6-2-7-12-3-2-12-2-6-7-2-9-12001.pdf_tex}
\end{figure}
\nopagebreak[4]
{\footnotesize For audio (midi): \hyperref{./K516f-4-9-11-6-2-7-12-3-2-12-2-6-7-2-9-12001.mid}{}{}{K516f-4-9-11-6-2-7-12-3-2-12-2-6-7-2-9-12001.mid}}

\addcontentsline{toc}{subsection}{4-9-11-9-3-12-4-3-3-5-2-7-2-7-8-5001}
\begin{figure}[H]
	\centering
	\def\svgwidth{\columnwidth}
	\input{K516f-4-9-11-9-3-12-4-3-3-5-2-7-2-7-8-5001.pdf_tex}
\end{figure}
\nopagebreak[4]
{\footnotesize For audio (midi): \hyperref{./K516f-4-9-11-9-3-12-4-3-3-5-2-7-2-7-8-5001.mid}{}{}{K516f-4-9-11-9-3-12-4-3-3-5-2-7-2-7-8-5001.mid}}

\addcontentsline{toc}{subsection}{4-9-4-5-3-7-7-7-2-8-6-10-9-3-6-4001}
\begin{figure}[H]
	\centering
	\def\svgwidth{\columnwidth}
	\input{K516f-4-9-4-5-3-7-7-7-2-8-6-10-9-3-6-4001.pdf_tex}
\end{figure}
\nopagebreak[4]
{\footnotesize For audio (midi): \hyperref{./K516f-4-9-4-5-3-7-7-7-2-8-6-10-9-3-6-4001.mid}{}{}{K516f-4-9-4-5-3-7-7-7-2-8-6-10-9-3-6-4001.mid}}

\addcontentsline{toc}{subsection}{4-9-8-12-3-11-5-7-12-12-6-11-3-2-10-9001}
\begin{figure}[H]
	\centering
	\def\svgwidth{\columnwidth}
	\input{K516f-4-9-8-12-3-11-5-7-12-12-6-11-3-2-10-9001.pdf_tex}
\end{figure}
\nopagebreak[4]
{\footnotesize For audio (midi): \hyperref{./K516f-4-9-8-12-3-11-5-7-12-12-6-11-3-2-10-9001.mid}{}{}{K516f-4-9-8-12-3-11-5-7-12-12-6-11-3-2-10-9001.mid}}

\addcontentsline{toc}{subsection}{5-10-2-3-12-2-4-12-10-6-12-11-5-9-12-6001}
\begin{figure}[H]
	\centering
	\def\svgwidth{\columnwidth}
	\input{K516f-5-10-2-3-12-2-4-12-10-6-12-11-5-9-12-6001.pdf_tex}
\end{figure}
\nopagebreak[4]
{\footnotesize For audio (midi): \hyperref{./K516f-5-10-2-3-12-2-4-12-10-6-12-11-5-9-12-6001.mid}{}{}{K516f-5-10-2-3-12-2-4-12-10-6-12-11-5-9-12-6001.mid}}

\addcontentsline{toc}{subsection}{5-10-2-4-2-11-10-9-8-10-8-4-3-9-3-6001}
\begin{figure}[H]
	\centering
	\def\svgwidth{\columnwidth}
	\input{K516f-5-10-2-4-2-11-10-9-8-10-8-4-3-9-3-6001.pdf_tex}
\end{figure}
\nopagebreak[4]
{\footnotesize For audio (midi): \hyperref{./K516f-5-10-2-4-2-11-10-9-8-10-8-4-3-9-3-6001.mid}{}{}{K516f-5-10-2-4-2-11-10-9-8-10-8-4-3-9-3-6001.mid}}

\addcontentsline{toc}{subsection}{5-10-4-12-10-2-6-4-3-6-7-11-5-11-10-2001}
\begin{figure}[H]
	\centering
	\def\svgwidth{\columnwidth}
	\input{K516f-5-10-4-12-10-2-6-4-3-6-7-11-5-11-10-2001.pdf_tex}
\end{figure}
\nopagebreak[4]
{\footnotesize For audio (midi): \hyperref{./K516f-5-10-4-12-10-2-6-4-3-6-7-11-5-11-10-2001.mid}{}{}{K516f-5-10-4-12-10-2-6-4-3-6-7-11-5-11-10-2001.mid}}

\addcontentsline{toc}{subsection}{5-11-12-5-5-3-12-7-2-6-3-7-5-9-2-11001}
\begin{figure}[H]
	\centering
	\def\svgwidth{\columnwidth}
	\input{K516f-5-11-12-5-5-3-12-7-2-6-3-7-5-9-2-11001.pdf_tex}
\end{figure}
\nopagebreak[4]
{\footnotesize For audio (midi): \hyperref{./K516f-5-11-12-5-5-3-12-7-2-6-3-7-5-9-2-11001.mid}{}{}{K516f-5-11-12-5-5-3-12-7-2-6-3-7-5-9-2-11001.mid}}

\addcontentsline{toc}{subsection}{5-11-6-11-9-3-3-6-5-8-3-8-8-9-10-9001}
\begin{figure}[H]
	\centering
	\def\svgwidth{\columnwidth}
	\input{K516f-5-11-6-11-9-3-3-6-5-8-3-8-8-9-10-9001.pdf_tex}
\end{figure}
\nopagebreak[4]
{\footnotesize For audio (midi): \hyperref{./K516f-5-11-6-11-9-3-3-6-5-8-3-8-8-9-10-9001.mid}{}{}{K516f-5-11-6-11-9-3-3-6-5-8-3-8-8-9-10-9001.mid}}

\addcontentsline{toc}{subsection}{5-11-8-4-6-10-2-9-2-5-6-6-7-5-3-5001}
\begin{figure}[H]
	\centering
	\def\svgwidth{\columnwidth}
	\input{K516f-5-11-8-4-6-10-2-9-2-5-6-6-7-5-3-5001.pdf_tex}
\end{figure}
\nopagebreak[4]
{\footnotesize For audio (midi): \hyperref{./K516f-5-11-8-4-6-10-2-9-2-5-6-6-7-5-3-5001.mid}{}{}{K516f-5-11-8-4-6-10-2-9-2-5-6-6-7-5-3-5001.mid}}

\addcontentsline{toc}{subsection}{5-12-4-9-10-7-11-10-12-5-8-10-2-11-6-6001}
\begin{figure}[H]
	\centering
	\def\svgwidth{\columnwidth}
	\input{K516f-5-12-4-9-10-7-11-10-12-5-8-10-2-11-6-6001.pdf_tex}
\end{figure}
\nopagebreak[4]
{\footnotesize For audio (midi): \hyperref{./K516f-5-12-4-9-10-7-11-10-12-5-8-10-2-11-6-6001.mid}{}{}{K516f-5-12-4-9-10-7-11-10-12-5-8-10-2-11-6-6001.mid}}

\addcontentsline{toc}{subsection}{5-2-11-2-5-8-5-11-7-5-2-2-12-2-11-4001}
\begin{figure}[H]
	\centering
	\def\svgwidth{\columnwidth}
	\input{K516f-5-2-11-2-5-8-5-11-7-5-2-2-12-2-11-4001.pdf_tex}
\end{figure}
\nopagebreak[4]
{\footnotesize For audio (midi): \hyperref{./K516f-5-2-11-2-5-8-5-11-7-5-2-2-12-2-11-4001.mid}{}{}{K516f-5-2-11-2-5-8-5-11-7-5-2-2-12-2-11-4001.mid}}

\addcontentsline{toc}{subsection}{5-2-3-3-3-5-4-12-9-6-7-6-9-4-7-7001}
\begin{figure}[H]
	\centering
	\def\svgwidth{\columnwidth}
	\input{K516f-5-2-3-3-3-5-4-12-9-6-7-6-9-4-7-7001.pdf_tex}
\end{figure}
\nopagebreak[4]
{\footnotesize For audio (midi): \hyperref{./K516f-5-2-3-3-3-5-4-12-9-6-7-6-9-4-7-7001.mid}{}{}{K516f-5-2-3-3-3-5-4-12-9-6-7-6-9-4-7-7001.mid}}

\addcontentsline{toc}{subsection}{5-3-4-9-9-11-3-8-11-7-8-9-2-11-3-8001}
\begin{figure}[H]
	\centering
	\def\svgwidth{\columnwidth}
	\input{K516f-5-3-4-9-9-11-3-8-11-7-8-9-2-11-3-8001.pdf_tex}
\end{figure}
\nopagebreak[4]
{\footnotesize For audio (midi): \hyperref{./K516f-5-3-4-9-9-11-3-8-11-7-8-9-2-11-3-8001.mid}{}{}{K516f-5-3-4-9-9-11-3-8-11-7-8-9-2-11-3-8001.mid}}

\addcontentsline{toc}{subsection}{5-3-7-5-2-2-12-10-11-6-4-12-7-9-7-5001}
\begin{figure}[H]
	\centering
	\def\svgwidth{\columnwidth}
	\input{K516f-5-3-7-5-2-2-12-10-11-6-4-12-7-9-7-5001.pdf_tex}
\end{figure}
\nopagebreak[4]
{\footnotesize For audio (midi): \hyperref{./K516f-5-3-7-5-2-2-12-10-11-6-4-12-7-9-7-5001.mid}{}{}{K516f-5-3-7-5-2-2-12-10-11-6-4-12-7-9-7-5001.mid}}

\addcontentsline{toc}{subsection}{5-4-9-7-5-10-5-11-4-5-4-2-6-10-8-11001}
\begin{figure}[H]
	\centering
	\def\svgwidth{\columnwidth}
	\input{K516f-5-4-9-7-5-10-5-11-4-5-4-2-6-10-8-11001.pdf_tex}
\end{figure}
\nopagebreak[4]
{\footnotesize For audio (midi): \hyperref{./K516f-5-4-9-7-5-10-5-11-4-5-4-2-6-10-8-11001.mid}{}{}{K516f-5-4-9-7-5-10-5-11-4-5-4-2-6-10-8-11001.mid}}

\addcontentsline{toc}{subsection}{5-5-2-8-6-9-10-5-8-9-2-8-4-7-3-11001}
\begin{figure}[H]
	\centering
	\def\svgwidth{\columnwidth}
	\input{K516f-5-5-2-8-6-9-10-5-8-9-2-8-4-7-3-11001.pdf_tex}
\end{figure}
\nopagebreak[4]
{\footnotesize For audio (midi): \hyperref{./K516f-5-5-2-8-6-9-10-5-8-9-2-8-4-7-3-11001.mid}{}{}{K516f-5-5-2-8-6-9-10-5-8-9-2-8-4-7-3-11001.mid}}

\addcontentsline{toc}{subsection}{5-5-6-6-3-8-10-4-7-2-10-3-6-10-5-3001}
\begin{figure}[H]
	\centering
	\def\svgwidth{\columnwidth}
	\input{K516f-5-5-6-6-3-8-10-4-7-2-10-3-6-10-5-3001.pdf_tex}
\end{figure}
\nopagebreak[4]
{\footnotesize For audio (midi): \hyperref{./K516f-5-5-6-6-3-8-10-4-7-2-10-3-6-10-5-3001.mid}{}{}{K516f-5-5-6-6-3-8-10-4-7-2-10-3-6-10-5-3001.mid}}

\addcontentsline{toc}{subsection}{5-6-3-11-10-6-6-7-2-3-2-10-3-8-2-8001}
\begin{figure}[H]
	\centering
	\def\svgwidth{\columnwidth}
	\input{K516f-5-6-3-11-10-6-6-7-2-3-2-10-3-8-2-8001.pdf_tex}
\end{figure}
\nopagebreak[4]
{\footnotesize For audio (midi): \hyperref{./K516f-5-6-3-11-10-6-6-7-2-3-2-10-3-8-2-8001.mid}{}{}{K516f-5-6-3-11-10-6-6-7-2-3-2-10-3-8-2-8001.mid}}

\addcontentsline{toc}{subsection}{5-7-11-2-6-2-12-11-8-5-8-10-5-8-7-9001}
\begin{figure}[H]
	\centering
	\def\svgwidth{\columnwidth}
	\input{K516f-5-7-11-2-6-2-12-11-8-5-8-10-5-8-7-9001.pdf_tex}
\end{figure}
\nopagebreak[4]
{\footnotesize For audio (midi): \hyperref{./K516f-5-7-11-2-6-2-12-11-8-5-8-10-5-8-7-9001.mid}{}{}{K516f-5-7-11-2-6-2-12-11-8-5-8-10-5-8-7-9001.mid}}

\addcontentsline{toc}{subsection}{5-7-3-7-6-11-7-4-6-6-11-6-5-11-11-3001}
\begin{figure}[H]
	\centering
	\def\svgwidth{\columnwidth}
	\input{K516f-5-7-3-7-6-11-7-4-6-6-11-6-5-11-11-3001.pdf_tex}
\end{figure}
\nopagebreak[4]
{\footnotesize For audio (midi): \hyperref{./K516f-5-7-3-7-6-11-7-4-6-6-11-6-5-11-11-3001.mid}{}{}{K516f-5-7-3-7-6-11-7-4-6-6-11-6-5-11-11-3001.mid}}

\addcontentsline{toc}{subsection}{5-8-3-7-8-5-6-11-10-12-11-7-7-10-2-8001}
\begin{figure}[H]
	\centering
	\def\svgwidth{\columnwidth}
	\input{K516f-5-8-3-7-8-5-6-11-10-12-11-7-7-10-2-8001.pdf_tex}
\end{figure}
\nopagebreak[4]
{\footnotesize For audio (midi): \hyperref{./K516f-5-8-3-7-8-5-6-11-10-12-11-7-7-10-2-8001.mid}{}{}{K516f-5-8-3-7-8-5-6-11-10-12-11-7-7-10-2-8001.mid}}

\addcontentsline{toc}{subsection}{5-8-4-2-11-5-3-9-12-6-10-11-9-3-8-2001}
\begin{figure}[H]
	\centering
	\def\svgwidth{\columnwidth}
	\input{K516f-5-8-4-2-11-5-3-9-12-6-10-11-9-3-8-2001.pdf_tex}
\end{figure}
\nopagebreak[4]
{\footnotesize For audio (midi): \hyperref{./K516f-5-8-4-2-11-5-3-9-12-6-10-11-9-3-8-2001.mid}{}{}{K516f-5-8-4-2-11-5-3-9-12-6-10-11-9-3-8-2001.mid}}

\addcontentsline{toc}{subsection}{5-8-6-5-11-12-10-2-4-7-8-2-8-10-3-11001}
\begin{figure}[H]
	\centering
	\def\svgwidth{\columnwidth}
	\input{K516f-5-8-6-5-11-12-10-2-4-7-8-2-8-10-3-11001.pdf_tex}
\end{figure}
\nopagebreak[4]
{\footnotesize For audio (midi): \hyperref{./K516f-5-8-6-5-11-12-10-2-4-7-8-2-8-10-3-11001.mid}{}{}{K516f-5-8-6-5-11-12-10-2-4-7-8-2-8-10-3-11001.mid}}

\addcontentsline{toc}{subsection}{6-10-10-2-12-10-7-7-5-12-6-11-4-11-11-11001}
\begin{figure}[H]
	\centering
	\def\svgwidth{\columnwidth}
	\input{K516f-6-10-10-2-12-10-7-7-5-12-6-11-4-11-11-11001.pdf_tex}
\end{figure}
\nopagebreak[4]
{\footnotesize For audio (midi): \hyperref{./K516f-6-10-10-2-12-10-7-7-5-12-6-11-4-11-11-11001.mid}{}{}{K516f-6-10-10-2-12-10-7-7-5-12-6-11-4-11-11-11001.mid}}

\addcontentsline{toc}{subsection}{6-10-7-2-6-4-8-2-10-9-12-4-5-8-3-3001}
\begin{figure}[H]
	\centering
	\def\svgwidth{\columnwidth}
	\input{K516f-6-10-7-2-6-4-8-2-10-9-12-4-5-8-3-3001.pdf_tex}
\end{figure}
\nopagebreak[4]
{\footnotesize For audio (midi): \hyperref{./K516f-6-10-7-2-6-4-8-2-10-9-12-4-5-8-3-3001.mid}{}{}{K516f-6-10-7-2-6-4-8-2-10-9-12-4-5-8-3-3001.mid}}

\addcontentsline{toc}{subsection}{6-10-8-9-10-10-3-4-3-12-3-7-11-6-7-7001}
\begin{figure}[H]
	\centering
	\def\svgwidth{\columnwidth}
	\input{K516f-6-10-8-9-10-10-3-4-3-12-3-7-11-6-7-7001.pdf_tex}
\end{figure}
\nopagebreak[4]
{\footnotesize For audio (midi): \hyperref{./K516f-6-10-8-9-10-10-3-4-3-12-3-7-11-6-7-7001.mid}{}{}{K516f-6-10-8-9-10-10-3-4-3-12-3-7-11-6-7-7001.mid}}

\addcontentsline{toc}{subsection}{6-11-6-6-8-6-10-10-2-8-8-5-11-6-8-9001}
\begin{figure}[H]
	\centering
	\def\svgwidth{\columnwidth}
	\input{K516f-6-11-6-6-8-6-10-10-2-8-8-5-11-6-8-9001.pdf_tex}
\end{figure}
\nopagebreak[4]
{\footnotesize For audio (midi): \hyperref{./K516f-6-11-6-6-8-6-10-10-2-8-8-5-11-6-8-9001.mid}{}{}{K516f-6-11-6-6-8-6-10-10-2-8-8-5-11-6-8-9001.mid}}

\addcontentsline{toc}{subsection}{6-2-3-4-6-12-9-8-7-10-5-6-8-2-2-8001}
\begin{figure}[H]
	\centering
	\def\svgwidth{\columnwidth}
	\input{K516f-6-2-3-4-6-12-9-8-7-10-5-6-8-2-2-8001.pdf_tex}
\end{figure}
\nopagebreak[4]
{\footnotesize For audio (midi): \hyperref{./K516f-6-2-3-4-6-12-9-8-7-10-5-6-8-2-2-8001.mid}{}{}{K516f-6-2-3-4-6-12-9-8-7-10-5-6-8-2-2-8001.mid}}

\addcontentsline{toc}{subsection}{6-3-6-6-6-4-9-2-10-8-2-3-11-2-12-3001}
\begin{figure}[H]
	\centering
	\def\svgwidth{\columnwidth}
	\input{K516f-6-3-6-6-6-4-9-2-10-8-2-3-11-2-12-3001.pdf_tex}
\end{figure}
\nopagebreak[4]
{\footnotesize For audio (midi): \hyperref{./K516f-6-3-6-6-6-4-9-2-10-8-2-3-11-2-12-3001.mid}{}{}{K516f-6-3-6-6-6-4-9-2-10-8-2-3-11-2-12-3001.mid}}

\addcontentsline{toc}{subsection}{6-4-6-2-8-11-3-6-3-2-3-8-4-3-3-8001}
\begin{figure}[H]
	\centering
	\def\svgwidth{\columnwidth}
	\input{K516f-6-4-6-2-8-11-3-6-3-2-3-8-4-3-3-8001.pdf_tex}
\end{figure}
\nopagebreak[4]
{\footnotesize For audio (midi): \hyperref{./K516f-6-4-6-2-8-11-3-6-3-2-3-8-4-3-3-8001.mid}{}{}{K516f-6-4-6-2-8-11-3-6-3-2-3-8-4-3-3-8001.mid}}

\addcontentsline{toc}{subsection}{6-4-8-2-12-3-8-11-11-4-6-6-7-11-11-5001}
\begin{figure}[H]
	\centering
	\def\svgwidth{\columnwidth}
	\input{K516f-6-4-8-2-12-3-8-11-11-4-6-6-7-11-11-5001.pdf_tex}
\end{figure}
\nopagebreak[4]
{\footnotesize For audio (midi): \hyperref{./K516f-6-4-8-2-12-3-8-11-11-4-6-6-7-11-11-5001.mid}{}{}{K516f-6-4-8-2-12-3-8-11-11-4-6-6-7-11-11-5001.mid}}

\addcontentsline{toc}{subsection}{6-5-7-4-5-3-12-8-4-12-10-2-6-5-6-3001}
\begin{figure}[H]
	\centering
	\def\svgwidth{\columnwidth}
	\input{K516f-6-5-7-4-5-3-12-8-4-12-10-2-6-5-6-3001.pdf_tex}
\end{figure}
\nopagebreak[4]
{\footnotesize For audio (midi): \hyperref{./K516f-6-5-7-4-5-3-12-8-4-12-10-2-6-5-6-3001.mid}{}{}{K516f-6-5-7-4-5-3-12-8-4-12-10-2-6-5-6-3001.mid}}

\addcontentsline{toc}{subsection}{6-5-8-12-12-5-4-11-5-10-11-5-6-6-12-9001}
\begin{figure}[H]
	\centering
	\def\svgwidth{\columnwidth}
	\input{K516f-6-5-8-12-12-5-4-11-5-10-11-5-6-6-12-9001.pdf_tex}
\end{figure}
\nopagebreak[4]
{\footnotesize For audio (midi): \hyperref{./K516f-6-5-8-12-12-5-4-11-5-10-11-5-6-6-12-9001.mid}{}{}{K516f-6-5-8-12-12-5-4-11-5-10-11-5-6-6-12-9001.mid}}

\addcontentsline{toc}{subsection}{6-5-8-2-8-6-6-6-9-9-2-5-3-3-6-9001}
\begin{figure}[H]
	\centering
	\def\svgwidth{\columnwidth}
	\input{K516f-6-5-8-2-8-6-6-6-9-9-2-5-3-3-6-9001.pdf_tex}
\end{figure}
\nopagebreak[4]
{\footnotesize For audio (midi): \hyperref{./K516f-6-5-8-2-8-6-6-6-9-9-2-5-3-3-6-9001.mid}{}{}{K516f-6-5-8-2-8-6-6-6-9-9-2-5-3-3-6-9001.mid}}

\addcontentsline{toc}{subsection}{6-5-9-5-12-11-3-9-10-8-4-10-10-2-9-4001}
\begin{figure}[H]
	\centering
	\def\svgwidth{\columnwidth}
	\input{K516f-6-5-9-5-12-11-3-9-10-8-4-10-10-2-9-4001.pdf_tex}
\end{figure}
\nopagebreak[4]
{\footnotesize For audio (midi): \hyperref{./K516f-6-5-9-5-12-11-3-9-10-8-4-10-10-2-9-4001.mid}{}{}{K516f-6-5-9-5-12-11-3-9-10-8-4-10-10-2-9-4001.mid}}

\addcontentsline{toc}{subsection}{6-6-12-8-6-7-10-7-9-10-8-3-10-10-9-2001}
\begin{figure}[H]
	\centering
	\def\svgwidth{\columnwidth}
	\input{K516f-6-6-12-8-6-7-10-7-9-10-8-3-10-10-9-2001.pdf_tex}
\end{figure}
\nopagebreak[4]
{\footnotesize For audio (midi): \hyperref{./K516f-6-6-12-8-6-7-10-7-9-10-8-3-10-10-9-2001.mid}{}{}{K516f-6-6-12-8-6-7-10-7-9-10-8-3-10-10-9-2001.mid}}

\addcontentsline{toc}{subsection}{6-6-7-9-8-4-12-12-2-11-11-7-10-11-4-4001}
\begin{figure}[H]
	\centering
	\def\svgwidth{\columnwidth}
	\input{K516f-6-6-7-9-8-4-12-12-2-11-11-7-10-11-4-4001.pdf_tex}
\end{figure}
\nopagebreak[4]
{\footnotesize For audio (midi): \hyperref{./K516f-6-6-7-9-8-4-12-12-2-11-11-7-10-11-4-4001.mid}{}{}{K516f-6-6-7-9-8-4-12-12-2-11-11-7-10-11-4-4001.mid}}

\addcontentsline{toc}{subsection}{6-7-2-7-7-8-7-5-3-6-2-6-3-4-12-6001}
\begin{figure}[H]
	\centering
	\def\svgwidth{\columnwidth}
	\input{K516f-6-7-2-7-7-8-7-5-3-6-2-6-3-4-12-6001.pdf_tex}
\end{figure}
\nopagebreak[4]
{\footnotesize For audio (midi): \hyperref{./K516f-6-7-2-7-7-8-7-5-3-6-2-6-3-4-12-6001.mid}{}{}{K516f-6-7-2-7-7-8-7-5-3-6-2-6-3-4-12-6001.mid}}

\addcontentsline{toc}{subsection}{6-8-12-10-4-5-6-9-3-4-3-10-4-10-5-5001}
\begin{figure}[H]
	\centering
	\def\svgwidth{\columnwidth}
	\input{K516f-6-8-12-10-4-5-6-9-3-4-3-10-4-10-5-5001.pdf_tex}
\end{figure}
\nopagebreak[4]
{\footnotesize For audio (midi): \hyperref{./K516f-6-8-12-10-4-5-6-9-3-4-3-10-4-10-5-5001.mid}{}{}{K516f-6-8-12-10-4-5-6-9-3-4-3-10-4-10-5-5001.mid}}

\addcontentsline{toc}{subsection}{6-8-2-8-10-6-11-2-8-5-11-8-6-11-9-11001}
\begin{figure}[H]
	\centering
	\def\svgwidth{\columnwidth}
	\input{K516f-6-8-2-8-10-6-11-2-8-5-11-8-6-11-9-11001.pdf_tex}
\end{figure}
\nopagebreak[4]
{\footnotesize For audio (midi): \hyperref{./K516f-6-8-2-8-10-6-11-2-8-5-11-8-6-11-9-11001.mid}{}{}{K516f-6-8-2-8-10-6-11-2-8-5-11-8-6-11-9-11001.mid}}

\addcontentsline{toc}{subsection}{6-8-8-7-10-11-5-5-9-6-9-5-7-2-5-9001}
\begin{figure}[H]
	\centering
	\def\svgwidth{\columnwidth}
	\input{K516f-6-8-8-7-10-11-5-5-9-6-9-5-7-2-5-9001.pdf_tex}
\end{figure}
\nopagebreak[4]
{\footnotesize For audio (midi): \hyperref{./K516f-6-8-8-7-10-11-5-5-9-6-9-5-7-2-5-9001.mid}{}{}{K516f-6-8-8-7-10-11-5-5-9-6-9-5-7-2-5-9001.mid}}

\addcontentsline{toc}{subsection}{6-8-9-4-2-3-9-11-5-8-7-2-9-3-5-4001}
\begin{figure}[H]
	\centering
	\def\svgwidth{\columnwidth}
	\input{K516f-6-8-9-4-2-3-9-11-5-8-7-2-9-3-5-4001.pdf_tex}
\end{figure}
\nopagebreak[4]
{\footnotesize For audio (midi): \hyperref{./K516f-6-8-9-4-2-3-9-11-5-8-7-2-9-3-5-4001.mid}{}{}{K516f-6-8-9-4-2-3-9-11-5-8-7-2-9-3-5-4001.mid}}

\addcontentsline{toc}{subsection}{6-9-2-12-6-2-8-9-6-10-8-4-11-11-7-3001}
\begin{figure}[H]
	\centering
	\def\svgwidth{\columnwidth}
	\input{K516f-6-9-2-12-6-2-8-9-6-10-8-4-11-11-7-3001.pdf_tex}
\end{figure}
\nopagebreak[4]
{\footnotesize For audio (midi): \hyperref{./K516f-6-9-2-12-6-2-8-9-6-10-8-4-11-11-7-3001.mid}{}{}{K516f-6-9-2-12-6-2-8-9-6-10-8-4-11-11-7-3001.mid}}

\addcontentsline{toc}{subsection}{6-9-5-3-8-2-4-7-7-11-10-6-10-4-12-7001}
\begin{figure}[H]
	\centering
	\def\svgwidth{\columnwidth}
	\input{K516f-6-9-5-3-8-2-4-7-7-11-10-6-10-4-12-7001.pdf_tex}
\end{figure}
\nopagebreak[4]
{\footnotesize For audio (midi): \hyperref{./K516f-6-9-5-3-8-2-4-7-7-11-10-6-10-4-12-7001.mid}{}{}{K516f-6-9-5-3-8-2-4-7-7-11-10-6-10-4-12-7001.mid}}

\addcontentsline{toc}{subsection}{6-9-8-3-11-5-8-11-10-5-10-12-10-8-9-7001}
\begin{figure}[H]
	\centering
	\def\svgwidth{\columnwidth}
	\input{K516f-6-9-8-3-11-5-8-11-10-5-10-12-10-8-9-7001.pdf_tex}
\end{figure}
\nopagebreak[4]
{\footnotesize For audio (midi): \hyperref{./K516f-6-9-8-3-11-5-8-11-10-5-10-12-10-8-9-7001.mid}{}{}{K516f-6-9-8-3-11-5-8-11-10-5-10-12-10-8-9-7001.mid}}

\addcontentsline{toc}{subsection}{6-9-8-8-5-12-9-3-8-4-6-10-8-12-9-2001}
\begin{figure}[H]
	\centering
	\def\svgwidth{\columnwidth}
	\input{K516f-6-9-8-8-5-12-9-3-8-4-6-10-8-12-9-2001.pdf_tex}
\end{figure}
\nopagebreak[4]
{\footnotesize For audio (midi): \hyperref{./K516f-6-9-8-8-5-12-9-3-8-4-6-10-8-12-9-2001.mid}{}{}{K516f-6-9-8-8-5-12-9-3-8-4-6-10-8-12-9-2001.mid}}

\addcontentsline{toc}{subsection}{7-10-6-11-8-10-5-3-10-4-7-12-4-3-10-2001}
\begin{figure}[H]
	\centering
	\def\svgwidth{\columnwidth}
	\input{K516f-7-10-6-11-8-10-5-3-10-4-7-12-4-3-10-2001.pdf_tex}
\end{figure}
\nopagebreak[4]
{\footnotesize For audio (midi): \hyperref{./K516f-7-10-6-11-8-10-5-3-10-4-7-12-4-3-10-2001.mid}{}{}{K516f-7-10-6-11-8-10-5-3-10-4-7-12-4-3-10-2001.mid}}

\addcontentsline{toc}{subsection}{7-10-6-7-4-9-8-11-2-11-3-5-8-10-6-2001}
\begin{figure}[H]
	\centering
	\def\svgwidth{\columnwidth}
	\input{K516f-7-10-6-7-4-9-8-11-2-11-3-5-8-10-6-2001.pdf_tex}
\end{figure}
\nopagebreak[4]
{\footnotesize For audio (midi): \hyperref{./K516f-7-10-6-7-4-9-8-11-2-11-3-5-8-10-6-2001.mid}{}{}{K516f-7-10-6-7-4-9-8-11-2-11-3-5-8-10-6-2001.mid}}

\addcontentsline{toc}{subsection}{7-11-11-9-5-5-12-2-12-7-11-8-5-7-2-2001}
\begin{figure}[H]
	\centering
	\def\svgwidth{\columnwidth}
	\input{K516f-7-11-11-9-5-5-12-2-12-7-11-8-5-7-2-2001.pdf_tex}
\end{figure}
\nopagebreak[4]
{\footnotesize For audio (midi): \hyperref{./K516f-7-11-11-9-5-5-12-2-12-7-11-8-5-7-2-2001.mid}{}{}{K516f-7-11-11-9-5-5-12-2-12-7-11-8-5-7-2-2001.mid}}

\addcontentsline{toc}{subsection}{7-11-6-11-10-8-2-6-10-9-11-12-9-5-6-5001}
\begin{figure}[H]
	\centering
	\def\svgwidth{\columnwidth}
	\input{K516f-7-11-6-11-10-8-2-6-10-9-11-12-9-5-6-5001.pdf_tex}
\end{figure}
\nopagebreak[4]
{\footnotesize For audio (midi): \hyperref{./K516f-7-11-6-11-10-8-2-6-10-9-11-12-9-5-6-5001.mid}{}{}{K516f-7-11-6-11-10-8-2-6-10-9-11-12-9-5-6-5001.mid}}

\addcontentsline{toc}{subsection}{7-12-6-7-12-8-9-11-11-4-10-5-7-2-8-2001}
\begin{figure}[H]
	\centering
	\def\svgwidth{\columnwidth}
	\input{K516f-7-12-6-7-12-8-9-11-11-4-10-5-7-2-8-2001.pdf_tex}
\end{figure}
\nopagebreak[4]
{\footnotesize For audio (midi): \hyperref{./K516f-7-12-6-7-12-8-9-11-11-4-10-5-7-2-8-2001.mid}{}{}{K516f-7-12-6-7-12-8-9-11-11-4-10-5-7-2-8-2001.mid}}

\addcontentsline{toc}{subsection}{7-2-11-11-3-8-3-7-6-8-11-12-4-3-8-5001}
\begin{figure}[H]
	\centering
	\def\svgwidth{\columnwidth}
	\input{K516f-7-2-11-11-3-8-3-7-6-8-11-12-4-3-8-5001.pdf_tex}
\end{figure}
\nopagebreak[4]
{\footnotesize For audio (midi): \hyperref{./K516f-7-2-11-11-3-8-3-7-6-8-11-12-4-3-8-5001.mid}{}{}{K516f-7-2-11-11-3-8-3-7-6-8-11-12-4-3-8-5001.mid}}

\addcontentsline{toc}{subsection}{7-2-11-4-10-11-5-5-8-12-7-8-4-11-3-4001}
\begin{figure}[H]
	\centering
	\def\svgwidth{\columnwidth}
	\input{K516f-7-2-11-4-10-11-5-5-8-12-7-8-4-11-3-4001.pdf_tex}
\end{figure}
\nopagebreak[4]
{\footnotesize For audio (midi): \hyperref{./K516f-7-2-11-4-10-11-5-5-8-12-7-8-4-11-3-4001.mid}{}{}{K516f-7-2-11-4-10-11-5-5-8-12-7-8-4-11-3-4001.mid}}

\addcontentsline{toc}{subsection}{7-2-4-7-3-9-2-11-4-8-4-4-8-5-10-8001}
\begin{figure}[H]
	\centering
	\def\svgwidth{\columnwidth}
	\input{K516f-7-2-4-7-3-9-2-11-4-8-4-4-8-5-10-8001.pdf_tex}
\end{figure}
\nopagebreak[4]
{\footnotesize For audio (midi): \hyperref{./K516f-7-2-4-7-3-9-2-11-4-8-4-4-8-5-10-8001.mid}{}{}{K516f-7-2-4-7-3-9-2-11-4-8-4-4-8-5-10-8001.mid}}

\addcontentsline{toc}{subsection}{7-2-7-7-6-11-10-10-5-6-12-12-10-11-4-4001}
\begin{figure}[H]
	\centering
	\def\svgwidth{\columnwidth}
	\input{K516f-7-2-7-7-6-11-10-10-5-6-12-12-10-11-4-4001.pdf_tex}
\end{figure}
\nopagebreak[4]
{\footnotesize For audio (midi): \hyperref{./K516f-7-2-7-7-6-11-10-10-5-6-12-12-10-11-4-4001.mid}{}{}{K516f-7-2-7-7-6-11-10-10-5-6-12-12-10-11-4-4001.mid}}

\addcontentsline{toc}{subsection}{7-3-11-8-8-5-12-7-11-10-9-9-11-10-2-6001}
\begin{figure}[H]
	\centering
	\def\svgwidth{\columnwidth}
	\input{K516f-7-3-11-8-8-5-12-7-11-10-9-9-11-10-2-6001.pdf_tex}
\end{figure}
\nopagebreak[4]
{\footnotesize For audio (midi): \hyperref{./K516f-7-3-11-8-8-5-12-7-11-10-9-9-11-10-2-6001.mid}{}{}{K516f-7-3-11-8-8-5-12-7-11-10-9-9-11-10-2-6001.mid}}

\addcontentsline{toc}{subsection}{7-3-8-3-6-5-6-4-9-4-2-10-4-10-10-7001}
\begin{figure}[H]
	\centering
	\def\svgwidth{\columnwidth}
	\input{K516f-7-3-8-3-6-5-6-4-9-4-2-10-4-10-10-7001.pdf_tex}
\end{figure}
\nopagebreak[4]
{\footnotesize For audio (midi): \hyperref{./K516f-7-3-8-3-6-5-6-4-9-4-2-10-4-10-10-7001.mid}{}{}{K516f-7-3-8-3-6-5-6-4-9-4-2-10-4-10-10-7001.mid}}

\addcontentsline{toc}{subsection}{7-4-5-6-2-12-7-3-9-6-9-2-3-4-2-6001}
\begin{figure}[H]
	\centering
	\def\svgwidth{\columnwidth}
	\input{K516f-7-4-5-6-2-12-7-3-9-6-9-2-3-4-2-6001.pdf_tex}
\end{figure}
\nopagebreak[4]
{\footnotesize For audio (midi): \hyperref{./K516f-7-4-5-6-2-12-7-3-9-6-9-2-3-4-2-6001.mid}{}{}{K516f-7-4-5-6-2-12-7-3-9-6-9-2-3-4-2-6001.mid}}

\addcontentsline{toc}{subsection}{7-6-8-11-2-2-3-7-10-4-8-8-6-9-4-3001}
\begin{figure}[H]
	\centering
	\def\svgwidth{\columnwidth}
	\input{K516f-7-6-8-11-2-2-3-7-10-4-8-8-6-9-4-3001.pdf_tex}
\end{figure}
\nopagebreak[4]
{\footnotesize For audio (midi): \hyperref{./K516f-7-6-8-11-2-2-3-7-10-4-8-8-6-9-4-3001.mid}{}{}{K516f-7-6-8-11-2-2-3-7-10-4-8-8-6-9-4-3001.mid}}

\addcontentsline{toc}{subsection}{7-6-9-6-10-3-3-8-3-6-2-5-12-8-2-10001}
\begin{figure}[H]
	\centering
	\def\svgwidth{\columnwidth}
	\input{K516f-7-6-9-6-10-3-3-8-3-6-2-5-12-8-2-10001.pdf_tex}
\end{figure}
\nopagebreak[4]
{\footnotesize For audio (midi): \hyperref{./K516f-7-6-9-6-10-3-3-8-3-6-2-5-12-8-2-10001.mid}{}{}{K516f-7-6-9-6-10-3-3-8-3-6-2-5-12-8-2-10001.mid}}

\addcontentsline{toc}{subsection}{7-7-5-3-10-5-6-8-8-12-6-6-6-9-6-3001}
\begin{figure}[H]
	\centering
	\def\svgwidth{\columnwidth}
	\input{K516f-7-7-5-3-10-5-6-8-8-12-6-6-6-9-6-3001.pdf_tex}
\end{figure}
\nopagebreak[4]
{\footnotesize For audio (midi): \hyperref{./K516f-7-7-5-3-10-5-6-8-8-12-6-6-6-9-6-3001.mid}{}{}{K516f-7-7-5-3-10-5-6-8-8-12-6-6-6-9-6-3001.mid}}

\addcontentsline{toc}{subsection}{7-8-4-8-2-10-6-5-7-4-2-11-6-6-5-9001}
\begin{figure}[H]
	\centering
	\def\svgwidth{\columnwidth}
	\input{K516f-7-8-4-8-2-10-6-5-7-4-2-11-6-6-5-9001.pdf_tex}
\end{figure}
\nopagebreak[4]
{\footnotesize For audio (midi): \hyperref{./K516f-7-8-4-8-2-10-6-5-7-4-2-11-6-6-5-9001.mid}{}{}{K516f-7-8-4-8-2-10-6-5-7-4-2-11-6-6-5-9001.mid}}

\addcontentsline{toc}{subsection}{7-8-8-11-5-10-5-8-2-9-6-6-9-9-3-11001}
\begin{figure}[H]
	\centering
	\def\svgwidth{\columnwidth}
	\input{K516f-7-8-8-11-5-10-5-8-2-9-6-6-9-9-3-11001.pdf_tex}
\end{figure}
\nopagebreak[4]
{\footnotesize For audio (midi): \hyperref{./K516f-7-8-8-11-5-10-5-8-2-9-6-6-9-9-3-11001.mid}{}{}{K516f-7-8-8-11-5-10-5-8-2-9-6-6-9-9-3-11001.mid}}

\addcontentsline{toc}{subsection}{7-8-9-2-5-10-8-7-11-6-12-10-4-8-9-2001}
\begin{figure}[H]
	\centering
	\def\svgwidth{\columnwidth}
	\input{K516f-7-8-9-2-5-10-8-7-11-6-12-10-4-8-9-2001.pdf_tex}
\end{figure}
\nopagebreak[4]
{\footnotesize For audio (midi): \hyperref{./K516f-7-8-9-2-5-10-8-7-11-6-12-10-4-8-9-2001.mid}{}{}{K516f-7-8-9-2-5-10-8-7-11-6-12-10-4-8-9-2001.mid}}

\addcontentsline{toc}{subsection}{7-9-10-2-2-8-4-7-5-8-8-9-7-3-3-4001}
\begin{figure}[H]
	\centering
	\def\svgwidth{\columnwidth}
	\input{K516f-7-9-10-2-2-8-4-7-5-8-8-9-7-3-3-4001.pdf_tex}
\end{figure}
\nopagebreak[4]
{\footnotesize For audio (midi): \hyperref{./K516f-7-9-10-2-2-8-4-7-5-8-8-9-7-3-3-4001.mid}{}{}{K516f-7-9-10-2-2-8-4-7-5-8-8-9-7-3-3-4001.mid}}

\addcontentsline{toc}{subsection}{7-9-8-3-7-10-3-10-5-7-5-9-6-4-8-12001}
\begin{figure}[H]
	\centering
	\def\svgwidth{\columnwidth}
	\input{K516f-7-9-8-3-7-10-3-10-5-7-5-9-6-4-8-12001.pdf_tex}
\end{figure}
\nopagebreak[4]
{\footnotesize For audio (midi): \hyperref{./K516f-7-9-8-3-7-10-3-10-5-7-5-9-6-4-8-12001.mid}{}{}{K516f-7-9-8-3-7-10-3-10-5-7-5-9-6-4-8-12001.mid}}

\addcontentsline{toc}{subsection}{8-10-5-3-3-4-3-5-8-2-4-2-11-2-2-9001}
\begin{figure}[H]
	\centering
	\def\svgwidth{\columnwidth}
	\input{K516f-8-10-5-3-3-4-3-5-8-2-4-2-11-2-2-9001.pdf_tex}
\end{figure}
\nopagebreak[4]
{\footnotesize For audio (midi): \hyperref{./K516f-8-10-5-3-3-4-3-5-8-2-4-2-11-2-2-9001.mid}{}{}{K516f-8-10-5-3-3-4-3-5-8-2-4-2-11-2-2-9001.mid}}

\addcontentsline{toc}{subsection}{8-10-7-8-4-8-11-9-4-10-9-6-12-10-8-7001}
\begin{figure}[H]
	\centering
	\def\svgwidth{\columnwidth}
	\input{K516f-8-10-7-8-4-8-11-9-4-10-9-6-12-10-8-7001.pdf_tex}
\end{figure}
\nopagebreak[4]
{\footnotesize For audio (midi): \hyperref{./K516f-8-10-7-8-4-8-11-9-4-10-9-6-12-10-8-7001.mid}{}{}{K516f-8-10-7-8-4-8-11-9-4-10-9-6-12-10-8-7001.mid}}

\addcontentsline{toc}{subsection}{8-11-11-10-6-9-10-8-6-11-3-11-10-5-3-12001}
\begin{figure}[H]
	\centering
	\def\svgwidth{\columnwidth}
	\input{K516f-8-11-11-10-6-9-10-8-6-11-3-11-10-5-3-12001.pdf_tex}
\end{figure}
\nopagebreak[4]
{\footnotesize For audio (midi): \hyperref{./K516f-8-11-11-10-6-9-10-8-6-11-3-11-10-5-3-12001.mid}{}{}{K516f-8-11-11-10-6-9-10-8-6-11-3-11-10-5-3-12001.mid}}

\addcontentsline{toc}{subsection}{8-11-8-3-3-5-11-7-2-8-10-11-8-7-9-5001}
\begin{figure}[H]
	\centering
	\def\svgwidth{\columnwidth}
	\input{K516f-8-11-8-3-3-5-11-7-2-8-10-11-8-7-9-5001.pdf_tex}
\end{figure}
\nopagebreak[4]
{\footnotesize For audio (midi): \hyperref{./K516f-8-11-8-3-3-5-11-7-2-8-10-11-8-7-9-5001.mid}{}{}{K516f-8-11-8-3-3-5-11-7-2-8-10-11-8-7-9-5001.mid}}

\addcontentsline{toc}{subsection}{8-2-2-2-11-2-7-7-8-8-2-3-5-4-12-5001}
\begin{figure}[H]
	\centering
	\def\svgwidth{\columnwidth}
	\input{K516f-8-2-2-2-11-2-7-7-8-8-2-3-5-4-12-5001.pdf_tex}
\end{figure}
\nopagebreak[4]
{\footnotesize For audio (midi): \hyperref{./K516f-8-2-2-2-11-2-7-7-8-8-2-3-5-4-12-5001.mid}{}{}{K516f-8-2-2-2-11-2-7-7-8-8-2-3-5-4-12-5001.mid}}

\addcontentsline{toc}{subsection}{8-2-3-2-4-7-2-4-9-3-11-10-11-9-2-11001}
\begin{figure}[H]
	\centering
	\def\svgwidth{\columnwidth}
	\input{K516f-8-2-3-2-4-7-2-4-9-3-11-10-11-9-2-11001.pdf_tex}
\end{figure}
\nopagebreak[4]
{\footnotesize For audio (midi): \hyperref{./K516f-8-2-3-2-4-7-2-4-9-3-11-10-11-9-2-11001.mid}{}{}{K516f-8-2-3-2-4-7-2-4-9-3-11-10-11-9-2-11001.mid}}

\addcontentsline{toc}{subsection}{8-2-4-3-10-9-10-6-8-3-12-8-10-9-8-7001}
\begin{figure}[H]
	\centering
	\def\svgwidth{\columnwidth}
	\input{K516f-8-2-4-3-10-9-10-6-8-3-12-8-10-9-8-7001.pdf_tex}
\end{figure}
\nopagebreak[4]
{\footnotesize For audio (midi): \hyperref{./K516f-8-2-4-3-10-9-10-6-8-3-12-8-10-9-8-7001.mid}{}{}{K516f-8-2-4-3-10-9-10-6-8-3-12-8-10-9-8-7001.mid}}

\addcontentsline{toc}{subsection}{8-2-5-4-5-6-8-12-7-2-3-8-8-3-10-11001}
\begin{figure}[H]
	\centering
	\def\svgwidth{\columnwidth}
	\input{K516f-8-2-5-4-5-6-8-12-7-2-3-8-8-3-10-11001.pdf_tex}
\end{figure}
\nopagebreak[4]
{\footnotesize For audio (midi): \hyperref{./K516f-8-2-5-4-5-6-8-12-7-2-3-8-8-3-10-11001.mid}{}{}{K516f-8-2-5-4-5-6-8-12-7-2-3-8-8-3-10-11001.mid}}

\addcontentsline{toc}{subsection}{8-3-6-10-2-9-11-7-12-10-7-2-4-6-8-7001}
\begin{figure}[H]
	\centering
	\def\svgwidth{\columnwidth}
	\input{K516f-8-3-6-10-2-9-11-7-12-10-7-2-4-6-8-7001.pdf_tex}
\end{figure}
\nopagebreak[4]
{\footnotesize For audio (midi): \hyperref{./K516f-8-3-6-10-2-9-11-7-12-10-7-2-4-6-8-7001.mid}{}{}{K516f-8-3-6-10-2-9-11-7-12-10-7-2-4-6-8-7001.mid}}

\addcontentsline{toc}{subsection}{8-3-7-5-5-6-4-5-2-2-4-12-2-7-10-5001}
\begin{figure}[H]
	\centering
	\def\svgwidth{\columnwidth}
	\input{K516f-8-3-7-5-5-6-4-5-2-2-4-12-2-7-10-5001.pdf_tex}
\end{figure}
\nopagebreak[4]
{\footnotesize For audio (midi): \hyperref{./K516f-8-3-7-5-5-6-4-5-2-2-4-12-2-7-10-5001.mid}{}{}{K516f-8-3-7-5-5-6-4-5-2-2-4-12-2-7-10-5001.mid}}

\addcontentsline{toc}{subsection}{8-4-8-10-9-6-2-9-5-9-7-10-10-2-4-12001}
\begin{figure}[H]
	\centering
	\def\svgwidth{\columnwidth}
	\input{K516f-8-4-8-10-9-6-2-9-5-9-7-10-10-2-4-12001.pdf_tex}
\end{figure}
\nopagebreak[4]
{\footnotesize For audio (midi): \hyperref{./K516f-8-4-8-10-9-6-2-9-5-9-7-10-10-2-4-12001.mid}{}{}{K516f-8-4-8-10-9-6-2-9-5-9-7-10-10-2-4-12001.mid}}

\addcontentsline{toc}{subsection}{8-5-11-5-3-10-6-10-4-10-10-6-12-2-8-8001}
\begin{figure}[H]
	\centering
	\def\svgwidth{\columnwidth}
	\input{K516f-8-5-11-5-3-10-6-10-4-10-10-6-12-2-8-8001.pdf_tex}
\end{figure}
\nopagebreak[4]
{\footnotesize For audio (midi): \hyperref{./K516f-8-5-11-5-3-10-6-10-4-10-10-6-12-2-8-8001.mid}{}{}{K516f-8-5-11-5-3-10-6-10-4-10-10-6-12-2-8-8001.mid}}

\addcontentsline{toc}{subsection}{8-5-4-12-6-2-3-9-10-6-4-8-2-10-11-11001}
\begin{figure}[H]
	\centering
	\def\svgwidth{\columnwidth}
	\input{K516f-8-5-4-12-6-2-3-9-10-6-4-8-2-10-11-11001.pdf_tex}
\end{figure}
\nopagebreak[4]
{\footnotesize For audio (midi): \hyperref{./K516f-8-5-4-12-6-2-3-9-10-6-4-8-2-10-11-11001.mid}{}{}{K516f-8-5-4-12-6-2-3-9-10-6-4-8-2-10-11-11001.mid}}

\addcontentsline{toc}{subsection}{8-5-7-8-3-11-10-7-12-4-3-12-4-5-3-12001}
\begin{figure}[H]
	\centering
	\def\svgwidth{\columnwidth}
	\input{K516f-8-5-7-8-3-11-10-7-12-4-3-12-4-5-3-12001.pdf_tex}
\end{figure}
\nopagebreak[4]
{\footnotesize For audio (midi): \hyperref{./K516f-8-5-7-8-3-11-10-7-12-4-3-12-4-5-3-12001.mid}{}{}{K516f-8-5-7-8-3-11-10-7-12-4-3-12-4-5-3-12001.mid}}

\addcontentsline{toc}{subsection}{8-6-2-10-8-4-4-7-2-8-6-11-3-9-12-4001}
\begin{figure}[H]
	\centering
	\def\svgwidth{\columnwidth}
	\input{K516f-8-6-2-10-8-4-4-7-2-8-6-11-3-9-12-4001.pdf_tex}
\end{figure}
\nopagebreak[4]
{\footnotesize For audio (midi): \hyperref{./K516f-8-6-2-10-8-4-4-7-2-8-6-11-3-9-12-4001.mid}{}{}{K516f-8-6-2-10-8-4-4-7-2-8-6-11-3-9-12-4001.mid}}

\addcontentsline{toc}{subsection}{8-8-10-10-12-2-10-12-2-12-4-4-3-3-11-12001}
\begin{figure}[H]
	\centering
	\def\svgwidth{\columnwidth}
	\input{K516f-8-8-10-10-12-2-10-12-2-12-4-4-3-3-11-12001.pdf_tex}
\end{figure}
\nopagebreak[4]
{\footnotesize For audio (midi): \hyperref{./K516f-8-8-10-10-12-2-10-12-2-12-4-4-3-3-11-12001.mid}{}{}{K516f-8-8-10-10-12-2-10-12-2-12-4-4-3-3-11-12001.mid}}

\addcontentsline{toc}{subsection}{8-8-7-7-3-6-10-10-12-5-9-12-5-10-10-7001}
\begin{figure}[H]
	\centering
	\def\svgwidth{\columnwidth}
	\input{K516f-8-8-7-7-3-6-10-10-12-5-9-12-5-10-10-7001.pdf_tex}
\end{figure}
\nopagebreak[4]
{\footnotesize For audio (midi): \hyperref{./K516f-8-8-7-7-3-6-10-10-12-5-9-12-5-10-10-7001.mid}{}{}{K516f-8-8-7-7-3-6-10-10-12-5-9-12-5-10-10-7001.mid}}

\addcontentsline{toc}{subsection}{8-8-8-11-12-9-10-12-4-8-4-10-5-5-2-8001}
\begin{figure}[H]
	\centering
	\def\svgwidth{\columnwidth}
	\input{K516f-8-8-8-11-12-9-10-12-4-8-4-10-5-5-2-8001.pdf_tex}
\end{figure}
\nopagebreak[4]
{\footnotesize For audio (midi): \hyperref{./K516f-8-8-8-11-12-9-10-12-4-8-4-10-5-5-2-8001.mid}{}{}{K516f-8-8-8-11-12-9-10-12-4-8-4-10-5-5-2-8001.mid}}

\addcontentsline{toc}{subsection}{8-9-2-10-3-2-5-4-3-3-2-2-4-4-2-4001}
\begin{figure}[H]
	\centering
	\def\svgwidth{\columnwidth}
	\input{K516f-8-9-2-10-3-2-5-4-3-3-2-2-4-4-2-4001.pdf_tex}
\end{figure}
\nopagebreak[4]
{\footnotesize For audio (midi): \hyperref{./K516f-8-9-2-10-3-2-5-4-3-3-2-2-4-4-2-4001.mid}{}{}{K516f-8-9-2-10-3-2-5-4-3-3-2-2-4-4-2-4001.mid}}

\addcontentsline{toc}{subsection}{9-10-5-4-5-9-4-2-9-4-5-3-6-8-5-3001}
\begin{figure}[H]
	\centering
	\def\svgwidth{\columnwidth}
	\input{K516f-9-10-5-4-5-9-4-2-9-4-5-3-6-8-5-3001.pdf_tex}
\end{figure}
\nopagebreak[4]
{\footnotesize For audio (midi): \hyperref{./K516f-9-10-5-4-5-9-4-2-9-4-5-3-6-8-5-3001.mid}{}{}{K516f-9-10-5-4-5-9-4-2-9-4-5-3-6-8-5-3001.mid}}

\addcontentsline{toc}{subsection}{9-10-9-5-2-10-6-4-7-2-4-10-2-2-5-2001}
\begin{figure}[H]
	\centering
	\def\svgwidth{\columnwidth}
	\input{K516f-9-10-9-5-2-10-6-4-7-2-4-10-2-2-5-2001.pdf_tex}
\end{figure}
\nopagebreak[4]
{\footnotesize For audio (midi): \hyperref{./K516f-9-10-9-5-2-10-6-4-7-2-4-10-2-2-5-2001.mid}{}{}{K516f-9-10-9-5-2-10-6-4-7-2-4-10-2-2-5-2001.mid}}

\addcontentsline{toc}{subsection}{9-11-5-4-11-5-12-3-5-9-10-7-4-10-4-7001}
\begin{figure}[H]
	\centering
	\def\svgwidth{\columnwidth}
	\input{K516f-9-11-5-4-11-5-12-3-5-9-10-7-4-10-4-7001.pdf_tex}
\end{figure}
\nopagebreak[4]
{\footnotesize For audio (midi): \hyperref{./K516f-9-11-5-4-11-5-12-3-5-9-10-7-4-10-4-7001.mid}{}{}{K516f-9-11-5-4-11-5-12-3-5-9-10-7-4-10-4-7001.mid}}

\addcontentsline{toc}{subsection}{9-11-6-9-7-11-6-9-7-8-10-7-5-4-6-7001}
\begin{figure}[H]
	\centering
	\def\svgwidth{\columnwidth}
	\input{K516f-9-11-6-9-7-11-6-9-7-8-10-7-5-4-6-7001.pdf_tex}
\end{figure}
\nopagebreak[4]
{\footnotesize For audio (midi): \hyperref{./K516f-9-11-6-9-7-11-6-9-7-8-10-7-5-4-6-7001.mid}{}{}{K516f-9-11-6-9-7-11-6-9-7-8-10-7-5-4-6-7001.mid}}

\addcontentsline{toc}{subsection}{9-12-5-7-6-4-5-8-12-2-4-9-9-8-3-7001}
\begin{figure}[H]
	\centering
	\def\svgwidth{\columnwidth}
	\input{K516f-9-12-5-7-6-4-5-8-12-2-4-9-9-8-3-7001.pdf_tex}
\end{figure}
\nopagebreak[4]
{\footnotesize For audio (midi): \hyperref{./K516f-9-12-5-7-6-4-5-8-12-2-4-9-9-8-3-7001.mid}{}{}{K516f-9-12-5-7-6-4-5-8-12-2-4-9-9-8-3-7001.mid}}

\addcontentsline{toc}{subsection}{9-12-6-3-12-7-2-2-10-9-8-9-10-3-12-2001}
\begin{figure}[H]
	\centering
	\def\svgwidth{\columnwidth}
	\input{K516f-9-12-6-3-12-7-2-2-10-9-8-9-10-3-12-2001.pdf_tex}
\end{figure}
\nopagebreak[4]
{\footnotesize For audio (midi): \hyperref{./K516f-9-12-6-3-12-7-2-2-10-9-8-9-10-3-12-2001.mid}{}{}{K516f-9-12-6-3-12-7-2-2-10-9-8-9-10-3-12-2001.mid}}

\addcontentsline{toc}{subsection}{9-2-10-12-3-5-11-3-6-11-3-10-12-5-5-9001}
\begin{figure}[H]
	\centering
	\def\svgwidth{\columnwidth}
	\input{K516f-9-2-10-12-3-5-11-3-6-11-3-10-12-5-5-9001.pdf_tex}
\end{figure}
\nopagebreak[4]
{\footnotesize For audio (midi): \hyperref{./K516f-9-2-10-12-3-5-11-3-6-11-3-10-12-5-5-9001.mid}{}{}{K516f-9-2-10-12-3-5-11-3-6-11-3-10-12-5-5-9001.mid}}

\addcontentsline{toc}{subsection}{9-2-12-5-8-4-7-7-6-10-12-12-11-9-2-11001}
\begin{figure}[H]
	\centering
	\def\svgwidth{\columnwidth}
	\input{K516f-9-2-12-5-8-4-7-7-6-10-12-12-11-9-2-11001.pdf_tex}
\end{figure}
\nopagebreak[4]
{\footnotesize For audio (midi): \hyperref{./K516f-9-2-12-5-8-4-7-7-6-10-12-12-11-9-2-11001.mid}{}{}{K516f-9-2-12-5-8-4-7-7-6-10-12-12-11-9-2-11001.mid}}

\addcontentsline{toc}{subsection}{9-3-8-8-9-4-10-5-2-6-12-11-6-5-4-2001}
\begin{figure}[H]
	\centering
	\def\svgwidth{\columnwidth}
	\input{K516f-9-3-8-8-9-4-10-5-2-6-12-11-6-5-4-2001.pdf_tex}
\end{figure}
\nopagebreak[4]
{\footnotesize For audio (midi): \hyperref{./K516f-9-3-8-8-9-4-10-5-2-6-12-11-6-5-4-2001.mid}{}{}{K516f-9-3-8-8-9-4-10-5-2-6-12-11-6-5-4-2001.mid}}

\addcontentsline{toc}{subsection}{9-3-9-10-7-12-5-2-3-11-12-2-10-3-7-7001}
\begin{figure}[H]
	\centering
	\def\svgwidth{\columnwidth}
	\input{K516f-9-3-9-10-7-12-5-2-3-11-12-2-10-3-7-7001.pdf_tex}
\end{figure}
\nopagebreak[4]
{\footnotesize For audio (midi): \hyperref{./K516f-9-3-9-10-7-12-5-2-3-11-12-2-10-3-7-7001.mid}{}{}{K516f-9-3-9-10-7-12-5-2-3-11-12-2-10-3-7-7001.mid}}

\addcontentsline{toc}{subsection}{9-4-12-4-4-10-9-7-10-2-11-7-6-6-3-4001}
\begin{figure}[H]
	\centering
	\def\svgwidth{\columnwidth}
	\input{K516f-9-4-12-4-4-10-9-7-10-2-11-7-6-6-3-4001.pdf_tex}
\end{figure}
\nopagebreak[4]
{\footnotesize For audio (midi): \hyperref{./K516f-9-4-12-4-4-10-9-7-10-2-11-7-6-6-3-4001.mid}{}{}{K516f-9-4-12-4-4-10-9-7-10-2-11-7-6-6-3-4001.mid}}

\addcontentsline{toc}{subsection}{9-4-5-9-6-11-8-6-10-12-5-11-3-8-6-2001}
\begin{figure}[H]
	\centering
	\def\svgwidth{\columnwidth}
	\input{K516f-9-4-5-9-6-11-8-6-10-12-5-11-3-8-6-2001.pdf_tex}
\end{figure}
\nopagebreak[4]
{\footnotesize For audio (midi): \hyperref{./K516f-9-4-5-9-6-11-8-6-10-12-5-11-3-8-6-2001.mid}{}{}{K516f-9-4-5-9-6-11-8-6-10-12-5-11-3-8-6-2001.mid}}

\addcontentsline{toc}{subsection}{9-4-6-5-11-8-11-6-6-12-8-4-6-11-7-6001}
\begin{figure}[H]
	\centering
	\def\svgwidth{\columnwidth}
	\input{K516f-9-4-6-5-11-8-11-6-6-12-8-4-6-11-7-6001.pdf_tex}
\end{figure}
\nopagebreak[4]
{\footnotesize For audio (midi): \hyperref{./K516f-9-4-6-5-11-8-11-6-6-12-8-4-6-11-7-6001.mid}{}{}{K516f-9-4-6-5-11-8-11-6-6-12-8-4-6-11-7-6001.mid}}

\addcontentsline{toc}{subsection}{9-4-6-6-3-11-11-6-9-10-3-3-2-11-3-8001}
\begin{figure}[H]
	\centering
	\def\svgwidth{\columnwidth}
	\input{K516f-9-4-6-6-3-11-11-6-9-10-3-3-2-11-3-8001.pdf_tex}
\end{figure}
\nopagebreak[4]
{\footnotesize For audio (midi): \hyperref{./K516f-9-4-6-6-3-11-11-6-9-10-3-3-2-11-3-8001.mid}{}{}{K516f-9-4-6-6-3-11-11-6-9-10-3-3-2-11-3-8001.mid}}

\addcontentsline{toc}{subsection}{9-5-9-3-5-8-12-7-10-7-10-8-4-7-12-7001}
\begin{figure}[H]
	\centering
	\def\svgwidth{\columnwidth}
	\input{K516f-9-5-9-3-5-8-12-7-10-7-10-8-4-7-12-7001.pdf_tex}
\end{figure}
\nopagebreak[4]
{\footnotesize For audio (midi): \hyperref{./K516f-9-5-9-3-5-8-12-7-10-7-10-8-4-7-12-7001.mid}{}{}{K516f-9-5-9-3-5-8-12-7-10-7-10-8-4-7-12-7001.mid}}

\addcontentsline{toc}{subsection}{9-6-12-5-8-8-8-12-6-5-5-4-6-12-11-7001}
\begin{figure}[H]
	\centering
	\def\svgwidth{\columnwidth}
	\input{K516f-9-6-12-5-8-8-8-12-6-5-5-4-6-12-11-7001.pdf_tex}
\end{figure}
\nopagebreak[4]
{\footnotesize For audio (midi): \hyperref{./K516f-9-6-12-5-8-8-8-12-6-5-5-4-6-12-11-7001.mid}{}{}{K516f-9-6-12-5-8-8-8-12-6-5-5-4-6-12-11-7001.mid}}

\addcontentsline{toc}{subsection}{9-6-9-3-5-4-4-8-4-10-9-2-4-9-3-11001}
\begin{figure}[H]
	\centering
	\def\svgwidth{\columnwidth}
	\input{K516f-9-6-9-3-5-4-4-8-4-10-9-2-4-9-3-11001.pdf_tex}
\end{figure}
\nopagebreak[4]
{\footnotesize For audio (midi): \hyperref{./K516f-9-6-9-3-5-4-4-8-4-10-9-2-4-9-3-11001.mid}{}{}{K516f-9-6-9-3-5-4-4-8-4-10-9-2-4-9-3-11001.mid}}

\addcontentsline{toc}{subsection}{9-7-5-9-9-7-2-9-5-10-4-7-5-10-9-10001}
\begin{figure}[H]
	\centering
	\def\svgwidth{\columnwidth}
	\input{K516f-9-7-5-9-9-7-2-9-5-10-4-7-5-10-9-10001.pdf_tex}
\end{figure}
\nopagebreak[4]
{\footnotesize For audio (midi): \hyperref{./K516f-9-7-5-9-9-7-2-9-5-10-4-7-5-10-9-10001.mid}{}{}{K516f-9-7-5-9-9-7-2-9-5-10-4-7-5-10-9-10001.mid}}

\addcontentsline{toc}{subsection}{9-7-8-12-11-4-8-9-12-2-8-8-3-3-4-4001}
\begin{figure}[H]
	\centering
	\def\svgwidth{\columnwidth}
	\input{K516f-9-7-8-12-11-4-8-9-12-2-8-8-3-3-4-4001.pdf_tex}
\end{figure}
\nopagebreak[4]
{\footnotesize For audio (midi): \hyperref{./K516f-9-7-8-12-11-4-8-9-12-2-8-8-3-3-4-4001.mid}{}{}{K516f-9-7-8-12-11-4-8-9-12-2-8-8-3-3-4-4001.mid}}

\addcontentsline{toc}{subsection}{9-7-9-3-8-7-7-5-9-2-8-7-9-4-2-9001}
\begin{figure}[H]
	\centering
	\def\svgwidth{\columnwidth}
	\input{K516f-9-7-9-3-8-7-7-5-9-2-8-7-9-4-2-9001.pdf_tex}
\end{figure}
\nopagebreak[4]
{\footnotesize For audio (midi): \hyperref{./K516f-9-7-9-3-8-7-7-5-9-2-8-7-9-4-2-9001.mid}{}{}{K516f-9-7-9-3-8-7-7-5-9-2-8-7-9-4-2-9001.mid}}

\addcontentsline{toc}{subsection}{9-8-11-3-11-12-7-9-12-6-2-5-2-3-10-4001}
\begin{figure}[H]
	\centering
	\def\svgwidth{\columnwidth}
	\input{K516f-9-8-11-3-11-12-7-9-12-6-2-5-2-3-10-4001.pdf_tex}
\end{figure}
\nopagebreak[4]
{\footnotesize For audio (midi): \hyperref{./K516f-9-8-11-3-11-12-7-9-12-6-2-5-2-3-10-4001.mid}{}{}{K516f-9-8-11-3-11-12-7-9-12-6-2-5-2-3-10-4001.mid}}

\addcontentsline{toc}{subsection}{9-8-8-7-10-12-9-12-5-10-5-9-3-5-9-3001}
\begin{figure}[H]
	\centering
	\def\svgwidth{\columnwidth}
	\input{K516f-9-8-8-7-10-12-9-12-5-10-5-9-3-5-9-3001.pdf_tex}
\end{figure}
\nopagebreak[4]
{\footnotesize For audio (midi): \hyperref{./K516f-9-8-8-7-10-12-9-12-5-10-5-9-3-5-9-3001.mid}{}{}{K516f-9-8-8-7-10-12-9-12-5-10-5-9-3-5-9-3001.mid}}

\addcontentsline{toc}{subsection}{9-9-9-8-4-8-6-6-11-3-9-8-8-10-2-5001}
\begin{figure}[H]
	\centering
	\def\svgwidth{\columnwidth}
	\input{K516f-9-9-9-8-4-8-6-6-11-3-9-8-8-10-2-5001.pdf_tex}
\end{figure}
\nopagebreak[4]
{\footnotesize For audio (midi): \hyperref{./K516f-9-9-9-8-4-8-6-6-11-3-9-8-8-10-2-5001.mid}{}{}{K516f-9-9-9-8-4-8-6-6-11-3-9-8-8-10-2-5001.mid}}

